TN:
SF:/Users/qiushi.chen/Desktop/project/datamap_app/src/main.vue
FN:23,(anonymous_0)
FN:30,(anonymous_1)
FN:32,(anonymous_2)
FN:47,(anonymous_3)
FN:49,(anonymous_4)
FNF:5
FNH:5
FNDA:2,(anonymous_0)
FNDA:6,(anonymous_1)
FNDA:6,(anonymous_2)
FNDA:2,(anonymous_3)
FNDA:2,(anonymous_4)
DA:17,2
DA:23,2
DA:24,2
DA:25,2
DA:27,2
DA:30,2
DA:31,6
DA:32,6
DA:33,6
DA:34,3
DA:35,3
DA:36,3
DA:37,3
DA:38,3
DA:39,3
DA:41,3
DA:42,3
DA:43,3
DA:47,6
DA:49,2
DA:50,2
LF:21
LH:21
BRDA:25,0,0,2
BRDA:25,0,1,0
BRDA:33,1,0,3
BRDA:33,1,1,3
BRDA:33,2,0,6
BRDA:33,2,1,3
BRDA:35,3,0,3
BRDA:35,3,1,0
BRDA:38,4,0,3
BRDA:38,4,1,0
BRDA:39,5,0,3
BRDA:39,5,1,0
BRDA:41,6,0,3
BRDA:41,6,1,0
BRDA:42,7,0,3
BRDA:42,7,1,0
BRDA:43,8,0,3
BRDA:43,8,1,0
BRF:18
BRH:11
end_of_record
TN:
SF:/Users/qiushi.chen/Desktop/project/datamap_app/src/assets/vue/components/com-grobal-init.js
FN:26,(anonymous_0)
FNF:1
FNH:1
FNDA:1,(anonymous_0)
DA:25,1
DA:27,1
DA:28,1
DA:29,1
DA:30,1
DA:31,1
DA:32,1
DA:33,1
DA:34,1
DA:35,1
DA:36,1
DA:37,1
DA:38,1
DA:39,1
DA:40,1
DA:41,1
DA:42,1
DA:43,1
DA:44,1
DA:45,1
DA:46,1
DA:47,1
LF:22
LH:22
BRF:0
BRH:0
end_of_record
TN:
SF:/Users/qiushi.chen/Desktop/project/datamap_app/src/assets/vue/components/workspace/pie/data-pie.vue
FN:65,(anonymous_0)
FN:73,(anonymous_1)
FN:94,(anonymous_2)
FN:104,(anonymous_3)
FN:130,(anonymous_4)
FN:134,(anonymous_5)
FN:153,(anonymous_6)
FN:166,(anonymous_7)
FN:217,(anonymous_8)
FNF:9
FNH:0
FNDA:0,(anonymous_0)
FNDA:0,(anonymous_1)
FNDA:0,(anonymous_2)
FNDA:0,(anonymous_3)
FNDA:0,(anonymous_4)
FNDA:0,(anonymous_5)
FNDA:0,(anonymous_6)
FNDA:0,(anonymous_7)
FNDA:0,(anonymous_8)
DA:38,1
DA:39,1
DA:40,1
DA:41,1
DA:46,1
DA:62,1
DA:66,0
DA:71,0
DA:75,0
DA:76,0
DA:77,0
DA:80,0
DA:85,0
DA:86,0
DA:90,0
DA:93,0
DA:94,0
DA:95,0
DA:96,0
DA:98,0
DA:104,0
DA:107,0
DA:108,0
DA:109,0
DA:110,0
DA:111,0
DA:112,0
DA:115,0
DA:117,0
DA:118,0
DA:119,0
DA:120,0
DA:121,0
DA:123,0
DA:125,0
DA:126,0
DA:128,0
DA:129,0
DA:130,0
DA:131,0
DA:134,0
DA:135,0
DA:136,0
DA:137,0
DA:141,0
DA:142,0
DA:143,0
DA:144,0
DA:145,0
DA:146,0
DA:148,0
DA:149,0
DA:150,0
DA:151,0
DA:152,0
DA:153,0
DA:154,0
DA:156,0
DA:158,0
DA:159,0
DA:161,0
DA:162,0
DA:163,0
DA:164,0
DA:165,0
DA:166,0
DA:167,0
DA:168,0
DA:169,0
DA:170,0
DA:171,0
DA:172,0
DA:173,0
DA:174,0
DA:175,0
DA:176,0
DA:179,0
DA:180,0
DA:181,0
DA:182,0
DA:183,0
DA:184,0
DA:185,0
DA:187,0
DA:202,0
DA:203,0
DA:205,0
DA:206,0
DA:209,0
DA:218,0
DA:227,0
DA:228,0
DA:242,0
DA:249,0
DA:254,0
DA:255,0
LF:96
LH:6
BRDA:62,0,0,0
BRDA:62,0,1,1
BRDA:66,1,0,0
BRDA:66,1,1,0
BRDA:70,2,0,0
BRDA:75,3,0,0
BRDA:75,3,1,0
BRDA:86,4,0,0
BRDA:86,4,1,0
BRDA:86,5,0,0
BRDA:86,5,1,0
BRDA:89,6,0,0
BRDA:90,7,0,0
BRDA:90,7,1,0
BRDA:90,8,0,0
BRDA:90,8,1,0
BRDA:93,9,0,0
BRDA:93,9,1,0
BRDA:95,10,0,0
BRDA:95,10,1,0
BRDA:95,11,0,0
BRDA:95,11,1,0
BRDA:104,12,0,0
BRDA:104,12,1,0
BRDA:109,13,0,0
BRDA:109,13,1,0
BRDA:129,14,0,0
BRDA:129,14,1,0
BRDA:130,15,0,0
BRDA:130,15,1,0
BRDA:130,16,0,0
BRDA:130,16,1,0
BRDA:136,17,0,0
BRDA:136,17,1,0
BRDA:136,18,0,0
BRDA:136,18,1,0
BRDA:136,19,0,0
BRDA:136,19,1,0
BRDA:144,20,0,0
BRDA:144,20,1,0
BRDA:144,21,0,0
BRDA:144,21,1,0
BRDA:146,22,0,0
BRDA:146,22,1,0
BRDA:150,23,0,0
BRDA:150,23,1,0
BRDA:151,24,0,0
BRDA:151,24,1,0
BRDA:154,25,0,0
BRDA:154,25,1,0
BRDA:162,26,0,0
BRDA:162,26,1,0
BRDA:163,27,0,0
BRDA:163,27,1,0
BRDA:169,28,0,0
BRDA:169,28,1,0
BRDA:169,29,0,0
BRDA:169,29,1,0
BRDA:172,30,0,0
BRDA:172,30,1,0
BRDA:194,31,0,0
BRDA:194,31,1,0
BRDA:195,32,0,0
BRDA:195,32,1,0
BRDA:202,33,0,0
BRDA:202,33,1,0
BRDA:205,34,0,0
BRDA:205,34,1,0
BRDA:209,35,0,0
BRDA:209,35,1,0
BRDA:219,36,0,0
BRDA:219,36,1,0
BRDA:220,37,0,0
BRDA:220,37,1,0
BRDA:227,38,0,0
BRDA:227,38,1,0
BRDA:227,39,0,0
BRDA:227,39,1,0
BRDA:247,40,0,0
BRDA:247,40,1,0
BRF:80
BRH:1
end_of_record
TN:
SF:/Users/qiushi.chen/Desktop/project/datamap_app/src/assets/vue/components/workspace/radar/data-radar.vue
FN:59,(anonymous_0)
FN:67,(anonymous_1)
FN:74,(anonymous_2)
FN:91,(anonymous_3)
FN:121,(anonymous_4)
FN:137,(anonymous_5)
FN:139,(anonymous_6)
FN:205,(anonymous_7)
FNF:8
FNH:0
FNDA:0,(anonymous_0)
FNDA:0,(anonymous_1)
FNDA:0,(anonymous_2)
FNDA:0,(anonymous_3)
FNDA:0,(anonymous_4)
FNDA:0,(anonymous_5)
FNDA:0,(anonymous_6)
FNDA:0,(anonymous_7)
DA:34,1
DA:35,1
DA:36,1
DA:37,1
DA:42,1
DA:56,1
DA:60,0
DA:65,0
DA:68,0
DA:69,0
DA:73,0
DA:74,0
DA:75,0
DA:76,0
DA:78,0
DA:84,0
DA:85,0
DA:88,0
DA:91,0
DA:94,0
DA:95,0
DA:96,0
DA:97,0
DA:98,0
DA:99,0
DA:101,0
DA:103,0
DA:104,0
DA:105,0
DA:106,0
DA:107,0
DA:108,0
DA:109,0
DA:110,0
DA:111,0
DA:112,0
DA:114,0
DA:115,0
DA:116,0
DA:117,0
DA:118,0
DA:119,0
DA:120,0
DA:121,0
DA:122,0
DA:123,0
DA:124,0
DA:125,0
DA:127,0
DA:128,0
DA:129,0
DA:130,0
DA:133,0
DA:134,0
DA:135,0
DA:136,0
DA:137,0
DA:138,0
DA:139,0
DA:140,0
DA:141,0
DA:143,0
DA:144,0
DA:145,0
DA:146,0
DA:147,0
DA:148,0
DA:149,0
DA:151,0
DA:153,0
DA:154,0
DA:155,0
DA:156,0
DA:157,0
DA:158,0
DA:159,0
DA:160,0
DA:163,0
DA:190,0
DA:197,0
DA:206,0
DA:213,0
DA:221,0
DA:222,0
DA:235,0
DA:236,0
LF:86
LH:6
BRDA:56,0,0,0
BRDA:56,0,1,1
BRDA:60,1,0,0
BRDA:60,1,1,0
BRDA:64,2,0,0
BRDA:73,3,0,0
BRDA:73,3,1,0
BRDA:75,4,0,0
BRDA:75,4,1,0
BRDA:75,5,0,0
BRDA:75,5,1,0
BRDA:85,6,0,0
BRDA:85,6,1,0
BRDA:85,7,0,0
BRDA:85,7,1,0
BRDA:87,8,0,0
BRDA:88,9,0,0
BRDA:88,9,1,0
BRDA:88,10,0,0
BRDA:88,10,1,0
BRDA:91,11,0,0
BRDA:91,11,1,0
BRDA:112,12,0,0
BRDA:112,12,1,0
BRDA:116,13,0,0
BRDA:116,13,1,0
BRDA:116,14,0,0
BRDA:116,14,1,0
BRDA:117,15,0,0
BRDA:117,15,1,0
BRDA:119,16,0,0
BRDA:119,16,1,0
BRDA:122,17,0,0
BRDA:122,17,1,0
BRDA:123,18,0,0
BRDA:123,18,1,0
BRDA:123,19,0,0
BRDA:123,19,1,0
BRDA:124,20,0,0
BRDA:124,20,1,0
BRDA:129,21,0,0
BRDA:129,21,1,0
BRDA:130,22,0,0
BRDA:130,22,1,0
BRDA:134,23,0,0
BRDA:134,23,1,0
BRDA:135,24,0,0
BRDA:135,24,1,0
BRDA:140,25,0,0
BRDA:140,25,1,0
BRDA:144,26,0,0
BRDA:144,26,1,0
BRDA:144,27,0,0
BRDA:144,27,1,0
BRDA:147,28,0,0
BRDA:147,28,1,0
BRDA:184,29,0,0
BRDA:184,29,1,0
BRDA:195,30,0,0
BRDA:195,30,1,0
BRDA:197,31,0,0
BRDA:197,31,1,0
BRDA:207,32,0,0
BRDA:207,32,1,0
BRDA:208,33,0,0
BRDA:208,33,1,0
BRDA:221,34,0,0
BRDA:221,34,1,0
BRDA:221,35,0,0
BRDA:221,35,1,0
BRDA:225,36,0,0
BRDA:225,36,1,0
BRF:72
BRH:1
end_of_record
TN:
SF:/Users/qiushi.chen/Desktop/project/datamap_app/src/assets/vue/components/workspace/chart/data-bar.vue
FN:79,(anonymous_0)
FN:87,(anonymous_1)
FN:112,(anonymous_2)
FN:122,(anonymous_3)
FN:169,(anonymous_4)
FN:172,(anonymous_5)
FN:174,(anonymous_6)
FN:179,(anonymous_7)
FN:184,(anonymous_8)
FN:189,(anonymous_9)
FN:194,(anonymous_10)
FN:226,(anonymous_11)
FN:233,(anonymous_12)
FN:234,(anonymous_13)
FN:247,(anonymous_14)
FN:248,(anonymous_15)
FN:265,(anonymous_16)
FN:271,(anonymous_17)
FN:273,(anonymous_18)
FN:283,(anonymous_19)
FN:288,(anonymous_20)
FN:289,(anonymous_21)
FN:322,(anonymous_22)
FN:340,(anonymous_23)
FN:374,(anonymous_24)
FN:380,(anonymous_25)
FN:386,(anonymous_26)
FN:402,(anonymous_27)
FN:443,(anonymous_28)
FN:478,(anonymous_29)
FN:502,(anonymous_30)
FN:533,(anonymous_31)
FN:594,(anonymous_32)
FN:596,(anonymous_33)
FN:604,(anonymous_34)
FN:621,(anonymous_35)
FNF:36
FNH:0
FNDA:0,(anonymous_0)
FNDA:0,(anonymous_1)
FNDA:0,(anonymous_2)
FNDA:0,(anonymous_3)
FNDA:0,(anonymous_4)
FNDA:0,(anonymous_5)
FNDA:0,(anonymous_6)
FNDA:0,(anonymous_7)
FNDA:0,(anonymous_8)
FNDA:0,(anonymous_9)
FNDA:0,(anonymous_10)
FNDA:0,(anonymous_11)
FNDA:0,(anonymous_12)
FNDA:0,(anonymous_13)
FNDA:0,(anonymous_14)
FNDA:0,(anonymous_15)
FNDA:0,(anonymous_16)
FNDA:0,(anonymous_17)
FNDA:0,(anonymous_18)
FNDA:0,(anonymous_19)
FNDA:0,(anonymous_20)
FNDA:0,(anonymous_21)
FNDA:0,(anonymous_22)
FNDA:0,(anonymous_23)
FNDA:0,(anonymous_24)
FNDA:0,(anonymous_25)
FNDA:0,(anonymous_26)
FNDA:0,(anonymous_27)
FNDA:0,(anonymous_28)
FNDA:0,(anonymous_29)
FNDA:0,(anonymous_30)
FNDA:0,(anonymous_31)
FNDA:0,(anonymous_32)
FNDA:0,(anonymous_33)
FNDA:0,(anonymous_34)
FNDA:0,(anonymous_35)
DA:49,1
DA:50,1
DA:54,1
DA:55,1
DA:56,1
DA:57,1
DA:58,1
DA:63,1
DA:76,1
DA:80,0
DA:85,0
DA:88,0
DA:89,0
DA:93,0
DA:94,0
DA:98,0
DA:101,0
DA:103,0
DA:104,0
DA:105,0
DA:106,0
DA:108,0
DA:111,0
DA:112,0
DA:113,0
DA:114,0
DA:116,0
DA:122,0
DA:125,0
DA:126,0
DA:127,0
DA:128,0
DA:129,0
DA:130,0
DA:131,0
DA:132,0
DA:133,0
DA:134,0
DA:135,0
DA:136,0
DA:140,0
DA:142,0
DA:143,0
DA:144,0
DA:145,0
DA:146,0
DA:147,0
DA:148,0
DA:149,0
DA:150,0
DA:152,0
DA:154,0
DA:155,0
DA:156,0
DA:157,0
DA:158,0
DA:159,0
DA:161,0
DA:163,0
DA:164,0
DA:166,0
DA:167,0
DA:168,0
DA:169,0
DA:170,0
DA:171,0
DA:172,0
DA:173,0
DA:174,0
DA:175,0
DA:179,0
DA:180,0
DA:181,0
DA:182,0
DA:183,0
DA:184,0
DA:185,0
DA:186,0
DA:188,0
DA:189,0
DA:190,0
DA:191,0
DA:194,0
DA:197,0
DA:198,0
DA:199,0
DA:200,0
DA:201,0
DA:202,0
DA:203,0
DA:205,0
DA:206,0
DA:209,0
DA:211,0
DA:213,0
DA:226,0
DA:227,0
DA:228,0
DA:229,0
DA:230,0
DA:231,0
DA:232,0
DA:233,0
DA:234,0
DA:235,0
DA:236,0
DA:237,0
DA:238,0
DA:243,0
DA:244,0
DA:245,0
DA:246,0
DA:247,0
DA:248,0
DA:249,0
DA:250,0
DA:255,0
DA:257,0
DA:259,0
DA:260,0
DA:261,0
DA:262,0
DA:263,0
DA:265,0
DA:266,0
DA:267,0
DA:268,0
DA:269,0
DA:270,0
DA:271,0
DA:272,0
DA:273,0
DA:274,0
DA:277,0
DA:279,0
DA:281,0
DA:282,0
DA:283,0
DA:284,0
DA:285,0
DA:286,0
DA:288,0
DA:289,0
DA:293,0
DA:294,0
DA:295,0
DA:296,0
DA:297,0
DA:298,0
DA:299,0
DA:300,0
DA:301,0
DA:304,0
DA:305,0
DA:306,0
DA:307,0
DA:308,0
DA:309,0
DA:310,0
DA:311,0
DA:312,0
DA:314,0
DA:315,0
DA:316,0
DA:317,0
DA:318,0
DA:319,0
DA:320,0
DA:321,0
DA:322,0
DA:323,0
DA:324,0
DA:325,0
DA:326,0
DA:329,0
DA:341,0
DA:342,0
DA:343,0
DA:344,0
DA:346,0
DA:352,0
DA:358,0
DA:359,0
DA:360,0
DA:361,0
DA:362,0
DA:363,0
DA:364,0
DA:365,0
DA:366,0
DA:368,0
DA:369,0
DA:370,0
DA:371,0
DA:372,0
DA:374,0
DA:375,0
DA:376,0
DA:377,0
DA:378,0
DA:379,0
DA:380,0
DA:381,0
DA:382,0
DA:385,0
DA:386,0
DA:387,0
DA:388,0
DA:392,0
DA:393,0
DA:394,0
DA:395,0
DA:396,0
DA:397,0
DA:398,0
DA:399,0
DA:400,0
DA:402,0
DA:403,0
DA:404,0
DA:409,0
DA:410,0
DA:411,0
DA:413,0
DA:414,0
DA:416,0
DA:417,0
DA:418,0
DA:419,0
DA:420,0
DA:426,0
DA:428,0
DA:429,0
DA:430,0
DA:431,0
DA:433,0
DA:444,0
DA:445,0
DA:446,0
DA:447,0
DA:449,0
DA:455,0
DA:456,0
DA:458,0
DA:460,0
DA:461,0
DA:462,0
DA:464,0
DA:467,0
DA:468,0
DA:469,0
DA:470,0
DA:471,0
DA:472,0
DA:473,0
DA:476,0
DA:477,0
DA:478,0
DA:481,0
DA:500,0
DA:501,0
DA:502,0
DA:503,0
DA:505,0
DA:506,0
DA:509,0
DA:511,0
DA:512,0
DA:531,0
DA:532,0
DA:533,0
DA:534,0
DA:536,0
DA:537,0
DA:540,0
DA:543,0
DA:563,0
DA:564,0
DA:565,0
DA:568,0
DA:579,0
DA:586,0
DA:595,0
DA:596,0
DA:597,0
DA:603,0
DA:604,0
DA:605,0
DA:608,0
DA:614,0
DA:615,0
DA:620,0
DA:621,0
DA:622,0
DA:625,0
DA:633,0
DA:638,0
DA:639,0
DA:658,0
DA:660,0
DA:661,0
LF:301
LH:9
BRDA:76,0,0,0
BRDA:76,0,1,1
BRDA:80,1,0,0
BRDA:80,1,1,0
BRDA:84,2,0,0
BRDA:94,3,0,0
BRDA:94,3,1,0
BRDA:94,4,0,0
BRDA:94,4,1,0
BRDA:97,5,0,0
BRDA:98,6,0,0
BRDA:98,6,1,0
BRDA:98,7,0,0
BRDA:98,7,1,0
BRDA:103,8,0,0
BRDA:103,8,1,0
BRDA:103,9,0,0
BRDA:103,9,1,0
BRDA:105,10,0,0
BRDA:105,10,1,0
BRDA:105,11,0,0
BRDA:105,11,1,0
BRDA:111,12,0,0
BRDA:111,12,1,0
BRDA:113,13,0,0
BRDA:113,13,1,0
BRDA:113,14,0,0
BRDA:113,14,1,0
BRDA:122,15,0,0
BRDA:122,15,1,0
BRDA:130,16,0,0
BRDA:130,16,1,0
BRDA:134,17,0,0
BRDA:134,17,1,0
BRDA:157,18,0,0
BRDA:157,18,1,0
BRDA:158,19,0,0
BRDA:158,19,1,0
BRDA:167,20,0,0
BRDA:167,20,1,0
BRDA:171,21,0,0
BRDA:171,21,1,0
BRDA:173,22,0,0
BRDA:173,22,1,0
BRDA:174,23,0,0
BRDA:174,23,1,0
BRDA:175,24,0,0
BRDA:175,24,1,0
BRDA:175,25,0,0
BRDA:175,25,1,0
BRDA:180,26,0,0
BRDA:180,26,1,0
BRDA:180,27,0,0
BRDA:180,27,1,0
BRDA:181,28,0,0
BRDA:181,28,1,0
BRDA:183,29,0,0
BRDA:183,29,1,0
BRDA:188,30,0,0
BRDA:188,30,1,0
BRDA:191,31,0,0
BRDA:191,31,1,0
BRDA:198,32,0,0
BRDA:198,32,1,0
BRDA:202,33,0,0
BRDA:202,33,1,0
BRDA:203,34,0,0
BRDA:203,34,1,0
BRDA:206,35,0,0
BRDA:206,35,1,0
BRDA:213,36,0,0
BRDA:213,36,1,0
BRDA:226,37,0,0
BRDA:226,37,1,0
BRDA:228,38,0,0
BRDA:228,38,1,0
BRDA:231,39,0,0
BRDA:231,39,1,0
BRDA:235,40,0,0
BRDA:235,40,1,0
BRDA:244,41,0,0
BRDA:244,41,1,0
BRDA:244,42,0,0
BRDA:244,42,1,0
BRDA:248,43,0,0
BRDA:248,43,1,0
BRDA:261,44,0,0
BRDA:261,44,1,0
BRDA:262,45,0,0
BRDA:262,45,1,0
BRDA:263,46,0,0
BRDA:263,46,1,0
BRDA:263,47,0,0
BRDA:263,47,1,0
BRDA:268,48,0,0
BRDA:268,48,1,0
BRDA:270,49,0,0
BRDA:270,49,1,0
BRDA:272,50,0,0
BRDA:272,50,1,0
BRDA:273,51,0,0
BRDA:273,51,1,0
BRDA:274,52,0,0
BRDA:274,52,1,0
BRDA:274,53,0,0
BRDA:274,53,1,0
BRDA:279,54,0,0
BRDA:279,54,1,0
BRDA:282,55,0,0
BRDA:282,55,1,0
BRDA:283,56,0,0
BRDA:283,56,1,0
BRDA:285,57,0,0
BRDA:285,57,1,0
BRDA:285,58,0,0
BRDA:285,58,1,0
BRDA:285,58,2,0
BRDA:285,58,3,0
BRDA:285,58,4,0
BRDA:286,59,0,0
BRDA:286,59,1,0
BRDA:288,60,0,0
BRDA:288,60,1,0
BRDA:297,61,0,0
BRDA:297,61,1,0
BRDA:304,62,0,0
BRDA:304,62,1,0
BRDA:305,63,0,0
BRDA:305,63,1,0
BRDA:308,64,0,0
BRDA:308,64,1,0
BRDA:308,65,0,0
BRDA:308,65,1,0
BRDA:310,66,0,0
BRDA:310,66,1,0
BRDA:311,67,0,0
BRDA:311,67,1,0
BRDA:315,68,0,0
BRDA:315,68,1,0
BRDA:315,69,0,0
BRDA:315,69,1,0
BRDA:318,70,0,0
BRDA:318,70,1,0
BRDA:323,71,0,0
BRDA:323,71,1,0
BRDA:324,72,0,0
BRDA:324,72,1,0
BRDA:324,73,0,0
BRDA:324,73,1,0
BRDA:341,74,0,0
BRDA:341,74,1,0
BRDA:343,75,0,0
BRDA:343,75,1,0
BRDA:352,76,0,0
BRDA:352,76,1,0
BRDA:359,77,0,0
BRDA:359,77,1,0
BRDA:360,78,0,0
BRDA:360,78,1,0
BRDA:369,79,0,0
BRDA:369,79,1,0
BRDA:375,80,0,0
BRDA:375,80,1,0
BRDA:376,81,0,0
BRDA:376,81,1,0
BRDA:376,82,0,0
BRDA:376,82,1,0
BRDA:377,83,0,0
BRDA:377,83,1,0
BRDA:379,84,0,0
BRDA:379,84,1,0
BRDA:381,85,0,0
BRDA:381,85,1,0
BRDA:382,86,0,0
BRDA:382,86,1,0
BRDA:385,87,0,0
BRDA:385,87,1,0
BRDA:385,88,0,0
BRDA:385,88,1,0
BRDA:394,89,0,0
BRDA:394,89,1,0
BRDA:397,90,0,0
BRDA:397,90,1,0
BRDA:398,91,0,0
BRDA:398,91,1,0
BRDA:399,92,0,0
BRDA:399,92,1,0
BRDA:410,93,0,0
BRDA:410,93,1,0
BRDA:411,94,0,0
BRDA:411,94,1,0
BRDA:411,95,0,0
BRDA:411,95,1,0
BRDA:414,96,0,0
BRDA:414,96,1,0
BRDA:414,97,0,0
BRDA:414,97,1,0
BRDA:416,98,0,0
BRDA:416,98,1,0
BRDA:416,99,0,0
BRDA:416,99,1,0
BRDA:419,100,0,0
BRDA:419,100,1,0
BRDA:419,101,0,0
BRDA:419,101,1,0
BRDA:429,102,0,0
BRDA:429,102,1,0
BRDA:444,103,0,0
BRDA:444,103,1,0
BRDA:446,104,0,0
BRDA:446,104,1,0
BRDA:455,105,0,0
BRDA:455,105,1,0
BRDA:458,106,0,0
BRDA:458,106,1,0
BRDA:462,107,0,0
BRDA:462,107,1,0
BRDA:476,108,0,0
BRDA:476,108,1,0
BRDA:478,109,0,0
BRDA:478,109,1,0
BRDA:500,110,0,0
BRDA:500,110,1,0
BRDA:503,111,0,0
BRDA:503,111,1,0
BRDA:505,112,0,0
BRDA:505,112,1,0
BRDA:511,113,0,0
BRDA:511,113,1,0
BRDA:531,114,0,0
BRDA:531,114,1,0
BRDA:534,115,0,0
BRDA:534,115,1,0
BRDA:536,116,0,0
BRDA:536,116,1,0
BRDA:554,117,0,0
BRDA:554,117,1,0
BRDA:563,118,0,0
BRDA:563,118,1,0
BRDA:575,119,0,0
BRDA:575,119,1,0
BRDA:576,120,0,0
BRDA:576,120,1,0
BRDA:584,121,0,0
BRDA:584,121,1,0
BRDA:584,122,0,0
BRDA:584,122,1,0
BRDA:586,123,0,0
BRDA:586,123,1,0
BRDA:587,124,0,0
BRDA:587,124,1,0
BRDA:595,125,0,0
BRDA:595,125,1,0
BRDA:599,126,0,0
BRDA:599,126,1,0
BRDA:600,127,0,0
BRDA:600,127,1,0
BRDA:600,128,0,0
BRDA:600,128,1,0
BRDA:603,129,0,0
BRDA:603,129,1,0
BRDA:609,130,0,0
BRDA:609,130,1,0
BRDA:609,131,0,0
BRDA:609,131,1,0
BRDA:617,132,0,0
BRDA:617,132,1,0
BRDA:618,133,0,0
BRDA:618,133,1,0
BRDA:618,134,0,0
BRDA:618,134,1,0
BRDA:620,135,0,0
BRDA:620,135,1,0
BRDA:638,136,0,0
BRDA:638,136,1,0
BRDA:638,137,0,0
BRDA:638,137,1,0
BRF:277
BRH:1
end_of_record
TN:
SF:/Users/qiushi.chen/Desktop/project/datamap_app/src/assets/vue/components/workspace/table/display-table.vue
FN:55,(anonymous_0)
FN:72,(anonymous_1)
FN:81,(anonymous_2)
FN:83,(anonymous_3)
FN:86,(anonymous_4)
FN:88,(anonymous_5)
FNF:6
FNH:1
FNDA:1,(anonymous_0)
FNDA:0,(anonymous_1)
FNDA:0,(anonymous_2)
FNDA:0,(anonymous_3)
FNDA:0,(anonymous_4)
FNDA:0,(anonymous_5)
DA:38,2
DA:52,2
DA:56,1
DA:57,1
DA:62,0
DA:63,0
DA:64,0
DA:65,0
DA:67,0
DA:70,0
DA:73,0
DA:74,0
DA:78,0
DA:79,0
DA:80,0
DA:81,0
DA:82,0
DA:83,0
DA:84,0
DA:86,0
DA:87,0
DA:88,0
DA:90,0
DA:91,0
DA:93,0
DA:94,0
DA:95,0
DA:96,0
DA:97,0
LF:29
LH:4
BRDA:46,0,0,0
BRDA:46,0,1,2
BRDA:52,1,0,0
BRDA:52,1,1,2
BRDA:57,2,0,0
BRDA:57,2,1,1
BRDA:64,3,0,0
BRDA:64,3,1,0
BRDA:69,4,0,0
BRDA:79,5,0,0
BRDA:79,5,1,0
BRDA:80,6,0,0
BRDA:80,6,1,0
BRDA:81,7,0,0
BRDA:81,7,1,0
BRDA:96,8,0,0
BRDA:96,8,1,0
BRF:17
BRH:3
end_of_record
TN:
SF:/Users/qiushi.chen/Desktop/project/datamap_app/src/assets/vue/components/commons/md-pagination.vue
FN:47,(anonymous_0)
FNF:1
FNH:1
FNDA:1,(anonymous_0)
DA:36,1
DA:48,1
DA:49,1
DA:50,0
DA:51,0
DA:54,1
DA:55,1
DA:57,1
DA:61,1
DA:62,1
DA:63,1
DA:64,1
DA:67,0
DA:68,0
DA:70,1
DA:74,1
DA:77,4
DA:78,4
DA:80,2
DA:81,1
DA:82,1
DA:83,1
DA:84,1
DA:85,1
DA:87,2
DA:89,1
DA:90,1
DA:91,1
DA:92,1
DA:93,1
DA:94,0
DA:96,1
DA:98,1
DA:99,1
DA:100,1
DA:101,1
DA:102,0
DA:103,0
DA:105,1
DA:106,0
DA:107,0
DA:110,1
DA:111,1
DA:112,1
DA:115,1
DA:118,4
DA:119,3
DA:120,3
DA:124,5
DA:125,4
DA:126,2
DA:127,2
DA:129,2
DA:130,2
DA:131,2
DA:133,0
DA:134,0
DA:135,0
DA:139,1
DA:140,1
DA:141,0
DA:143,1
LF:62
LH:49
BRDA:49,0,0,0
BRDA:49,0,1,1
BRDA:62,1,0,1
BRDA:62,1,1,0
BRDA:74,2,0,1
BRDA:74,2,1,1
BRDA:78,3,0,2
BRDA:78,3,1,1
BRDA:78,3,2,1
BRDA:80,4,0,1
BRDA:80,4,1,1
BRDA:84,5,0,1
BRDA:84,5,1,0
BRDA:89,6,0,1
BRDA:89,6,1,0
BRDA:93,7,0,0
BRDA:93,7,1,1
BRDA:98,8,0,1
BRDA:98,8,1,0
BRDA:101,9,0,0
BRDA:101,9,1,1
BRDA:101,10,0,1
BRDA:101,10,1,0
BRDA:105,11,0,0
BRDA:105,11,1,1
BRDA:105,12,0,1
BRDA:105,12,1,0
BRDA:110,13,0,1
BRDA:110,13,1,0
BRDA:118,14,0,3
BRDA:118,14,1,1
BRDA:124,15,0,4
BRDA:124,15,1,1
BRDA:125,16,0,2
BRDA:125,16,1,2
BRDA:125,17,0,4
BRDA:125,17,1,2
BRDA:129,18,0,2
BRDA:129,18,1,0
BRDA:133,19,0,0
BRDA:133,19,1,0
BRF:41
BRH:27
end_of_record
TN:
SF:/Users/qiushi.chen/Desktop/project/datamap_app/src/assets/vue/components/workspace/table/hot-table.vue
FN:61,(anonymous_0)
FN:75,(anonymous_1)
FN:82,(anonymous_2)
FN:104,(anonymous_3)
FN:110,(anonymous_4)
FN:111,(anonymous_5)
FN:117,(anonymous_6)
FNF:7
FNH:1
FNDA:1,(anonymous_0)
FNDA:0,(anonymous_1)
FNDA:0,(anonymous_2)
FNDA:0,(anonymous_3)
FNDA:0,(anonymous_4)
FNDA:0,(anonymous_5)
FNDA:0,(anonymous_6)
DA:39,2
DA:58,2
DA:62,1
DA:63,1
DA:68,0
DA:69,0
DA:70,0
DA:71,0
DA:73,0
DA:74,0
DA:75,0
DA:76,0
DA:80,0
DA:83,0
DA:84,0
DA:88,0
DA:92,0
DA:93,0
DA:94,0
DA:95,0
DA:96,0
DA:97,0
DA:98,0
DA:99,0
DA:100,0
DA:101,0
DA:103,0
DA:104,0
DA:105,0
DA:106,0
DA:108,0
DA:109,0
DA:110,0
DA:111,0
DA:112,0
DA:114,0
DA:115,0
DA:117,0
DA:118,0
DA:119,0
DA:120,0
DA:121,0
DA:123,0
DA:124,0
DA:125,0
DA:126,0
DA:127,0
DA:130,0
DA:131,0
DA:132,0
DA:133,0
DA:134,0
DA:137,0
LF:53
LH:4
BRDA:49,0,0,0
BRDA:49,0,1,2
BRDA:58,1,0,0
BRDA:58,1,1,2
BRDA:63,2,0,0
BRDA:63,2,1,1
BRDA:70,3,0,0
BRDA:70,3,1,0
BRDA:79,4,0,0
BRDA:88,5,0,0
BRDA:88,5,1,0
BRDA:88,6,0,0
BRDA:88,6,1,0
BRDA:97,7,0,0
BRDA:97,7,1,0
BRDA:99,8,0,0
BRDA:99,8,1,0
BRDA:111,9,0,0
BRDA:111,9,1,0
BRDA:127,10,0,0
BRDA:127,10,1,0
BRDA:130,11,0,0
BRDA:130,11,1,0
BRDA:132,12,0,0
BRDA:132,12,1,0
BRDA:133,13,0,0
BRDA:133,13,1,0
BRF:27
BRH:3
end_of_record
TN:
SF:/Users/qiushi.chen/Desktop/project/datamap_app/src/assets/vue/components/workspace/table/table-load.vue
FN:57,(anonymous_0)
FN:77,(anonymous_1)
FN:87,(anonymous_2)
FN:88,(anonymous_3)
FN:92,(anonymous_4)
FN:104,(anonymous_5)
FN:117,(anonymous_6)
FN:119,(anonymous_7)
FN:135,(anonymous_8)
FN:138,(anonymous_9)
FNF:10
FNH:1
FNDA:1,(anonymous_0)
FNDA:0,(anonymous_1)
FNDA:0,(anonymous_2)
FNDA:0,(anonymous_3)
FNDA:0,(anonymous_4)
FNDA:0,(anonymous_5)
FNDA:0,(anonymous_6)
FNDA:0,(anonymous_7)
FNDA:0,(anonymous_8)
FNDA:0,(anonymous_9)
DA:41,2
DA:54,2
DA:58,1
DA:59,1
DA:67,0
DA:68,0
DA:69,0
DA:70,0
DA:72,0
DA:75,0
DA:78,0
DA:79,0
DA:83,0
DA:84,0
DA:86,0
DA:87,0
DA:88,0
DA:89,0
DA:92,0
DA:93,0
DA:94,0
DA:95,0
DA:97,0
DA:100,0
DA:101,0
DA:102,0
DA:103,0
DA:104,0
DA:105,0
DA:108,0
DA:109,0
DA:110,0
DA:111,0
DA:112,0
DA:114,0
DA:116,0
DA:117,0
DA:118,0
DA:119,0
DA:120,0
DA:122,0
DA:123,0
DA:124,0
DA:125,0
DA:128,0
DA:129,0
DA:131,0
DA:132,0
DA:133,0
DA:134,0
DA:135,0
DA:136,0
DA:138,0
DA:139,0
DA:140,0
DA:144,0
DA:145,0
DA:147,0
DA:148,0
DA:149,0
DA:150,0
LF:61
LH:4
BRDA:48,0,0,0
BRDA:48,0,1,2
BRDA:54,1,0,0
BRDA:54,1,1,2
BRDA:59,2,0,0
BRDA:59,2,1,1
BRDA:69,3,0,0
BRDA:69,3,1,0
BRDA:74,4,0,0
BRDA:87,5,0,0
BRDA:87,5,1,0
BRDA:88,6,0,0
BRDA:88,6,1,0
BRDA:92,7,0,0
BRDA:92,7,1,0
BRDA:101,8,0,0
BRDA:101,8,1,0
BRDA:103,9,0,0
BRDA:103,9,1,0
BRDA:108,10,0,0
BRDA:108,10,1,0
BRDA:110,11,0,0
BRDA:110,11,1,0
BRDA:120,12,0,0
BRDA:120,12,1,0
BRDA:123,13,0,0
BRDA:123,13,1,0
BRDA:124,14,0,0
BRDA:124,14,1,0
BRDA:128,15,0,0
BRDA:128,15,1,0
BRDA:134,16,0,0
BRDA:134,16,1,0
BRDA:144,17,0,0
BRDA:144,17,1,0
BRDA:149,18,0,0
BRDA:149,18,1,0
BRF:37
BRH:3
end_of_record
TN:
SF:/Users/qiushi.chen/Desktop/project/datamap_app/src/assets/vue/components/workspace/file-panel/file-load.vue
FNF:0
FNH:0
DA:9,1
LF:1
LH:1
BRF:0
BRH:0
end_of_record
TN:
SF:/Users/qiushi.chen/Desktop/project/datamap_app/src/assets/vue/components/workspace/index-panel/index.vue
FN:62,(anonymous_0)
FN:70,(anonymous_1)
FN:105,(anonymous_2)
FNF:3
FNH:0
FNDA:0,(anonymous_0)
FNDA:0,(anonymous_1)
FNDA:0,(anonymous_2)
DA:31,1
DA:32,1
DA:37,1
DA:59,1
DA:63,0
DA:68,0
DA:71,0
DA:72,0
DA:75,0
DA:76,0
DA:78,0
DA:82,0
DA:83,0
DA:87,0
DA:90,0
DA:91,0
DA:93,0
DA:94,0
DA:95,0
DA:96,0
DA:97,0
DA:99,0
DA:100,0
DA:101,0
DA:102,0
DA:103,0
DA:104,0
DA:105,0
DA:106,0
DA:107,0
DA:108,0
DA:109,0
DA:110,0
DA:111,0
DA:112,0
DA:113,0
DA:114,0
DA:115,0
DA:116,0
DA:117,0
DA:118,0
DA:119,0
DA:122,0
DA:123,0
DA:124,0
DA:126,0
DA:127,0
DA:128,0
DA:129,0
DA:131,0
DA:132,0
DA:133,0
DA:135,0
DA:136,0
DA:137,0
DA:138,0
DA:139,0
DA:145,0
DA:146,0
DA:147,0
DA:148,0
DA:153,0
DA:157,0
LF:63
LH:4
BRDA:59,0,0,0
BRDA:59,0,1,1
BRDA:63,1,0,0
BRDA:63,1,1,0
BRDA:67,2,0,0
BRDA:71,3,0,0
BRDA:71,3,1,0
BRDA:83,4,0,0
BRDA:83,4,1,0
BRDA:83,5,0,0
BRDA:83,5,1,0
BRDA:86,6,0,0
BRDA:87,7,0,0
BRDA:87,7,1,0
BRDA:87,8,0,0
BRDA:87,8,1,0
BRDA:90,9,0,0
BRDA:90,9,1,0
BRDA:101,10,0,0
BRDA:101,10,1,0
BRDA:109,11,0,0
BRDA:109,11,1,0
BRDA:111,12,0,0
BRDA:111,12,1,0
BRDA:111,13,0,0
BRDA:111,13,1,0
BRDA:111,14,0,0
BRDA:111,14,1,0
BRDA:113,15,0,0
BRDA:113,15,1,0
BRDA:114,16,0,0
BRDA:114,16,1,0
BRDA:114,17,0,0
BRDA:114,17,1,0
BRDA:117,18,0,0
BRDA:117,18,1,0
BRDA:136,19,0,0
BRDA:136,19,1,0
BRDA:138,20,0,0
BRDA:138,20,1,0
BRDA:147,21,0,0
BRDA:147,21,1,0
BRF:42
BRH:1
end_of_record
TN:
SF:/Users/qiushi.chen/Desktop/project/datamap_app/src/assets/vue/components/workspace/gauge/gauge-panel.vue
FN:49,(anonymous_0)
FN:57,(anonymous_1)
FN:72,(anonymous_2)
FN:82,(anonymous_3)
FN:156,(anonymous_4)
FN:232,(anonymous_5)
FNF:6
FNH:0
FNDA:0,(anonymous_0)
FNDA:0,(anonymous_1)
FNDA:0,(anonymous_2)
FNDA:0,(anonymous_3)
FNDA:0,(anonymous_4)
FNDA:0,(anonymous_5)
DA:29,1
DA:30,1
DA:35,1
DA:46,1
DA:50,0
DA:55,0
DA:58,0
DA:59,0
DA:63,0
DA:64,0
DA:68,0
DA:71,0
DA:72,0
DA:73,0
DA:74,0
DA:76,0
DA:82,0
DA:85,0
DA:86,0
DA:88,0
DA:89,0
DA:90,0
DA:91,0
DA:92,0
DA:94,0
DA:96,0
DA:97,0
DA:98,0
DA:100,0
DA:102,0
DA:103,0
DA:104,0
DA:105,0
DA:106,0
DA:107,0
DA:109,0
DA:110,0
DA:111,0
DA:112,0
DA:114,0
DA:115,0
DA:116,0
DA:118,0
DA:119,0
DA:120,0
DA:122,0
DA:123,0
DA:124,0
DA:125,0
DA:126,0
DA:127,0
DA:128,0
DA:129,0
DA:130,0
DA:131,0
DA:132,0
DA:133,0
DA:134,0
DA:135,0
DA:136,0
DA:137,0
DA:138,0
DA:139,0
DA:140,0
DA:142,0
DA:144,0
DA:146,0
DA:150,0
DA:151,0
DA:152,0
DA:154,0
DA:155,0
DA:156,0
DA:157,0
DA:158,0
DA:159,0
DA:163,0
DA:164,0
DA:197,0
DA:198,0
DA:199,0
DA:200,0
DA:201,0
DA:202,0
DA:208,0
DA:209,0
DA:210,0
DA:216,0
DA:217,0
DA:218,0
DA:220,0
DA:229,0
DA:230,0
DA:232,0
DA:244,0
DA:245,0
DA:246,0
DA:247,0
DA:248,0
DA:269,0
DA:277,0
DA:278,0
LF:102
LH:4
BRDA:46,0,0,0
BRDA:46,0,1,1
BRDA:50,1,0,0
BRDA:50,1,1,0
BRDA:54,2,0,0
BRDA:64,3,0,0
BRDA:64,3,1,0
BRDA:64,4,0,0
BRDA:64,4,1,0
BRDA:67,5,0,0
BRDA:68,6,0,0
BRDA:68,6,1,0
BRDA:68,7,0,0
BRDA:68,7,1,0
BRDA:71,8,0,0
BRDA:71,8,1,0
BRDA:73,9,0,0
BRDA:73,9,1,0
BRDA:73,10,0,0
BRDA:73,10,1,0
BRDA:82,11,0,0
BRDA:82,11,1,0
BRDA:91,12,0,0
BRDA:91,12,1,0
BRDA:92,13,0,0
BRDA:92,13,1,0
BRDA:110,14,0,0
BRDA:110,14,1,0
BRDA:112,15,0,0
BRDA:112,15,1,0
BRDA:112,16,0,0
BRDA:112,16,1,0
BRDA:112,17,0,0
BRDA:112,17,1,0
BRDA:114,18,0,0
BRDA:114,18,1,0
BRDA:115,19,0,0
BRDA:115,19,1,0
BRDA:115,20,0,0
BRDA:115,20,1,0
BRDA:116,21,0,0
BRDA:116,21,1,0
BRDA:116,22,0,0
BRDA:116,22,1,0
BRDA:116,23,0,0
BRDA:116,23,1,0
BRDA:118,24,0,0
BRDA:118,24,1,0
BRDA:119,25,0,0
BRDA:119,25,1,0
BRDA:126,26,0,0
BRDA:126,26,1,0
BRDA:127,27,0,0
BRDA:127,27,1,0
BRDA:129,28,0,0
BRDA:129,28,1,0
BRDA:131,29,0,0
BRDA:131,29,1,0
BRDA:151,30,0,0
BRDA:151,30,1,0
BRDA:157,31,0,0
BRDA:157,31,1,0
BRDA:163,32,0,0
BRDA:163,32,1,0
BRDA:167,33,0,0
BRDA:167,33,1,0
BRDA:170,34,0,0
BRDA:170,34,1,0
BRDA:198,35,0,0
BRDA:198,35,1,0
BRDA:198,36,0,0
BRDA:198,36,1,0
BRDA:198,36,2,0
BRDA:200,37,0,0
BRDA:200,37,1,0
BRDA:200,38,0,0
BRDA:200,38,1,0
BRDA:208,39,0,0
BRDA:208,39,1,0
BRDA:208,40,0,0
BRDA:208,40,1,0
BRDA:216,41,0,0
BRDA:216,41,1,0
BRDA:216,42,0,0
BRDA:216,42,1,0
BRDA:216,42,2,0
BRDA:229,43,0,0
BRDA:229,43,1,0
BRDA:232,44,0,0
BRDA:232,44,1,0
BRDA:244,45,0,0
BRDA:244,45,1,0
BRDA:244,46,0,0
BRDA:244,46,1,0
BRDA:246,47,0,0
BRDA:246,47,1,0
BRDA:246,48,0,0
BRDA:246,48,1,0
BRDA:274,49,0,0
BRDA:274,49,1,0
BRF:100
BRH:1
end_of_record
TN:
SF:/Users/qiushi.chen/Desktop/project/datamap_app/src/assets/vue/components/workspace/map/geo-visualization-map.vue
FN:96,(anonymous_0)
FN:111,(anonymous_1)
FN:132,(anonymous_2)
FN:139,(anonymous_3)
FN:158,(anonymous_4)
FN:168,(anonymous_5)
FN:179,(anonymous_6)
FN:185,(anonymous_7)
FN:187,(anonymous_8)
FN:189,(anonymous_9)
FN:205,(anonymous_10)
FN:208,(anonymous_11)
FN:209,(anonymous_12)
FN:239,(anonymous_13)
FN:243,(anonymous_14)
FN:252,(anonymous_15)
FN:261,(anonymous_16)
FN:264,(anonymous_17)
FN:281,(anonymous_18)
FN:282,(anonymous_19)
FN:308,(anonymous_20)
FN:312,(anonymous_21)
FN:318,(anonymous_22)
FN:326,(anonymous_23)
FN:327,(anonymous_24)
FN:342,(anonymous_25)
FN:346,(anonymous_26)
FN:353,(anonymous_27)
FN:354,(anonymous_28)
FN:359,(anonymous_29)
FN:365,(anonymous_30)
FN:368,(anonymous_31)
FN:388,(anonymous_32)
FN:405,(anonymous_33)
FN:416,(anonymous_34)
FN:421,(anonymous_35)
FN:427,(anonymous_36)
FN:439,(anonymous_37)
FN:505,(anonymous_38)
FN:514,(anonymous_39)
FN:543,(anonymous_40)
FN:552,(anonymous_41)
FN:586,(anonymous_42)
FN:588,(anonymous_43)
FN:589,(anonymous_44)
FN:611,(anonymous_45)
FN:612,(anonymous_46)
FN:617,(anonymous_47)
FN:618,(anonymous_48)
FN:619,(anonymous_49)
FN:624,(anonymous_50)
FN:647,(anonymous_51)
FN:680,(anonymous_52)
FN:729,(anonymous_53)
FN:738,(anonymous_54)
FN:756,(anonymous_55)
FNF:56
FNH:0
FNDA:0,(anonymous_0)
FNDA:0,(anonymous_1)
FNDA:0,(anonymous_2)
FNDA:0,(anonymous_3)
FNDA:0,(anonymous_4)
FNDA:0,(anonymous_5)
FNDA:0,(anonymous_6)
FNDA:0,(anonymous_7)
FNDA:0,(anonymous_8)
FNDA:0,(anonymous_9)
FNDA:0,(anonymous_10)
FNDA:0,(anonymous_11)
FNDA:0,(anonymous_12)
FNDA:0,(anonymous_13)
FNDA:0,(anonymous_14)
FNDA:0,(anonymous_15)
FNDA:0,(anonymous_16)
FNDA:0,(anonymous_17)
FNDA:0,(anonymous_18)
FNDA:0,(anonymous_19)
FNDA:0,(anonymous_20)
FNDA:0,(anonymous_21)
FNDA:0,(anonymous_22)
FNDA:0,(anonymous_23)
FNDA:0,(anonymous_24)
FNDA:0,(anonymous_25)
FNDA:0,(anonymous_26)
FNDA:0,(anonymous_27)
FNDA:0,(anonymous_28)
FNDA:0,(anonymous_29)
FNDA:0,(anonymous_30)
FNDA:0,(anonymous_31)
FNDA:0,(anonymous_32)
FNDA:0,(anonymous_33)
FNDA:0,(anonymous_34)
FNDA:0,(anonymous_35)
FNDA:0,(anonymous_36)
FNDA:0,(anonymous_37)
FNDA:0,(anonymous_38)
FNDA:0,(anonymous_39)
FNDA:0,(anonymous_40)
FNDA:0,(anonymous_41)
FNDA:0,(anonymous_42)
FNDA:0,(anonymous_43)
FNDA:0,(anonymous_44)
FNDA:0,(anonymous_45)
FNDA:0,(anonymous_46)
FNDA:0,(anonymous_47)
FNDA:0,(anonymous_48)
FNDA:0,(anonymous_49)
FNDA:0,(anonymous_50)
FNDA:0,(anonymous_51)
FNDA:0,(anonymous_52)
FNDA:0,(anonymous_53)
FNDA:0,(anonymous_54)
FNDA:0,(anonymous_55)
DA:47,1
DA:52,1
DA:56,1
DA:60,1
DA:61,1
DA:64,1
DA:69,1
DA:97,0
DA:101,1
DA:102,0
DA:107,0
DA:108,0
DA:109,0
DA:110,0
DA:111,0
DA:112,0
DA:117,0
DA:119,0
DA:120,0
DA:122,0
DA:124,0
DA:131,0
DA:132,0
DA:133,0
DA:137,0
DA:138,0
DA:139,0
DA:140,0
DA:141,0
DA:142,0
DA:143,0
DA:144,0
DA:145,0
DA:146,0
DA:150,0
DA:151,0
DA:152,0
DA:154,0
DA:155,0
DA:157,0
DA:158,0
DA:159,0
DA:160,0
DA:163,0
DA:164,0
DA:168,0
DA:169,0
DA:170,0
DA:171,0
DA:172,0
DA:177,0
DA:178,0
DA:179,0
DA:180,0
DA:182,0
DA:183,0
DA:184,0
DA:185,0
DA:186,0
DA:187,0
DA:189,0
DA:192,0
DA:193,0
DA:194,0
DA:196,0
DA:197,0
DA:199,0
DA:200,0
DA:201,0
DA:202,0
DA:205,0
DA:206,0
DA:207,0
DA:208,0
DA:209,0
DA:210,0
DA:211,0
DA:212,0
DA:213,0
DA:214,0
DA:215,0
DA:216,0
DA:217,0
DA:220,0
DA:221,0
DA:226,0
DA:227,0
DA:228,0
DA:229,0
DA:230,0
DA:238,0
DA:240,0
DA:242,0
DA:243,0
DA:244,0
DA:245,0
DA:247,0
DA:248,0
DA:251,0
DA:254,0
DA:255,0
DA:259,0
DA:260,0
DA:261,0
DA:262,0
DA:263,0
DA:264,0
DA:265,0
DA:268,0
DA:269,0
DA:270,0
DA:272,0
DA:274,0
DA:279,0
DA:280,0
DA:281,0
DA:282,0
DA:283,0
DA:284,0
DA:285,0
DA:286,0
DA:287,0
DA:289,0
DA:290,0
DA:293,0
DA:294,0
DA:296,0
DA:302,0
DA:307,0
DA:308,0
DA:309,0
DA:312,0
DA:313,0
DA:314,0
DA:316,0
DA:319,0
DA:320,0
DA:325,0
DA:326,0
DA:327,0
DA:328,0
DA:329,0
DA:331,0
DA:332,0
DA:334,0
DA:339,0
DA:340,0
DA:341,0
DA:342,0
DA:343,0
DA:344,0
DA:346,0
DA:347,0
DA:348,0
DA:350,0
DA:351,0
DA:352,0
DA:354,0
DA:355,0
DA:356,0
DA:357,0
DA:358,0
DA:359,0
DA:360,0
DA:364,0
DA:365,0
DA:366,0
DA:367,0
DA:368,0
DA:369,0
DA:370,0
DA:371,0
DA:372,0
DA:374,0
DA:375,0
DA:376,0
DA:377,0
DA:378,0
DA:386,0
DA:387,0
DA:388,0
DA:389,0
DA:390,0
DA:399,0
DA:402,0
DA:403,0
DA:404,0
DA:406,0
DA:407,0
DA:411,0
DA:412,0
DA:415,0
DA:416,0
DA:417,0
DA:422,0
DA:423,0
DA:425,0
DA:428,0
DA:429,0
DA:434,0
DA:437,0
DA:438,0
DA:439,0
DA:440,0
DA:441,0
DA:442,0
DA:443,0
DA:444,0
DA:445,0
DA:448,0
DA:450,0
DA:453,0
DA:454,0
DA:456,0
DA:457,0
DA:459,0
DA:460,0
DA:462,0
DA:463,0
DA:465,0
DA:468,0
DA:469,0
DA:470,0
DA:471,0
DA:472,0
DA:474,0
DA:475,0
DA:476,0
DA:477,0
DA:478,0
DA:479,0
DA:480,0
DA:481,0
DA:482,0
DA:484,0
DA:485,0
DA:489,0
DA:490,0
DA:491,0
DA:495,0
DA:496,0
DA:497,0
DA:498,0
DA:499,0
DA:500,0
DA:501,0
DA:502,0
DA:503,0
DA:504,0
DA:505,0
DA:506,0
DA:507,0
DA:513,0
DA:514,0
DA:515,0
DA:516,0
DA:517,0
DA:520,0
DA:521,0
DA:528,0
DA:529,0
DA:530,0
DA:533,0
DA:534,0
DA:535,0
DA:536,0
DA:537,0
DA:538,0
DA:539,0
DA:540,0
DA:541,0
DA:542,0
DA:543,0
DA:544,0
DA:545,0
DA:551,0
DA:552,0
DA:553,0
DA:554,0
DA:555,0
DA:558,0
DA:559,0
DA:566,0
DA:567,0
DA:568,0
DA:571,0
DA:572,0
DA:573,0
DA:574,0
DA:576,0
DA:577,0
DA:578,0
DA:579,0
DA:581,0
DA:582,0
DA:586,0
DA:587,0
DA:588,0
DA:589,0
DA:590,0
DA:591,0
DA:592,0
DA:594,0
DA:597,0
DA:600,0
DA:601,0
DA:602,0
DA:603,0
DA:604,0
DA:605,0
DA:608,0
DA:609,0
DA:610,0
DA:611,0
DA:612,0
DA:613,0
DA:614,0
DA:617,0
DA:618,0
DA:619,0
DA:620,0
DA:624,0
DA:625,0
DA:629,0
DA:630,0
DA:633,0
DA:634,0
DA:635,0
DA:636,0
DA:637,0
DA:638,0
DA:639,0
DA:640,0
DA:641,0
DA:642,0
DA:643,0
DA:644,0
DA:645,0
DA:646,0
DA:647,0
DA:648,0
DA:649,0
DA:650,0
DA:652,0
DA:654,0
DA:655,0
DA:656,0
DA:657,0
DA:658,0
DA:659,0
DA:660,0
DA:661,0
DA:662,0
DA:664,0
DA:665,0
DA:666,0
DA:667,0
DA:668,0
DA:673,0
DA:677,0
DA:678,0
DA:679,0
DA:680,0
DA:681,0
DA:682,0
DA:683,0
DA:685,0
DA:687,0
DA:688,0
DA:689,0
DA:690,0
DA:691,0
DA:692,0
DA:694,0
DA:697,0
DA:698,0
DA:699,0
DA:700,0
DA:701,0
DA:703,0
DA:704,0
DA:705,0
DA:706,0
DA:707,0
DA:708,0
DA:709,0
DA:710,0
DA:717,0
DA:720,0
DA:723,0
DA:724,0
DA:726,0
DA:727,0
DA:728,0
DA:729,0
DA:730,0
DA:731,0
DA:733,0
DA:735,0
DA:736,0
DA:737,0
DA:738,0
DA:739,0
DA:740,0
DA:742,0
DA:744,0
DA:745,0
DA:746,0
DA:748,0
DA:749,0
DA:750,0
DA:755,0
DA:756,0
DA:757,0
DA:758,0
DA:759,0
DA:762,0
DA:766,0
DA:767,0
DA:768,0
DA:769,0
DA:770,0
DA:771,0
DA:772,0
DA:773,0
DA:776,0
LF:426
LH:8
BRDA:101,0,0,0
BRDA:101,0,1,1
BRDA:108,1,0,0
BRDA:108,1,1,0
BRDA:108,2,0,0
BRDA:108,2,1,0
BRDA:114,3,0,0
BRDA:114,3,1,0
BRDA:114,4,0,0
BRDA:114,4,1,0
BRDA:119,5,0,0
BRDA:119,5,1,0
BRDA:122,6,0,0
BRDA:122,6,1,0
BRDA:122,7,0,0
BRDA:122,7,1,0
BRDA:140,8,0,0
BRDA:140,8,1,0
BRDA:141,9,0,0
BRDA:141,9,1,0
BRDA:143,10,0,0
BRDA:143,10,1,0
BRDA:145,11,0,0
BRDA:145,11,1,0
BRDA:151,12,0,0
BRDA:151,12,1,0
BRDA:154,13,0,0
BRDA:154,13,1,0
BRDA:157,14,0,0
BRDA:157,14,1,0
BRDA:169,15,0,0
BRDA:169,15,1,0
BRDA:182,16,0,0
BRDA:182,16,1,0
BRDA:183,17,0,0
BRDA:183,17,1,0
BRDA:185,18,0,0
BRDA:185,18,1,0
BRDA:186,19,0,0
BRDA:186,19,1,0
BRDA:193,20,0,0
BRDA:193,20,1,0
BRDA:196,21,0,0
BRDA:196,21,1,0
BRDA:199,22,0,0
BRDA:199,22,1,0
BRDA:201,23,0,0
BRDA:201,23,1,0
BRDA:206,24,0,0
BRDA:206,24,1,0
BRDA:210,25,0,0
BRDA:210,25,1,0
BRDA:212,26,0,0
BRDA:212,26,1,0
BRDA:214,27,0,0
BRDA:214,27,1,0
BRDA:214,28,0,0
BRDA:214,28,1,0
BRDA:215,29,0,0
BRDA:215,29,1,0
BRDA:226,30,0,0
BRDA:226,30,1,0
BRDA:227,31,0,0
BRDA:227,31,1,0
BRDA:228,32,0,0
BRDA:228,32,1,0
BRDA:259,33,0,0
BRDA:259,33,1,0
BRDA:272,34,0,0
BRDA:272,34,1,0
BRDA:279,35,0,0
BRDA:279,35,1,0
BRDA:294,36,0,0
BRDA:294,36,1,0
BRDA:309,37,0,0
BRDA:309,37,1,0
BRDA:313,38,0,0
BRDA:313,38,1,0
BRDA:313,39,0,0
BRDA:313,39,1,0
BRDA:314,40,0,0
BRDA:314,40,1,0
BRDA:316,41,0,0
BRDA:316,41,1,0
BRDA:320,42,0,0
BRDA:320,42,1,0
BRDA:328,43,0,0
BRDA:328,43,1,0
BRDA:331,44,0,0
BRDA:331,44,1,0
BRDA:355,45,0,0
BRDA:355,45,1,0
BRDA:357,46,0,0
BRDA:357,46,1,0
BRDA:358,47,0,0
BRDA:358,47,1,0
BRDA:370,48,0,0
BRDA:370,48,1,0
BRDA:371,49,0,0
BRDA:371,49,1,0
BRDA:372,50,0,0
BRDA:372,50,1,0
BRDA:374,51,0,0
BRDA:374,51,1,0
BRDA:375,52,0,0
BRDA:375,52,1,0
BRDA:387,53,0,0
BRDA:387,53,1,0
BRDA:403,54,0,0
BRDA:403,54,1,0
BRDA:404,55,0,0
BRDA:404,55,1,0
BRDA:407,56,0,0
BRDA:407,56,1,0
BRDA:411,57,0,0
BRDA:411,57,1,0
BRDA:422,58,0,0
BRDA:422,58,1,0
BRDA:422,59,0,0
BRDA:422,59,1,0
BRDA:423,60,0,0
BRDA:423,60,1,0
BRDA:425,61,0,0
BRDA:425,61,1,0
BRDA:429,62,0,0
BRDA:429,62,1,0
BRDA:438,63,0,0
BRDA:438,63,1,0
BRDA:440,64,0,0
BRDA:440,64,1,0
BRDA:440,64,2,0
BRDA:442,65,0,0
BRDA:442,65,1,0
BRDA:443,66,0,0
BRDA:443,66,1,0
BRDA:448,67,0,0
BRDA:448,67,1,0
BRDA:454,68,0,0
BRDA:454,68,1,0
BRDA:454,68,2,0
BRDA:468,69,0,0
BRDA:468,69,1,0
BRDA:470,70,0,0
BRDA:470,70,1,0
BRDA:471,71,0,0
BRDA:471,71,1,0
BRDA:475,72,0,0
BRDA:475,72,1,0
BRDA:477,73,0,0
BRDA:477,73,1,0
BRDA:479,74,0,0
BRDA:479,74,1,0
BRDA:479,75,0,0
BRDA:479,75,1,0
BRDA:479,75,2,0
BRDA:481,76,0,0
BRDA:481,76,1,0
BRDA:481,77,0,0
BRDA:481,77,1,0
BRDA:484,78,0,0
BRDA:484,78,1,0
BRDA:489,79,0,0
BRDA:489,79,1,0
BRDA:489,80,0,0
BRDA:489,80,1,0
BRDA:489,80,2,0
BRDA:490,81,0,0
BRDA:490,81,1,0
BRDA:495,82,0,0
BRDA:495,82,1,0
BRDA:497,83,0,0
BRDA:497,83,1,0
BRDA:499,84,0,0
BRDA:499,84,1,0
BRDA:501,85,0,0
BRDA:501,85,1,0
BRDA:503,86,0,0
BRDA:503,86,1,0
BRDA:513,87,0,0
BRDA:513,87,1,0
BRDA:516,88,0,0
BRDA:516,88,1,0
BRDA:529,89,0,0
BRDA:529,89,1,0
BRDA:533,90,0,0
BRDA:533,90,1,0
BRDA:535,91,0,0
BRDA:535,91,1,0
BRDA:537,92,0,0
BRDA:537,92,1,0
BRDA:539,93,0,0
BRDA:539,93,1,0
BRDA:541,94,0,0
BRDA:541,94,1,0
BRDA:551,95,0,0
BRDA:551,95,1,0
BRDA:554,96,0,0
BRDA:554,96,1,0
BRDA:567,97,0,0
BRDA:567,97,1,0
BRDA:571,98,0,0
BRDA:571,98,1,0
BRDA:572,99,0,0
BRDA:572,99,1,0
BRDA:576,100,0,0
BRDA:576,100,1,0
BRDA:577,101,0,0
BRDA:577,101,1,0
BRDA:578,102,0,0
BRDA:578,102,1,0
BRDA:581,103,0,0
BRDA:581,103,1,0
BRDA:586,104,0,0
BRDA:586,104,1,0
BRDA:588,105,0,0
BRDA:588,105,1,0
BRDA:589,106,0,0
BRDA:589,106,1,0
BRDA:590,107,0,0
BRDA:590,107,1,0
BRDA:620,108,0,0
BRDA:620,108,1,0
BRDA:620,108,2,0
BRDA:620,108,3,0
BRDA:625,109,0,0
BRDA:625,109,1,0
BRDA:625,109,2,0
BRDA:625,109,3,0
BRDA:630,110,0,0
BRDA:630,110,1,0
BRDA:630,110,2,0
BRDA:633,111,0,0
BRDA:633,111,1,0
BRDA:649,112,0,0
BRDA:649,112,1,0
BRDA:649,113,0,0
BRDA:649,113,1,0
BRDA:654,114,0,0
BRDA:654,114,1,0
BRDA:677,115,0,0
BRDA:677,115,1,0
BRDA:679,116,0,0
BRDA:679,116,1,0
BRDA:682,117,0,0
BRDA:682,117,1,0
BRDA:682,118,0,0
BRDA:682,118,1,0
BRDA:688,119,0,0
BRDA:688,119,1,0
BRDA:689,120,0,0
BRDA:689,120,1,0
BRDA:691,121,0,0
BRDA:691,121,1,0
BRDA:704,122,0,0
BRDA:704,122,1,0
BRDA:708,123,0,0
BRDA:708,123,1,0
BRDA:723,124,0,0
BRDA:723,124,1,0
BRDA:726,125,0,0
BRDA:726,125,1,0
BRDA:735,126,0,0
BRDA:735,126,1,0
BRDA:744,127,0,0
BRDA:744,127,1,0
BRDA:748,128,0,0
BRDA:748,128,1,0
BRDA:757,129,0,0
BRDA:757,129,1,0
BRDA:767,130,0,0
BRDA:767,130,1,0
BRDA:773,131,0,0
BRDA:773,131,1,0
BRF:273
BRH:1
end_of_record
TN:
SF:/Users/qiushi.chen/Desktop/project/datamap_app/src/assets/vue/components/commons/map-panel.vue
FN:44,(anonymous_0)
FNF:1
FNH:1
FNDA:1,(anonymous_0)
DA:18,1
DA:19,1
DA:20,1
DA:21,1
DA:22,1
DA:27,1
DA:45,1
DA:49,1
DA:50,1
DA:51,1
DA:56,1
DA:57,1
DA:64,1
DA:65,1
DA:70,1
DA:71,1
LF:16
LH:16
BRDA:50,0,0,1
BRDA:50,0,1,0
BRF:2
BRH:1
end_of_record
TN:
SF:/Users/qiushi.chen/Desktop/project/datamap_app/src/assets/vue/components/commons/map-card-panel.vue
FN:38,(anonymous_0)
FN:61,(anonymous_1)
FNF:2
FNH:2
FNDA:1,(anonymous_0)
FNDA:9,(anonymous_1)
DA:20,1
DA:29,1
DA:39,1
DA:44,1
DA:45,1
DA:49,1
DA:50,0
DA:52,1
DA:53,0
DA:55,1
DA:56,0
DA:58,1
DA:59,0
DA:61,1
DA:62,9
DA:64,1
DA:67,0
LF:17
LH:12
BRDA:44,0,0,1
BRDA:44,0,1,0
BRDA:45,1,0,1
BRDA:45,1,1,0
BRDA:49,2,0,0
BRDA:49,2,1,1
BRDA:52,3,0,0
BRDA:52,3,1,1
BRDA:55,4,0,0
BRDA:55,4,1,1
BRDA:58,5,0,0
BRDA:58,5,1,1
BRDA:58,6,0,1
BRDA:58,6,1,1
BRDA:64,7,0,1
BRDA:64,7,1,0
BRDA:64,7,2,0
BRF:17
BRH:9
end_of_record
TN:
SF:/Users/qiushi.chen/Desktop/project/datamap_app/src/assets/vue/components/workspace/map/interactive-map.vue
FN:86,(anonymous_0)
FN:105,(anonymous_1)
FN:127,(anonymous_2)
FN:137,(anonymous_3)
FN:152,(anonymous_4)
FN:163,(anonymous_5)
FN:165,(anonymous_6)
FN:167,(anonymous_7)
FN:182,(anonymous_8)
FN:185,(anonymous_9)
FN:202,(anonymous_10)
FN:203,(anonymous_11)
FN:227,(anonymous_12)
FN:228,(anonymous_13)
FN:229,(anonymous_14)
FN:237,(anonymous_15)
FN:250,(anonymous_16)
FN:253,(anonymous_17)
FN:266,(anonymous_18)
FN:269,(anonymous_19)
FN:270,(anonymous_20)
FN:293,(anonymous_21)
FN:301,(anonymous_22)
FN:310,(anonymous_23)
FN:324,(anonymous_24)
FN:328,(anonymous_25)
FN:356,(anonymous_26)
FN:364,(anonymous_27)
FN:370,(anonymous_28)
FN:377,(anonymous_29)
FN:385,(anonymous_30)
FN:405,(anonymous_31)
FN:420,(anonymous_32)
FN:424,(anonymous_33)
FN:430,(anonymous_34)
FN:437,(anonymous_35)
FN:438,(anonymous_36)
FN:440,(anonymous_37)
FN:461,(anonymous_38)
FN:467,(anonymous_39)
FN:521,(anonymous_40)
FN:525,(anonymous_41)
FN:573,(anonymous_42)
FN:578,(anonymous_43)
FN:584,(anonymous_44)
FN:593,(anonymous_45)
FN:658,(anonymous_46)
FN:667,(anonymous_47)
FN:696,(anonymous_48)
FN:705,(anonymous_49)
FN:770,(anonymous_50)
FN:772,(anonymous_51)
FN:773,(anonymous_52)
FN:795,(anonymous_53)
FN:796,(anonymous_54)
FN:801,(anonymous_55)
FN:802,(anonymous_56)
FN:803,(anonymous_57)
FN:808,(anonymous_58)
FN:831,(anonymous_59)
FN:864,(anonymous_60)
FN:913,(anonymous_61)
FN:922,(anonymous_62)
FN:940,(anonymous_63)
FNF:64
FNH:0
FNDA:0,(anonymous_0)
FNDA:0,(anonymous_1)
FNDA:0,(anonymous_2)
FNDA:0,(anonymous_3)
FNDA:0,(anonymous_4)
FNDA:0,(anonymous_5)
FNDA:0,(anonymous_6)
FNDA:0,(anonymous_7)
FNDA:0,(anonymous_8)
FNDA:0,(anonymous_9)
FNDA:0,(anonymous_10)
FNDA:0,(anonymous_11)
FNDA:0,(anonymous_12)
FNDA:0,(anonymous_13)
FNDA:0,(anonymous_14)
FNDA:0,(anonymous_15)
FNDA:0,(anonymous_16)
FNDA:0,(anonymous_17)
FNDA:0,(anonymous_18)
FNDA:0,(anonymous_19)
FNDA:0,(anonymous_20)
FNDA:0,(anonymous_21)
FNDA:0,(anonymous_22)
FNDA:0,(anonymous_23)
FNDA:0,(anonymous_24)
FNDA:0,(anonymous_25)
FNDA:0,(anonymous_26)
FNDA:0,(anonymous_27)
FNDA:0,(anonymous_28)
FNDA:0,(anonymous_29)
FNDA:0,(anonymous_30)
FNDA:0,(anonymous_31)
FNDA:0,(anonymous_32)
FNDA:0,(anonymous_33)
FNDA:0,(anonymous_34)
FNDA:0,(anonymous_35)
FNDA:0,(anonymous_36)
FNDA:0,(anonymous_37)
FNDA:0,(anonymous_38)
FNDA:0,(anonymous_39)
FNDA:0,(anonymous_40)
FNDA:0,(anonymous_41)
FNDA:0,(anonymous_42)
FNDA:0,(anonymous_43)
FNDA:0,(anonymous_44)
FNDA:0,(anonymous_45)
FNDA:0,(anonymous_46)
FNDA:0,(anonymous_47)
FNDA:0,(anonymous_48)
FNDA:0,(anonymous_49)
FNDA:0,(anonymous_50)
FNDA:0,(anonymous_51)
FNDA:0,(anonymous_52)
FNDA:0,(anonymous_53)
FNDA:0,(anonymous_54)
FNDA:0,(anonymous_55)
FNDA:0,(anonymous_56)
FNDA:0,(anonymous_57)
FNDA:0,(anonymous_58)
FNDA:0,(anonymous_59)
FNDA:0,(anonymous_60)
FNDA:0,(anonymous_61)
FNDA:0,(anonymous_62)
FNDA:0,(anonymous_63)
DA:45,1
DA:49,1
DA:53,1
DA:54,1
DA:57,1
DA:58,1
DA:63,1
DA:87,0
DA:95,1
DA:96,0
DA:101,0
DA:102,0
DA:103,0
DA:104,0
DA:105,0
DA:106,0
DA:111,0
DA:113,0
DA:114,0
DA:116,0
DA:119,0
DA:120,0
DA:121,0
DA:125,0
DA:126,0
DA:127,0
DA:128,0
DA:129,0
DA:130,0
DA:131,0
DA:132,0
DA:133,0
DA:134,0
DA:137,0
DA:138,0
DA:141,0
DA:142,0
DA:143,0
DA:145,0
DA:146,0
DA:148,0
DA:149,0
DA:151,0
DA:152,0
DA:153,0
DA:156,0
DA:159,0
DA:162,0
DA:163,0
DA:164,0
DA:165,0
DA:166,0
DA:167,0
DA:168,0
DA:169,0
DA:171,0
DA:172,0
DA:173,0
DA:176,0
DA:177,0
DA:180,0
DA:181,0
DA:182,0
DA:183,0
DA:184,0
DA:185,0
DA:186,0
DA:189,0
DA:190,0
DA:191,0
DA:193,0
DA:195,0
DA:200,0
DA:201,0
DA:202,0
DA:203,0
DA:204,0
DA:205,0
DA:206,0
DA:207,0
DA:208,0
DA:210,0
DA:211,0
DA:214,0
DA:215,0
DA:217,0
DA:221,0
DA:222,0
DA:223,0
DA:224,0
DA:225,0
DA:226,0
DA:227,0
DA:228,0
DA:229,0
DA:232,0
DA:233,0
DA:236,0
DA:237,0
DA:238,0
DA:240,0
DA:241,0
DA:242,0
DA:243,0
DA:244,0
DA:245,0
DA:246,0
DA:247,0
DA:248,0
DA:249,0
DA:250,0
DA:251,0
DA:252,0
DA:253,0
DA:254,0
DA:255,0
DA:256,0
DA:258,0
DA:260,0
DA:261,0
DA:262,0
DA:263,0
DA:266,0
DA:267,0
DA:268,0
DA:269,0
DA:270,0
DA:271,0
DA:272,0
DA:273,0
DA:274,0
DA:275,0
DA:276,0
DA:277,0
DA:278,0
DA:281,0
DA:282,0
DA:283,0
DA:285,0
DA:286,0
DA:287,0
DA:288,0
DA:292,0
DA:294,0
DA:295,0
DA:297,0
DA:299,0
DA:300,0
DA:301,0
DA:302,0
DA:303,0
DA:304,0
DA:305,0
DA:308,0
DA:311,0
DA:312,0
DA:313,0
DA:315,0
DA:319,0
DA:320,0
DA:321,0
DA:322,0
DA:323,0
DA:325,0
DA:326,0
DA:327,0
DA:328,0
DA:329,0
DA:330,0
DA:331,0
DA:333,0
DA:334,0
DA:343,0
DA:345,0
DA:346,0
DA:347,0
DA:348,0
DA:349,0
DA:351,0
DA:352,0
DA:354,0
DA:357,0
DA:358,0
DA:362,0
DA:363,0
DA:364,0
DA:365,0
DA:367,0
DA:368,0
DA:370,0
DA:371,0
DA:372,0
DA:374,0
DA:376,0
DA:377,0
DA:378,0
DA:379,0
DA:380,0
DA:381,0
DA:382,0
DA:383,0
DA:384,0
DA:385,0
DA:386,0
DA:387,0
DA:388,0
DA:389,0
DA:390,0
DA:391,0
DA:393,0
DA:395,0
DA:404,0
DA:406,0
DA:407,0
DA:408,0
DA:410,0
DA:414,0
DA:419,0
DA:420,0
DA:421,0
DA:424,0
DA:425,0
DA:426,0
DA:428,0
DA:431,0
DA:432,0
DA:437,0
DA:438,0
DA:439,0
DA:441,0
DA:446,0
DA:447,0
DA:453,0
DA:454,0
DA:456,0
DA:457,0
DA:458,0
DA:460,0
DA:462,0
DA:463,0
DA:465,0
DA:468,0
DA:469,0
DA:473,0
DA:474,0
DA:475,0
DA:476,0
DA:478,0
DA:483,0
DA:492,0
DA:501,0
DA:502,0
DA:503,0
DA:504,0
DA:505,0
DA:506,0
DA:507,0
DA:508,0
DA:509,0
DA:510,0
DA:511,0
DA:512,0
DA:513,0
DA:514,0
DA:521,0
DA:522,0
DA:523,0
DA:524,0
DA:525,0
DA:526,0
DA:527,0
DA:528,0
DA:530,0
DA:531,0
DA:532,0
DA:533,0
DA:534,0
DA:535,0
DA:536,0
DA:540,0
DA:541,0
DA:543,0
DA:544,0
DA:545,0
DA:546,0
DA:565,0
DA:568,0
DA:569,0
DA:572,0
DA:573,0
DA:574,0
DA:579,0
DA:580,0
DA:582,0
DA:585,0
DA:586,0
DA:591,0
DA:592,0
DA:593,0
DA:594,0
DA:595,0
DA:596,0
DA:597,0
DA:598,0
DA:599,0
DA:602,0
DA:604,0
DA:607,0
DA:608,0
DA:610,0
DA:611,0
DA:613,0
DA:614,0
DA:616,0
DA:617,0
DA:619,0
DA:622,0
DA:623,0
DA:624,0
DA:625,0
DA:626,0
DA:628,0
DA:629,0
DA:630,0
DA:631,0
DA:632,0
DA:633,0
DA:634,0
DA:635,0
DA:636,0
DA:638,0
DA:639,0
DA:643,0
DA:644,0
DA:645,0
DA:649,0
DA:650,0
DA:651,0
DA:652,0
DA:653,0
DA:654,0
DA:655,0
DA:656,0
DA:657,0
DA:658,0
DA:659,0
DA:660,0
DA:666,0
DA:667,0
DA:668,0
DA:669,0
DA:670,0
DA:673,0
DA:674,0
DA:681,0
DA:682,0
DA:683,0
DA:684,0
DA:687,0
DA:688,0
DA:689,0
DA:690,0
DA:691,0
DA:692,0
DA:693,0
DA:694,0
DA:695,0
DA:696,0
DA:697,0
DA:698,0
DA:704,0
DA:705,0
DA:706,0
DA:707,0
DA:708,0
DA:711,0
DA:712,0
DA:719,0
DA:720,0
DA:721,0
DA:724,0
DA:725,0
DA:726,0
DA:727,0
DA:729,0
DA:730,0
DA:731,0
DA:732,0
DA:734,0
DA:735,0
DA:739,0
DA:740,0
DA:741,0
DA:742,0
DA:745,0
DA:746,0
DA:747,0
DA:749,0
DA:750,0
DA:751,0
DA:752,0
DA:753,0
DA:754,0
DA:755,0
DA:756,0
DA:757,0
DA:758,0
DA:759,0
DA:763,0
DA:764,0
DA:765,0
DA:766,0
DA:770,0
DA:771,0
DA:772,0
DA:773,0
DA:774,0
DA:775,0
DA:776,0
DA:778,0
DA:781,0
DA:784,0
DA:785,0
DA:786,0
DA:787,0
DA:788,0
DA:789,0
DA:792,0
DA:793,0
DA:794,0
DA:795,0
DA:796,0
DA:797,0
DA:798,0
DA:801,0
DA:802,0
DA:803,0
DA:804,0
DA:808,0
DA:809,0
DA:813,0
DA:814,0
DA:817,0
DA:818,0
DA:819,0
DA:820,0
DA:821,0
DA:822,0
DA:823,0
DA:824,0
DA:825,0
DA:826,0
DA:827,0
DA:828,0
DA:829,0
DA:830,0
DA:831,0
DA:832,0
DA:833,0
DA:834,0
DA:836,0
DA:838,0
DA:839,0
DA:840,0
DA:841,0
DA:842,0
DA:843,0
DA:844,0
DA:845,0
DA:846,0
DA:848,0
DA:849,0
DA:850,0
DA:851,0
DA:852,0
DA:857,0
DA:861,0
DA:862,0
DA:863,0
DA:864,0
DA:865,0
DA:866,0
DA:867,0
DA:869,0
DA:871,0
DA:872,0
DA:873,0
DA:874,0
DA:875,0
DA:876,0
DA:878,0
DA:881,0
DA:882,0
DA:883,0
DA:884,0
DA:885,0
DA:887,0
DA:888,0
DA:889,0
DA:890,0
DA:891,0
DA:892,0
DA:893,0
DA:894,0
DA:901,0
DA:904,0
DA:907,0
DA:908,0
DA:910,0
DA:911,0
DA:912,0
DA:913,0
DA:914,0
DA:915,0
DA:917,0
DA:919,0
DA:920,0
DA:921,0
DA:922,0
DA:923,0
DA:924,0
DA:926,0
DA:928,0
DA:929,0
DA:930,0
DA:932,0
DA:933,0
DA:934,0
DA:939,0
DA:940,0
DA:941,0
DA:942,0
DA:943,0
DA:946,0
DA:950,0
DA:951,0
DA:952,0
DA:953,0
DA:954,0
DA:955,0
DA:956,0
DA:957,0
DA:960,0
LF:543
LH:8
BRDA:95,0,0,0
BRDA:95,0,1,1
BRDA:102,1,0,0
BRDA:102,1,1,0
BRDA:103,2,0,0
BRDA:103,2,1,0
BRDA:103,3,0,0
BRDA:103,3,1,0
BRDA:108,4,0,0
BRDA:108,4,1,0
BRDA:108,5,0,0
BRDA:108,5,1,0
BRDA:113,6,0,0
BRDA:113,6,1,0
BRDA:116,7,0,0
BRDA:116,7,1,0
BRDA:116,8,0,0
BRDA:116,8,1,0
BRDA:120,9,0,0
BRDA:120,9,1,0
BRDA:128,10,0,0
BRDA:128,10,1,0
BRDA:129,11,0,0
BRDA:129,11,1,0
BRDA:131,12,0,0
BRDA:131,12,1,0
BRDA:133,13,0,0
BRDA:133,13,1,0
BRDA:141,14,0,0
BRDA:141,14,1,0
BRDA:145,15,0,0
BRDA:145,15,1,0
BRDA:148,16,0,0
BRDA:148,16,1,0
BRDA:151,17,0,0
BRDA:151,17,1,0
BRDA:164,18,0,0
BRDA:164,18,1,0
BRDA:180,19,0,0
BRDA:180,19,1,0
BRDA:193,20,0,0
BRDA:193,20,1,0
BRDA:200,21,0,0
BRDA:200,21,1,0
BRDA:215,22,0,0
BRDA:215,22,1,0
BRDA:225,23,0,0
BRDA:225,23,1,0
BRDA:240,24,0,0
BRDA:240,24,1,0
BRDA:242,25,0,0
BRDA:242,25,1,0
BRDA:243,26,0,0
BRDA:243,26,1,0
BRDA:244,27,0,0
BRDA:244,27,1,0
BRDA:246,28,0,0
BRDA:246,28,1,0
BRDA:247,29,0,0
BRDA:247,29,1,0
BRDA:249,30,0,0
BRDA:249,30,1,0
BRDA:251,31,0,0
BRDA:251,31,1,0
BRDA:252,32,0,0
BRDA:252,32,1,0
BRDA:252,32,2,0
BRDA:254,33,0,0
BRDA:254,33,1,0
BRDA:255,34,0,0
BRDA:255,34,1,0
BRDA:260,35,0,0
BRDA:260,35,1,0
BRDA:262,36,0,0
BRDA:262,36,1,0
BRDA:267,37,0,0
BRDA:267,37,1,0
BRDA:271,38,0,0
BRDA:271,38,1,0
BRDA:273,39,0,0
BRDA:273,39,1,0
BRDA:275,40,0,0
BRDA:275,40,1,0
BRDA:275,41,0,0
BRDA:275,41,1,0
BRDA:276,42,0,0
BRDA:276,42,1,0
BRDA:282,43,0,0
BRDA:282,43,1,0
BRDA:283,44,0,0
BRDA:283,44,1,0
BRDA:285,45,0,0
BRDA:285,45,1,0
BRDA:286,46,0,0
BRDA:286,46,1,0
BRDA:294,47,0,0
BRDA:294,47,1,0
BRDA:312,48,0,0
BRDA:312,48,1,0
BRDA:321,49,0,0
BRDA:321,49,1,0
BRDA:322,50,0,0
BRDA:322,50,1,0
BRDA:325,51,0,0
BRDA:325,51,1,0
BRDA:333,52,0,0
BRDA:333,52,1,0
BRDA:345,53,0,0
BRDA:345,53,1,0
BRDA:346,54,0,0
BRDA:346,54,1,0
BRDA:348,55,0,0
BRDA:348,55,1,0
BRDA:352,56,0,0
BRDA:352,56,1,0
BRDA:354,57,0,0
BRDA:354,57,1,0
BRDA:358,58,0,0
BRDA:358,58,1,0
BRDA:367,59,0,0
BRDA:367,59,1,0
BRDA:371,60,0,0
BRDA:371,60,1,0
BRDA:378,61,0,0
BRDA:378,61,1,0
BRDA:378,62,0,0
BRDA:378,62,1,0
BRDA:381,63,0,0
BRDA:381,63,1,0
BRDA:382,64,0,0
BRDA:382,64,1,0
BRDA:383,65,0,0
BRDA:383,65,1,0
BRDA:386,66,0,0
BRDA:386,66,1,0
BRDA:388,67,0,0
BRDA:388,67,1,0
BRDA:388,68,0,0
BRDA:388,68,1,0
BRDA:390,69,0,0
BRDA:390,69,1,0
BRDA:407,70,0,0
BRDA:407,70,1,0
BRDA:421,71,0,0
BRDA:421,71,1,0
BRDA:425,72,0,0
BRDA:425,72,1,0
BRDA:425,73,0,0
BRDA:425,73,1,0
BRDA:426,74,0,0
BRDA:426,74,1,0
BRDA:428,75,0,0
BRDA:428,75,1,0
BRDA:432,76,0,0
BRDA:432,76,1,0
BRDA:439,77,0,0
BRDA:439,77,1,0
BRDA:441,78,0,0
BRDA:441,78,1,0
BRDA:446,79,0,0
BRDA:446,79,1,0
BRDA:453,80,0,0
BRDA:453,80,1,0
BRDA:454,81,0,0
BRDA:454,81,1,0
BRDA:456,82,0,0
BRDA:456,82,1,0
BRDA:457,83,0,0
BRDA:457,83,1,0
BRDA:462,84,0,0
BRDA:462,84,1,0
BRDA:462,85,0,0
BRDA:462,85,1,0
BRDA:463,86,0,0
BRDA:463,86,1,0
BRDA:465,87,0,0
BRDA:465,87,1,0
BRDA:469,88,0,0
BRDA:469,88,1,0
BRDA:473,89,0,0
BRDA:473,89,1,0
BRDA:476,90,0,0
BRDA:476,90,1,0
BRDA:476,90,2,0
BRDA:479,91,0,0
BRDA:479,91,1,0
BRDA:484,92,0,0
BRDA:484,92,1,0
BRDA:493,93,0,0
BRDA:493,93,1,0
BRDA:504,94,0,0
BRDA:504,94,1,0
BRDA:506,95,0,0
BRDA:506,95,1,0
BRDA:506,95,2,0
BRDA:509,96,0,0
BRDA:509,96,1,0
BRDA:510,97,0,0
BRDA:510,97,1,0
BRDA:513,98,0,0
BRDA:513,98,1,0
BRDA:524,99,0,0
BRDA:524,99,1,0
BRDA:527,100,0,0
BRDA:527,100,1,0
BRDA:530,101,0,0
BRDA:530,101,1,0
BRDA:535,102,0,0
BRDA:535,102,1,0
BRDA:535,103,0,0
BRDA:535,103,1,0
BRDA:544,104,0,0
BRDA:544,104,1,0
BRDA:545,105,0,0
BRDA:545,105,1,0
BRDA:546,106,0,0
BRDA:546,106,1,0
BRDA:568,107,0,0
BRDA:568,107,1,0
BRDA:579,108,0,0
BRDA:579,108,1,0
BRDA:579,109,0,0
BRDA:579,109,1,0
BRDA:580,110,0,0
BRDA:580,110,1,0
BRDA:582,111,0,0
BRDA:582,111,1,0
BRDA:586,112,0,0
BRDA:586,112,1,0
BRDA:592,113,0,0
BRDA:592,113,1,0
BRDA:594,114,0,0
BRDA:594,114,1,0
BRDA:594,114,2,0
BRDA:596,115,0,0
BRDA:596,115,1,0
BRDA:597,116,0,0
BRDA:597,116,1,0
BRDA:602,117,0,0
BRDA:602,117,1,0
BRDA:608,118,0,0
BRDA:608,118,1,0
BRDA:608,118,2,0
BRDA:622,119,0,0
BRDA:622,119,1,0
BRDA:624,120,0,0
BRDA:624,120,1,0
BRDA:625,121,0,0
BRDA:625,121,1,0
BRDA:629,122,0,0
BRDA:629,122,1,0
BRDA:631,123,0,0
BRDA:631,123,1,0
BRDA:633,124,0,0
BRDA:633,124,1,0
BRDA:633,125,0,0
BRDA:633,125,1,0
BRDA:633,125,2,0
BRDA:635,126,0,0
BRDA:635,126,1,0
BRDA:635,127,0,0
BRDA:635,127,1,0
BRDA:638,128,0,0
BRDA:638,128,1,0
BRDA:643,129,0,0
BRDA:643,129,1,0
BRDA:643,130,0,0
BRDA:643,130,1,0
BRDA:643,130,2,0
BRDA:644,131,0,0
BRDA:644,131,1,0
BRDA:649,132,0,0
BRDA:649,132,1,0
BRDA:650,133,0,0
BRDA:650,133,1,0
BRDA:652,134,0,0
BRDA:652,134,1,0
BRDA:654,135,0,0
BRDA:654,135,1,0
BRDA:656,136,0,0
BRDA:656,136,1,0
BRDA:666,137,0,0
BRDA:666,137,1,0
BRDA:669,138,0,0
BRDA:669,138,1,0
BRDA:683,139,0,0
BRDA:683,139,1,0
BRDA:687,140,0,0
BRDA:687,140,1,0
BRDA:688,141,0,0
BRDA:688,141,1,0
BRDA:690,142,0,0
BRDA:690,142,1,0
BRDA:692,143,0,0
BRDA:692,143,1,0
BRDA:694,144,0,0
BRDA:694,144,1,0
BRDA:704,145,0,0
BRDA:704,145,1,0
BRDA:707,146,0,0
BRDA:707,146,1,0
BRDA:720,147,0,0
BRDA:720,147,1,0
BRDA:724,148,0,0
BRDA:724,148,1,0
BRDA:725,149,0,0
BRDA:725,149,1,0
BRDA:729,150,0,0
BRDA:729,150,1,0
BRDA:730,151,0,0
BRDA:730,151,1,0
BRDA:731,152,0,0
BRDA:731,152,1,0
BRDA:734,153,0,0
BRDA:734,153,1,0
BRDA:742,154,0,0
BRDA:742,154,1,0
BRDA:745,155,0,0
BRDA:745,155,1,0
BRDA:746,156,0,0
BRDA:746,156,1,0
BRDA:751,157,0,0
BRDA:751,157,1,0
BRDA:753,158,0,0
BRDA:753,158,1,0
BRDA:755,159,0,0
BRDA:755,159,1,0
BRDA:755,160,0,0
BRDA:755,160,1,0
BRDA:755,160,2,0
BRDA:758,161,0,0
BRDA:758,161,1,0
BRDA:764,162,0,0
BRDA:764,162,1,0
BRDA:764,163,0,0
BRDA:764,163,1,0
BRDA:764,163,2,0
BRDA:765,164,0,0
BRDA:765,164,1,0
BRDA:770,165,0,0
BRDA:770,165,1,0
BRDA:772,166,0,0
BRDA:772,166,1,0
BRDA:773,167,0,0
BRDA:773,167,1,0
BRDA:774,168,0,0
BRDA:774,168,1,0
BRDA:804,169,0,0
BRDA:804,169,1,0
BRDA:804,169,2,0
BRDA:804,169,3,0
BRDA:809,170,0,0
BRDA:809,170,1,0
BRDA:809,170,2,0
BRDA:809,170,3,0
BRDA:814,171,0,0
BRDA:814,171,1,0
BRDA:814,171,2,0
BRDA:817,172,0,0
BRDA:817,172,1,0
BRDA:833,173,0,0
BRDA:833,173,1,0
BRDA:833,174,0,0
BRDA:833,174,1,0
BRDA:838,175,0,0
BRDA:838,175,1,0
BRDA:861,176,0,0
BRDA:861,176,1,0
BRDA:863,177,0,0
BRDA:863,177,1,0
BRDA:866,178,0,0
BRDA:866,178,1,0
BRDA:866,179,0,0
BRDA:866,179,1,0
BRDA:872,180,0,0
BRDA:872,180,1,0
BRDA:873,181,0,0
BRDA:873,181,1,0
BRDA:875,182,0,0
BRDA:875,182,1,0
BRDA:888,183,0,0
BRDA:888,183,1,0
BRDA:892,184,0,0
BRDA:892,184,1,0
BRDA:907,185,0,0
BRDA:907,185,1,0
BRDA:910,186,0,0
BRDA:910,186,1,0
BRDA:919,187,0,0
BRDA:919,187,1,0
BRDA:928,188,0,0
BRDA:928,188,1,0
BRDA:932,189,0,0
BRDA:932,189,1,0
BRDA:941,190,0,0
BRDA:941,190,1,0
BRDA:951,191,0,0
BRDA:951,191,1,0
BRDA:957,192,0,0
BRDA:957,192,1,0
BRF:400
BRH:1
end_of_record
TN:
SF:/Users/qiushi.chen/Desktop/project/datamap_app/src/assets/vue/components/commons/card-panel/point-card.vue
FN:39,(anonymous_0)
FN:68,(anonymous_1)
FNF:2
FNH:1
FNDA:0,(anonymous_0)
FNDA:5,(anonymous_1)
DA:23,1
DA:34,2
DA:40,0
DA:46,5
DA:47,5
DA:48,1
DA:49,4
DA:50,3
DA:51,3
DA:52,1
DA:53,2
DA:54,1
DA:55,1
DA:56,1
DA:58,1
DA:59,1
DA:60,1
DA:62,5
DA:65,5
DA:68,5
LF:20
LH:19
BRDA:47,0,0,1
BRDA:47,0,1,4
BRDA:49,1,0,3
BRDA:49,1,1,1
BRDA:51,2,0,1
BRDA:51,2,1,2
BRDA:51,3,0,3
BRDA:51,3,1,2
BRDA:53,4,0,1
BRDA:53,4,1,1
BRDA:55,5,0,1
BRDA:55,5,1,0
BRDA:58,6,0,1
BRDA:58,6,1,0
BRDA:60,7,0,1
BRDA:60,7,1,0
BRDA:68,8,0,2
BRDA:68,8,1,1
BRF:18
BRH:15
end_of_record
TN:
SF:/Users/qiushi.chen/Desktop/project/datamap_app/src/assets/vue/components/commons/card-panel/visual/point-visual-tag.vue
FN:41,(anonymous_0)
FN:62,(anonymous_1)
FNF:2
FNH:1
FNDA:0,(anonymous_0)
FNDA:16,(anonymous_1)
DA:25,1
DA:30,1
DA:41,1
DA:42,0
DA:46,1
DA:50,1
DA:51,1
DA:52,1
DA:53,1
DA:54,1
DA:55,1
DA:58,1
DA:59,1
DA:60,1
DA:61,1
DA:62,1
DA:63,16
DA:64,16
DA:66,1
DA:67,1
DA:68,1
DA:69,1
DA:70,1
DA:71,1
DA:72,1
DA:73,1
DA:77,1
LF:27
LH:26
BRDA:68,0,0,1
BRDA:68,0,1,0
BRDA:70,1,0,1
BRDA:70,1,1,0
BRDA:72,2,0,1
BRDA:72,2,1,0
BRF:6
BRH:3
end_of_record
TN:
SF:/Users/qiushi.chen/Desktop/project/datamap_app/src/assets/vue/components/commons/card-panel/visual/point-visualization.vue
FN:32,(anonymous_0)
FNF:1
FNH:0
FNDA:0,(anonymous_0)
DA:23,1
DA:32,1
DA:33,0
DA:37,1
DA:41,1
DA:42,1
DA:43,1
DA:44,1
DA:45,1
DA:46,1
LF:10
LH:9
BRDA:45,0,0,1
BRDA:45,0,1,1
BRF:2
BRH:2
end_of_record
TN:
SF:/Users/qiushi.chen/Desktop/project/datamap_app/src/assets/vue/components/commons/card-panel/visual/point-hot-map.vue
FNF:0
FNH:0
DA:17,1
DA:29,1
DA:33,1
DA:34,1
DA:35,1
DA:36,1
DA:37,1
DA:38,1
DA:39,1
LF:9
LH:9
BRDA:37,0,0,1
BRDA:37,0,1,0
BRDA:38,1,0,1
BRDA:38,1,1,0
BRDA:38,1,2,0
BRDA:39,2,0,1
BRDA:39,2,1,1
BRF:7
BRH:4
end_of_record
TN:
SF:/Users/qiushi.chen/Desktop/project/datamap_app/src/assets/vue/components/commons/card-panel/visual/normal/slider.vue
FNF:0
FNH:0
DA:27,2
LF:1
LH:1
BRF:0
BRH:0
end_of_record
TN:
SF:/Users/qiushi.chen/Desktop/project/datamap_app/src/assets/vue/components/commons/card-panel/polygon-card.vue
FN:36,(anonymous_0)
FN:65,(anonymous_1)
FNF:2
FNH:1
FNDA:1,(anonymous_0)
FNDA:0,(anonymous_1)
DA:23,1
DA:31,1
DA:37,1
DA:43,0
DA:44,0
DA:45,0
DA:46,0
DA:47,0
DA:48,0
DA:49,0
DA:50,0
DA:51,0
DA:52,0
DA:53,0
DA:55,0
DA:56,0
DA:57,0
DA:59,0
DA:62,0
DA:65,1
DA:68,1
DA:69,1
DA:70,1
DA:71,1
LF:24
LH:8
BRDA:44,0,0,0
BRDA:44,0,1,0
BRDA:46,1,0,0
BRDA:46,1,1,0
BRDA:48,2,0,0
BRDA:48,2,1,0
BRDA:48,3,0,0
BRDA:48,3,1,0
BRDA:50,4,0,0
BRDA:50,4,1,0
BRDA:52,5,0,0
BRDA:52,5,1,0
BRDA:55,6,0,0
BRDA:55,6,1,0
BRDA:57,7,0,0
BRDA:57,7,1,0
BRDA:65,8,0,1
BRDA:65,8,1,1
BRDA:68,9,0,1
BRDA:68,9,1,0
BRDA:69,10,0,1
BRDA:69,10,1,0
BRDA:69,11,0,1
BRDA:69,11,1,1
BRDA:70,12,0,1
BRDA:70,12,1,0
BRF:26
BRH:7
end_of_record
TN:
SF:/Users/qiushi.chen/Desktop/project/datamap_app/src/assets/vue/components/commons/card-panel/visual/polygon-visualization.vue
FNF:0
FNH:0
DA:17,1
DA:26,1
DA:30,1
DA:31,1
DA:32,1
DA:33,1
LF:6
LH:6
BRDA:32,0,0,1
BRDA:32,0,1,0
BRF:2
BRH:1
end_of_record
TN:
SF:/Users/qiushi.chen/Desktop/project/datamap_app/src/assets/vue/components/commons/card-panel/visual/normal/sketchBoard.vue
FNF:0
FNH:0
DA:14,2
LF:1
LH:1
BRF:0
BRH:0
end_of_record
TN:
SF:/Users/qiushi.chen/Desktop/project/datamap_app/src/assets/vue/components/commons/card-panel/visual/polygon-visualization-type.vue
FN:30,(anonymous_0)
FNF:1
FNH:0
FNDA:0,(anonymous_0)
DA:22,2
DA:30,2
DA:31,0
DA:35,2
DA:39,2
DA:40,2
DA:41,2
DA:42,2
DA:43,2
LF:9
LH:8
BRDA:42,0,0,2
BRDA:42,0,1,0
BRF:2
BRH:1
end_of_record
TN:
SF:/Users/qiushi.chen/Desktop/project/datamap_app/src/assets/vue/components/commons/card-panel/polyline-card.vue
FN:38,(anonymous_0)
FN:67,(anonymous_1)
FNF:2
FNH:1
FNDA:1,(anonymous_0)
FNDA:0,(anonymous_1)
DA:25,1
DA:33,1
DA:39,1
DA:45,0
DA:46,0
DA:47,0
DA:48,0
DA:49,0
DA:50,0
DA:51,0
DA:52,0
DA:53,0
DA:54,0
DA:55,0
DA:57,0
DA:58,0
DA:59,0
DA:61,0
DA:64,0
DA:67,1
DA:70,1
DA:71,1
LF:22
LH:6
BRDA:46,0,0,0
BRDA:46,0,1,0
BRDA:48,1,0,0
BRDA:48,1,1,0
BRDA:50,2,0,0
BRDA:50,2,1,0
BRDA:50,3,0,0
BRDA:50,3,1,0
BRDA:52,4,0,0
BRDA:52,4,1,0
BRDA:54,5,0,0
BRDA:54,5,1,0
BRDA:57,6,0,0
BRDA:57,6,1,0
BRDA:59,7,0,0
BRDA:59,7,1,0
BRDA:67,8,0,1
BRDA:67,8,1,1
BRDA:70,9,0,1
BRDA:70,9,1,0
BRDA:71,10,0,1
BRDA:71,10,1,0
BRDA:71,11,0,1
BRDA:71,11,1,1
BRF:24
BRH:6
end_of_record
TN:
SF:/Users/qiushi.chen/Desktop/project/datamap_app/src/assets/vue/components/commons/card-panel/visual/polyline-visualization.vue
FNF:0
FNH:0
DA:17,1
DA:26,1
DA:30,1
DA:31,1
DA:32,1
DA:33,1
LF:6
LH:6
BRDA:32,0,0,1
BRDA:32,0,1,0
BRF:2
BRH:1
end_of_record
TN:
SF:/Users/qiushi.chen/Desktop/project/datamap_app/src/assets/vue/components/commons/card-panel/visual/polyline-visualization-type.vue
FN:32,(anonymous_0)
FNF:1
FNH:0
FNDA:0,(anonymous_0)
DA:24,2
DA:32,2
DA:33,0
DA:37,2
DA:41,2
DA:42,2
DA:43,2
DA:44,2
DA:45,2
LF:9
LH:8
BRDA:44,0,0,2
BRDA:44,0,1,0
BRF:2
BRH:1
end_of_record
TN:
SF:/Users/qiushi.chen/Desktop/project/datamap_app/src/assets/vue/components/lazyload-echarts.vue
FN:95,(anonymous_0)
FN:98,(anonymous_1)
FN:101,(anonymous_2)
FN:120,(anonymous_3)
FN:129,(anonymous_4)
FN:136,(anonymous_5)
FN:161,(anonymous_6)
FN:171,(anonymous_7)
FN:202,(anonymous_8)
FN:209,(anonymous_9)
FN:218,(anonymous_10)
FNF:11
FNH:7
FNDA:2,(anonymous_0)
FNDA:1,(anonymous_1)
FNDA:1,(anonymous_2)
FNDA:1,(anonymous_3)
FNDA:0,(anonymous_4)
FNDA:2,(anonymous_5)
FNDA:2,(anonymous_6)
FNDA:4,(anonymous_7)
FNDA:0,(anonymous_8)
FNDA:0,(anonymous_9)
FNDA:0,(anonymous_10)
DA:50,2
DA:51,2
DA:52,2
DA:53,2
DA:59,2
DA:60,2
DA:70,3
DA:87,3
DA:90,3
DA:91,3
DA:96,2
DA:99,1
DA:102,1
DA:103,1
DA:114,0
DA:117,4
DA:118,4
DA:119,4
DA:120,4
DA:121,1
DA:122,1
DA:124,0
DA:126,1
DA:127,0
DA:130,0
DA:131,0
DA:135,1
DA:136,1
DA:137,2
DA:142,2
DA:149,2
DA:152,1
DA:153,1
DA:154,1
DA:155,1
DA:158,3
DA:159,3
DA:160,3
DA:161,3
DA:163,2
DA:164,0
DA:166,2
DA:167,0
DA:170,2
DA:171,1
DA:172,4
DA:173,1
DA:178,3
DA:179,3
DA:180,3
DA:185,0
DA:186,0
DA:189,0
DA:191,0
DA:192,0
DA:193,0
DA:194,0
DA:197,0
DA:198,0
DA:199,0
DA:200,0
DA:201,0
DA:202,0
DA:203,0
DA:208,1
DA:209,1
DA:210,0
DA:211,0
DA:212,0
DA:213,0
DA:217,0
DA:218,0
DA:219,0
DA:220,0
DA:221,0
DA:224,0
DA:225,0
DA:226,0
DA:230,1
DA:233,0
LF:80
LH:46
BRDA:117,0,0,4
BRDA:117,0,1,0
BRDA:118,1,0,4
BRDA:118,1,1,0
BRDA:119,2,0,4
BRDA:119,2,1,0
BRDA:121,3,0,1
BRDA:121,3,1,0
BRDA:126,4,0,0
BRDA:126,4,1,1
BRDA:136,5,0,1
BRDA:136,5,1,1
BRDA:147,6,0,2
BRDA:147,6,1,0
BRDA:158,7,0,3
BRDA:158,7,1,2
BRDA:159,8,0,3
BRDA:159,8,1,2
BRDA:163,9,0,0
BRDA:163,9,1,2
BRDA:163,10,0,2
BRDA:163,10,1,1
BRDA:166,11,0,0
BRDA:166,11,1,2
BRDA:166,12,0,2
BRDA:166,12,1,2
BRDA:170,13,0,1
BRDA:170,13,1,1
BRDA:172,14,0,1
BRDA:172,14,1,3
BRDA:185,15,0,0
BRDA:185,15,1,0
BRDA:191,16,0,0
BRDA:191,16,1,0
BRDA:209,17,0,1
BRDA:209,17,1,1
BRDA:210,18,0,0
BRDA:210,18,1,0
BRDA:212,19,0,0
BRDA:212,19,1,0
BRDA:218,20,0,0
BRDA:218,20,1,0
BRDA:220,21,0,0
BRDA:220,21,1,0
BRDA:224,22,0,0
BRDA:224,22,1,0
BRDA:230,23,0,1
BRDA:230,23,1,0
BRF:48
BRH:25
end_of_record
TN:
SF:/Users/qiushi.chen/Desktop/project/datamap_app/src/assets/vue/components/workspace/chart-panel.vue
FN:49,(anonymous_0)
FN:55,(anonymous_1)
FN:71,(anonymous_2)
FN:75,(anonymous_3)
FN:94,(anonymous_4)
FN:108,(anonymous_5)
FN:133,(anonymous_6)
FN:148,(anonymous_7)
FN:163,(anonymous_8)
FNF:9
FNH:1
FNDA:0,(anonymous_0)
FNDA:0,(anonymous_1)
FNDA:0,(anonymous_2)
FNDA:0,(anonymous_3)
FNDA:0,(anonymous_4)
FNDA:0,(anonymous_5)
FNDA:0,(anonymous_6)
FNDA:0,(anonymous_7)
FNDA:1,(anonymous_8)
DA:19,1
DA:41,1
DA:50,0
DA:54,1
DA:55,0
DA:56,0
DA:60,1
DA:64,1
DA:67,1
DA:68,1
DA:72,0
DA:73,0
DA:74,0
DA:75,0
DA:76,0
DA:81,0
DA:88,1
DA:95,0
DA:99,1
DA:103,1
DA:104,1
DA:105,1
DA:106,0
DA:107,0
DA:109,0
DA:110,0
DA:114,0
DA:115,0
DA:119,0
DA:121,0
DA:125,0
DA:126,0
DA:127,0
DA:130,1
DA:131,0
DA:132,0
DA:134,0
DA:135,0
DA:136,0
DA:137,0
DA:138,0
DA:142,0
DA:144,0
DA:147,1
DA:149,0
DA:150,0
DA:151,0
DA:152,0
DA:156,0
DA:158,0
DA:168,1
DA:169,1
LF:52
LH:16
BRDA:54,0,0,0
BRDA:54,0,1,1
BRDA:54,1,0,1
BRDA:54,1,1,1
BRDA:74,2,0,0
BRDA:74,2,1,0
BRDA:74,3,0,0
BRDA:74,3,1,0
BRDA:105,4,0,0
BRDA:105,4,1,1
BRDA:106,5,0,0
BRDA:106,5,1,0
BRDA:109,6,0,0
BRDA:109,6,1,0
BRDA:111,7,0,0
BRDA:111,7,1,0
BRDA:114,8,0,0
BRDA:114,8,1,0
BRDA:126,9,0,0
BRDA:126,9,1,0
BRDA:130,10,0,0
BRDA:130,10,1,1
BRDA:130,11,0,1
BRDA:130,11,1,1
BRDA:131,12,0,0
BRDA:131,12,1,0
BRDA:134,13,0,0
BRDA:134,13,1,0
BRDA:135,14,0,0
BRDA:135,14,1,0
BRDA:137,15,0,0
BRDA:137,15,1,0
BRDA:149,16,0,0
BRDA:149,16,1,0
BRDA:150,17,0,0
BRDA:150,17,1,0
BRDA:151,18,0,0
BRDA:151,18,1,0
BRDA:168,19,0,0
BRDA:168,19,1,1
BRF:40
BRH:8
end_of_record
TN:
SF:/Users/qiushi.chen/Desktop/project/datamap_app/src/assets/vue/components/main-tabbar.vue
FNF:0
FNH:0
DA:23,3
LF:1
LH:1
BRF:0
BRH:0
end_of_record
TN:
SF:/Users/qiushi.chen/Desktop/project/datamap_app/src/assets/vue/components/vchart.vue
FNF:0
FNH:0
DA:17,1
DA:28,1
DA:31,1
DA:35,1
LF:4
LH:4
BRDA:35,0,0,1
BRDA:35,0,1,1
BRF:2
BRH:2
end_of_record
TN:
SF:/Users/qiushi.chen/Desktop/project/datamap_app/src/assets/vue/components/commons/map-panel-comp.vue
FNF:0
FNH:0
DA:12,1
DA:13,1
DA:14,1
DA:15,1
DA:16,1
DA:21,1
DA:26,1
DA:30,1
DA:31,1
DA:39,1
DA:40,1
DA:41,1
LF:12
LH:12
BRDA:33,0,0,1
BRDA:33,0,1,0
BRDA:34,1,0,1
BRDA:34,1,1,0
BRF:4
BRH:2
end_of_record
TN:
SF:/Users/qiushi.chen/Desktop/project/datamap_app/src/assets/vue/components/upload/map-draw-panel.vue
FN:61,(anonymous_0)
FN:108,(anonymous_1)
FN:114,(anonymous_2)
FN:130,(anonymous_3)
FN:138,(anonymous_4)
FN:152,(anonymous_5)
FN:156,(anonymous_6)
FN:196,(anonymous_7)
FNF:8
FNH:0
FNDA:0,(anonymous_0)
FNDA:0,(anonymous_1)
FNDA:0,(anonymous_2)
FNDA:0,(anonymous_3)
FNDA:0,(anonymous_4)
FNDA:0,(anonymous_5)
FNDA:0,(anonymous_6)
FNDA:0,(anonymous_7)
DA:34,1
DA:39,1
DA:59,1
DA:60,1
DA:61,1
DA:62,0
DA:63,0
DA:64,0
DA:69,0
DA:70,0
DA:71,0
DA:72,0
DA:73,0
DA:76,0
DA:79,1
DA:82,0
DA:85,0
DA:86,0
DA:87,0
DA:89,0
DA:97,0
DA:98,0
DA:101,0
DA:102,0
DA:108,0
DA:109,0
DA:110,0
DA:111,0
DA:112,0
DA:114,0
DA:115,0
DA:116,0
DA:118,0
DA:119,0
DA:120,0
DA:121,0
DA:122,0
DA:124,0
DA:127,0
DA:128,0
DA:129,0
DA:130,0
DA:131,0
DA:132,0
DA:133,0
DA:138,0
DA:139,0
DA:140,0
DA:141,0
DA:148,0
DA:149,0
DA:150,0
DA:151,0
DA:152,0
DA:153,0
DA:155,0
DA:156,0
DA:157,0
DA:159,0
DA:160,0
DA:161,0
DA:162,0
DA:163,0
DA:164,0
DA:165,0
DA:166,0
DA:167,0
DA:168,0
DA:169,0
DA:170,0
DA:173,0
DA:174,0
DA:175,0
DA:176,0
DA:177,0
DA:178,0
DA:182,0
DA:185,0
DA:186,0
DA:187,0
DA:188,0
DA:191,0
DA:194,0
DA:195,0
DA:196,0
DA:197,0
DA:198,0
DA:202,0
DA:203,0
DA:204,0
LF:90
LH:6
BRDA:61,0,0,1
BRDA:61,0,1,0
BRDA:63,1,0,0
BRDA:63,1,1,0
BRDA:86,2,0,0
BRDA:86,2,1,0
BRDA:120,3,0,0
BRDA:120,3,1,0
BRDA:129,4,0,0
BRDA:129,4,1,0
BRDA:131,5,0,0
BRDA:131,5,1,0
BRDA:139,6,0,0
BRDA:139,6,1,0
BRDA:173,7,0,0
BRDA:173,7,1,0
BRDA:174,8,0,0
BRDA:174,8,1,0
BRDA:177,9,0,0
BRDA:177,9,1,0
BRDA:187,10,0,0
BRDA:187,10,1,0
BRDA:188,11,0,0
BRDA:188,11,1,0
BRDA:195,12,0,0
BRDA:195,12,1,0
BRDA:197,13,0,0
BRDA:197,13,1,0
BRF:28
BRH:1
end_of_record
TN:
SF:/Users/qiushi.chen/Desktop/project/datamap_app/src/assets/vue/components/upload/map-panel.vue
FN:91,(anonymous_0)
FN:101,(anonymous_1)
FN:119,(anonymous_2)
FNF:3
FNH:0
FNDA:0,(anonymous_0)
FNDA:0,(anonymous_1)
FNDA:0,(anonymous_2)
DA:37,1
DA:38,1
DA:44,1
DA:45,1
DA:51,1
DA:62,1
DA:69,0
DA:72,0
DA:75,1
DA:76,1
DA:77,1
DA:78,1
DA:79,1
DA:80,1
DA:81,1
DA:82,1
DA:83,1
DA:84,0
DA:86,1
DA:87,1
DA:89,1
DA:90,0
DA:92,0
DA:93,0
DA:94,0
DA:97,0
DA:98,0
DA:102,0
DA:103,0
DA:104,0
DA:108,0
DA:109,0
DA:110,0
DA:111,0
DA:113,0
DA:114,0
DA:115,0
DA:116,0
DA:117,0
DA:120,0
DA:125,0
DA:126,0
DA:127,0
DA:130,0
DA:133,0
DA:136,0
DA:139,0
LF:47
LH:18
BRDA:75,0,0,1
BRDA:75,0,1,0
BRDA:76,1,0,0
BRDA:76,1,1,1
BRDA:83,2,0,0
BRDA:83,2,1,1
BRDA:83,3,0,1
BRDA:83,3,1,1
BRDA:86,4,0,1
BRDA:86,4,1,0
BRDA:86,5,0,1
BRDA:86,5,1,1
BRDA:89,6,0,1
BRDA:89,6,1,0
BRDA:92,7,0,0
BRDA:92,7,1,0
BRDA:110,8,0,0
BRDA:110,8,1,0
BRDA:110,9,0,0
BRDA:110,9,1,0
BRDA:115,10,0,0
BRDA:115,10,1,0
BRF:22
BRH:9
end_of_record
TN:
SF:/Users/qiushi.chen/Desktop/project/datamap_app/src/assets/vue/components/upload/tree-menu.vue
FNF:0
FNH:0
DA:38,2
DA:50,0
DA:51,0
DA:52,0
DA:53,0
DA:54,0
DA:55,0
DA:58,0
DA:59,0
DA:60,0
DA:64,0
DA:68,0
LF:12
LH:1
BRDA:50,0,0,0
BRDA:50,0,1,0
BRDA:51,1,0,0
BRDA:51,1,1,0
BRDA:68,2,0,0
BRDA:68,2,1,0
BRF:6
BRH:0
end_of_record
TN:
SF:/Users/qiushi.chen/Desktop/project/datamap_app/src/assets/vue/components/upload/normal/map-center.vue
FN:55,(anonymous_0)
FN:91,(anonymous_1)
FN:92,(anonymous_2)
FN:96,(anonymous_3)
FN:102,(anonymous_4)
FN:131,(anonymous_5)
FN:146,(anonymous_6)
FNF:7
FNH:0
FNDA:0,(anonymous_0)
FNDA:0,(anonymous_1)
FNDA:0,(anonymous_2)
FNDA:0,(anonymous_3)
FNDA:0,(anonymous_4)
FNDA:0,(anonymous_5)
FNDA:0,(anonymous_6)
DA:12,1
DA:13,1
DA:14,1
DA:15,1
DA:16,1
DA:17,1
DA:18,1
DA:19,1
DA:21,1
DA:29,1
DA:39,1
DA:48,1
DA:49,1
DA:56,0
DA:62,0
DA:65,0
DA:66,0
DA:67,0
DA:68,0
DA:69,0
DA:71,0
DA:73,0
DA:74,0
DA:78,0
DA:79,0
DA:80,0
DA:87,0
DA:88,0
DA:89,0
DA:90,0
DA:91,0
DA:92,0
DA:93,0
DA:94,0
DA:95,0
DA:96,0
DA:97,0
DA:101,0
DA:102,0
DA:103,0
DA:109,0
DA:112,0
DA:113,0
DA:114,0
DA:115,0
DA:116,0
DA:117,0
DA:118,0
DA:119,0
DA:120,0
DA:121,0
DA:122,0
DA:123,0
DA:124,0
DA:125,0
DA:126,0
DA:129,0
DA:130,0
DA:131,0
DA:132,0
DA:138,0
DA:140,0
DA:141,0
DA:144,0
DA:145,0
DA:146,0
DA:147,0
DA:153,0
DA:155,0
DA:156,0
LF:70
LH:13
BRDA:48,0,0,0
BRDA:48,0,1,1
BRDA:49,1,0,0
BRDA:49,1,1,1
BRDA:66,2,0,0
BRDA:66,2,1,0
BRDA:66,2,2,0
BRDA:73,3,0,0
BRDA:73,3,1,0
BRDA:88,4,0,0
BRDA:88,4,1,0
BRF:11
BRH:2
end_of_record
TN:
SF:/Users/qiushi.chen/Desktop/project/datamap_app/src/assets/vue/pages/chart-detail.vue
FNF:0
FNH:0
DA:22,1
DA:29,1
LF:2
LH:2
BRF:0
BRH:0
end_of_record
TN:
SF:/Users/qiushi.chen/Desktop/project/datamap_app/src/assets/vue/pages/login.vue
FN:53,(anonymous_0)
FN:67,(anonymous_1)
FN:80,(anonymous_2)
FN:82,(anonymous_3)
FN:106,(anonymous_4)
FN:121,(anonymous_5)
FN:125,(anonymous_6)
FN:128,(anonymous_7)
FN:151,(anonymous_8)
FN:159,(anonymous_9)
FN:166,(anonymous_10)
FN:179,(anonymous_11)
FN:209,(anonymous_12)
FN:215,(anonymous_13)
FN:218,(anonymous_14)
FN:232,(anonymous_15)
FN:236,(anonymous_16)
FN:241,(anonymous_17)
FNF:18
FNH:15
FNDA:0,(anonymous_0)
FNDA:0,(anonymous_1)
FNDA:1,(anonymous_2)
FNDA:0,(anonymous_3)
FNDA:1,(anonymous_4)
FNDA:4,(anonymous_5)
FNDA:3,(anonymous_6)
FNDA:5,(anonymous_7)
FNDA:1,(anonymous_8)
FNDA:2,(anonymous_9)
FNDA:2,(anonymous_10)
FNDA:1,(anonymous_11)
FNDA:5,(anonymous_12)
FNDA:3,(anonymous_13)
FNDA:2,(anonymous_14)
FNDA:1,(anonymous_15)
FNDA:1,(anonymous_16)
FNDA:1,(anonymous_17)
DA:39,2
DA:40,2
DA:44,17
DA:53,0
DA:58,17
DA:59,17
DA:60,17
DA:61,17
DA:62,17
DA:66,2
DA:67,1
DA:68,0
DA:69,0
DA:72,1
DA:76,3
DA:78,3
DA:79,3
DA:80,1
DA:81,1
DA:83,0
DA:86,2
DA:90,3
DA:92,3
DA:95,1
DA:96,1
DA:97,1
DA:98,1
DA:100,1
DA:101,1
DA:102,1
DA:103,1
DA:105,1
DA:106,1
DA:107,1
DA:108,1
DA:112,1
DA:113,1
DA:114,1
DA:115,1
DA:116,1
DA:117,1
DA:119,1
DA:122,4
DA:123,4
DA:126,3
DA:129,5
DA:130,5
DA:131,5
DA:132,5
DA:133,1
DA:138,1
DA:139,1
DA:141,4
DA:142,1
DA:147,1
DA:148,1
DA:150,3
DA:151,3
DA:152,1
DA:153,1
DA:154,1
DA:155,1
DA:156,1
DA:157,1
DA:158,1
DA:160,2
DA:165,3
DA:166,3
DA:167,2
DA:168,1
DA:169,1
DA:171,1
DA:176,1
DA:177,1
DA:180,1
DA:181,1
DA:186,1
DA:187,1
DA:192,5
DA:197,5
DA:198,5
DA:202,6
DA:203,6
DA:204,6
DA:205,0
DA:206,0
DA:207,0
DA:209,6
DA:210,5
DA:211,1
DA:213,4
DA:214,4
DA:215,4
DA:217,3
DA:218,3
DA:219,2
DA:220,2
DA:221,1
DA:222,1
DA:224,1
DA:225,1
DA:226,1
DA:227,1
DA:228,1
DA:229,1
DA:230,1
DA:233,1
DA:234,1
DA:237,1
DA:238,1
DA:242,1
DA:243,1
LF:112
LH:105
BRDA:46,0,0,17
BRDA:46,0,1,0
BRDA:47,1,0,17
BRDA:47,1,1,0
BRDA:66,2,0,1
BRDA:66,2,1,1
BRDA:68,3,0,0
BRDA:68,3,1,0
BRDA:68,3,2,0
BRDA:79,4,0,1
BRDA:79,4,1,2
BRDA:97,5,0,1
BRDA:97,5,1,0
BRDA:97,6,0,1
BRDA:97,6,1,1
BRDA:100,7,0,1
BRDA:100,7,1,0
BRDA:108,8,0,1
BRDA:108,8,1,1
BRDA:113,9,0,1
BRDA:113,9,1,0
BRDA:114,10,0,1
BRDA:114,10,1,0
BRDA:116,11,0,1
BRDA:116,11,1,0
BRDA:130,12,0,0
BRDA:130,12,1,5
BRDA:132,13,0,1
BRDA:132,13,1,4
BRDA:141,14,0,1
BRDA:141,14,1,3
BRDA:167,15,0,1
BRDA:167,15,1,1
BRDA:169,16,0,1
BRDA:169,16,1,1
BRDA:177,17,0,1
BRDA:177,17,1,1
BRDA:187,18,0,1
BRDA:187,18,1,1
BRDA:204,19,0,0
BRDA:204,19,1,6
BRDA:210,20,0,1
BRDA:210,20,1,4
BRDA:220,21,0,1
BRDA:220,21,1,1
BRDA:220,22,0,2
BRDA:220,22,1,1
BRDA:222,23,0,1
BRDA:222,23,1,1
BRDA:222,23,2,1
BRF:50
BRH:38
end_of_record
TN:
SF:/Users/qiushi.chen/Desktop/project/datamap_app/src/assets/vue/pages/my-data-page.vue
FN:71,(anonymous_0)
FN:102,(anonymous_1)
FN:109,(anonymous_2)
FN:118,(anonymous_3)
FN:122,(anonymous_4)
FN:128,(anonymous_5)
FN:138,(anonymous_6)
FN:141,(anonymous_7)
FN:144,(anonymous_8)
FN:153,(anonymous_9)
FN:156,(anonymous_10)
FN:159,(anonymous_11)
FN:162,(anonymous_12)
FN:168,(anonymous_13)
FN:171,(anonymous_14)
FN:174,(anonymous_15)
FN:177,(anonymous_16)
FN:185,(anonymous_17)
FN:186,(anonymous_18)
FN:187,(anonymous_19)
FN:188,(anonymous_20)
FN:254,(anonymous_21)
FN:256,(anonymous_22)
FN:259,(anonymous_23)
FN:260,(anonymous_24)
FN:273,(anonymous_25)
FN:274,(anonymous_26)
FN:274,(anonymous_27)
FNF:28
FNH:2
FNDA:1,(anonymous_0)
FNDA:0,(anonymous_1)
FNDA:0,(anonymous_2)
FNDA:0,(anonymous_3)
FNDA:0,(anonymous_4)
FNDA:1,(anonymous_5)
FNDA:0,(anonymous_6)
FNDA:0,(anonymous_7)
FNDA:0,(anonymous_8)
FNDA:0,(anonymous_9)
FNDA:0,(anonymous_10)
FNDA:0,(anonymous_11)
FNDA:0,(anonymous_12)
FNDA:0,(anonymous_13)
FNDA:0,(anonymous_14)
FNDA:0,(anonymous_15)
FNDA:0,(anonymous_16)
FNDA:0,(anonymous_17)
FNDA:0,(anonymous_18)
FNDA:0,(anonymous_19)
FNDA:0,(anonymous_20)
FNDA:0,(anonymous_21)
FNDA:0,(anonymous_22)
FNDA:0,(anonymous_23)
FNDA:0,(anonymous_24)
FNDA:0,(anonymous_25)
FNDA:0,(anonymous_26)
FNDA:0,(anonymous_27)
DA:46,1
DA:47,1
DA:53,1
DA:56,1
DA:71,1
DA:72,1
DA:73,1
DA:74,1
DA:75,1
DA:83,0
DA:84,0
DA:87,0
DA:88,0
DA:91,0
DA:92,0
DA:93,0
DA:96,0
DA:100,0
DA:101,0
DA:103,0
DA:106,0
DA:107,0
DA:110,0
DA:114,1
DA:115,1
DA:117,1
DA:119,0
DA:120,0
DA:121,0
DA:122,0
DA:123,0
DA:125,0
DA:126,0
DA:127,0
DA:129,1
DA:133,0
DA:134,0
DA:135,0
DA:136,0
DA:137,0
DA:138,0
DA:139,0
DA:141,0
DA:142,0
DA:144,0
DA:145,0
DA:151,0
DA:152,0
DA:153,0
DA:154,0
DA:156,0
DA:157,0
DA:159,0
DA:160,0
DA:162,0
DA:163,0
DA:167,0
DA:168,0
DA:169,0
DA:171,0
DA:172,0
DA:174,0
DA:175,0
DA:177,0
DA:178,0
DA:181,0
DA:184,0
DA:185,0
DA:186,0
DA:187,0
DA:188,0
DA:189,0
DA:196,0
DA:203,0
DA:210,0
DA:217,0
DA:220,0
DA:221,0
DA:224,0
DA:225,0
DA:228,0
DA:229,0
DA:232,0
DA:233,0
DA:236,0
DA:237,0
DA:238,0
DA:239,0
DA:246,0
DA:247,0
DA:248,0
DA:249,0
DA:250,0
DA:251,0
DA:252,0
DA:253,0
DA:254,0
DA:255,0
DA:256,0
DA:257,0
DA:259,0
DA:260,0
DA:261,0
DA:262,0
DA:263,0
DA:265,0
DA:267,0
DA:268,0
DA:271,0
DA:273,0
DA:274,0
DA:275,0
DA:276,0
DA:277,0
DA:279,0
DA:281,0
DA:282,0
DA:286,0
DA:288,0
DA:289,0
DA:290,0
DA:292,0
DA:295,0
DA:296,0
DA:297,0
DA:300,0
LF:126
LH:13
BRDA:73,0,0,1
BRDA:73,0,1,0
BRDA:91,1,0,0
BRDA:91,1,1,0
BRDA:104,2,0,0
BRDA:104,2,1,0
BRDA:119,3,0,0
BRDA:119,3,1,0
BRDA:119,3,2,0
BRDA:119,3,3,0
BRDA:134,4,0,0
BRDA:134,4,1,0
BRDA:135,5,0,0
BRDA:135,5,1,0
BRDA:136,6,0,0
BRDA:136,6,1,0
BRDA:151,7,0,0
BRDA:151,7,1,0
BRDA:167,8,0,0
BRDA:167,8,1,0
BRDA:219,9,0,0
BRDA:219,10,0,0
BRDA:223,11,0,0
BRDA:223,12,0,0
BRDA:227,13,0,0
BRDA:227,14,0,0
BRDA:231,15,0,0
BRDA:231,16,0,0
BRDA:249,17,0,0
BRDA:249,17,1,0
BRDA:251,18,0,0
BRDA:251,18,1,0
BRDA:251,18,2,0
BRDA:253,19,0,0
BRDA:253,19,1,0
BRDA:257,20,0,0
BRDA:257,20,1,0
BRDA:257,20,2,0
BRDA:257,20,3,0
BRDA:261,21,0,0
BRDA:261,21,1,0
BRDA:262,22,0,0
BRDA:262,22,1,0
BRDA:262,23,0,0
BRDA:262,23,1,0
BRDA:267,24,0,0
BRDA:267,24,1,0
BRDA:275,25,0,0
BRDA:275,25,1,0
BRDA:276,26,0,0
BRDA:276,26,1,0
BRDA:276,27,0,0
BRDA:276,27,1,0
BRDA:281,28,0,0
BRDA:281,28,1,0
BRDA:289,29,0,0
BRDA:289,29,1,0
BRF:57
BRH:1
end_of_record
TN:
SF:/Users/qiushi.chen/Desktop/project/datamap_app/src/assets/vue/pages/home/profile.vue
FN:35,(anonymous_0)
FNF:1
FNH:1
FNDA:1,(anonymous_0)
DA:35,1
DA:40,1
DA:41,1
LF:3
LH:3
BRF:0
BRH:0
end_of_record
TN:
SF:/Users/qiushi.chen/Desktop/project/datamap_app/src/assets/vue/pages/home/upload.vue
FNF:0
FNH:0
DA:33,2
DA:56,1
DA:57,1
DA:58,1
LF:4
LH:4
BRDA:58,0,0,1
BRDA:58,0,1,0
BRF:2
BRH:1
end_of_record
TN:
SF:/Users/qiushi.chen/Desktop/project/datamap_app/src/assets/vue/pages/home/workspace.vue
FN:75,(anonymous_0)
FN:78,(anonymous_1)
FN:97,(anonymous_2)
FN:102,(anonymous_3)
FN:105,(anonymous_4)
FN:121,(anonymous_5)
FN:124,(anonymous_6)
FN:128,(anonymous_7)
FNF:8
FNH:8
FNDA:3,(anonymous_0)
FNDA:8,(anonymous_1)
FNDA:2,(anonymous_2)
FNDA:1,(anonymous_3)
FNDA:1,(anonymous_4)
FNDA:1,(anonymous_5)
FNDA:2,(anonymous_6)
FNDA:1,(anonymous_7)
DA:57,1
DA:61,5
DA:76,3
DA:79,8
DA:84,1
DA:85,1
DA:88,1
DA:91,1
DA:94,3
DA:95,3
DA:97,3
DA:98,2
DA:102,1
DA:104,1
DA:105,1
DA:106,1
DA:107,1
DA:110,1
DA:112,1
DA:116,1
DA:117,1
DA:118,1
DA:122,1
DA:125,2
DA:126,1
DA:129,1
DA:130,1
DA:134,1
DA:137,1
LF:29
LH:29
BRDA:76,0,0,3
BRDA:76,0,1,0
BRDA:106,1,0,1
BRDA:106,1,1,0
BRDA:110,2,0,1
BRDA:110,2,1,0
BRDA:117,3,0,1
BRDA:117,3,1,1
BRDA:125,4,0,1
BRDA:125,4,1,1
BRF:10
BRH:7
end_of_record
TN:
SF:/Users/qiushi.chen/Desktop/project/datamap_app/src/assets/vuex/storage.js
FNF:0
FNH:0
DA:4,1
DA:6,1
DA:8,1
DA:12,1
DA:14,1
LF:5
LH:5
BRF:0
BRH:0
end_of_record
TN:
SF:/Users/qiushi.chen/Desktop/project/datamap_app/src/assets/vue/pages/data-map-draw.vue
FN:35,(anonymous_0)
FNF:1
FNH:0
FNDA:0,(anonymous_0)
DA:19,0
DA:35,0
DA:36,0
DA:37,0
LF:4
LH:0
BRF:0
BRH:0
end_of_record
TN:
SF:/Users/qiushi.chen/Desktop/project/datamap_app/src/assets/vue/pages/home/my-data.vue
FNF:0
FNH:0
LF:0
LH:0
BRF:0
BRH:0
end_of_record
TN:
SF:/Users/qiushi.chen/Desktop/project/datamap_app/src/changelog.js
FNF:0
FNH:0
LF:0
LH:0
BRF:0
BRH:0
end_of_record
TN:
SF:/Users/qiushi.chen/Desktop/project/datamap_app/src/routes.js
FNF:0
FNH:0
LF:0
LH:0
BRF:0
BRH:0
end_of_record
