TN:
SF:/Users/qiushi.chen/Desktop/project/datamap_app/src/main.vue
FN:23,(anonymous_0)
FN:30,(anonymous_1)
FN:33,(anonymous_2)
FN:44,(anonymous_3)
FN:46,(anonymous_4)
FNF:5
FNH:5
FNDA:2,(anonymous_0)
FNDA:6,(anonymous_1)
FNDA:6,(anonymous_2)
FNDA:2,(anonymous_3)
FNDA:2,(anonymous_4)
DA:17,2
DA:23,2
DA:24,2
DA:25,2
DA:27,2
DA:30,2
DA:31,6
DA:32,6
DA:33,6
DA:34,6
DA:35,0
DA:36,0
DA:37,0
DA:38,0
DA:40,6
DA:44,6
DA:46,2
DA:47,2
LF:18
LH:14
BRDA:25,0,0,2
BRDA:25,0,1,0
BRDA:32,1,0,6
BRDA:32,1,1,0
BRDA:34,2,0,0
BRDA:34,2,1,6
BRDA:34,3,0,6
BRDA:34,3,1,0
BRDA:36,4,0,0
BRDA:36,4,1,0
BRDA:40,5,0,6
BRDA:40,5,1,0
BRF:12
BRH:5
end_of_record
TN:
SF:/Users/qiushi.chen/Desktop/project/datamap_app/src/assets/vue/components/com-grobal-init.js
FN:26,(anonymous_0)
FNF:1
FNH:1
FNDA:1,(anonymous_0)
DA:25,1
DA:27,1
DA:28,1
DA:29,1
DA:30,1
DA:31,1
DA:32,1
DA:33,1
DA:34,1
DA:35,1
DA:36,1
DA:37,1
DA:38,1
DA:39,1
DA:40,1
DA:41,1
DA:42,1
DA:43,1
DA:44,1
DA:45,1
DA:46,1
DA:47,1
LF:22
LH:22
BRF:0
BRH:0
end_of_record
TN:
SF:/Users/qiushi.chen/Desktop/project/datamap_app/src/assets/vue/components/workspace/pie/data-pie.vue
FN:94,(anonymous_0)
FN:112,(anonymous_1)
FN:113,(anonymous_2)
FN:130,(anonymous_3)
FN:134,(anonymous_4)
FN:161,(anonymous_5)
FN:171,(anonymous_6)
FN:197,(anonymous_7)
FN:201,(anonymous_8)
FN:220,(anonymous_9)
FN:235,(anonymous_10)
FN:289,(anonymous_11)
FNF:12
FNH:0
FNDA:0,(anonymous_0)
FNDA:0,(anonymous_1)
FNDA:0,(anonymous_2)
FNDA:0,(anonymous_3)
FNDA:0,(anonymous_4)
FNDA:0,(anonymous_5)
FNDA:0,(anonymous_6)
FNDA:0,(anonymous_7)
FNDA:0,(anonymous_8)
FNDA:0,(anonymous_9)
FNDA:0,(anonymous_10)
FNDA:0,(anonymous_11)
DA:48,1
DA:49,1
DA:50,1
DA:58,1
DA:77,1
DA:78,0
DA:79,0
DA:80,0
DA:81,0
DA:87,0
DA:88,0
DA:89,0
DA:95,0
DA:96,0
DA:97,0
DA:98,0
DA:99,0
DA:100,0
DA:106,0
DA:107,0
DA:108,0
DA:113,0
DA:114,0
DA:124,0
DA:125,0
DA:131,0
DA:132,0
DA:133,0
DA:134,0
DA:135,0
DA:143,0
DA:148,0
DA:149,0
DA:152,0
DA:153,0
DA:157,0
DA:160,0
DA:161,0
DA:162,0
DA:163,0
DA:165,0
DA:171,0
DA:174,0
DA:175,0
DA:176,0
DA:177,0
DA:178,0
DA:179,0
DA:182,0
DA:184,0
DA:185,0
DA:186,0
DA:187,0
DA:188,0
DA:190,0
DA:192,0
DA:193,0
DA:195,0
DA:196,0
DA:197,0
DA:198,0
DA:201,0
DA:202,0
DA:203,0
DA:204,0
DA:208,0
DA:209,0
DA:210,0
DA:211,0
DA:212,0
DA:213,0
DA:215,0
DA:216,0
DA:217,0
DA:218,0
DA:219,0
DA:220,0
DA:221,0
DA:223,0
DA:225,0
DA:226,0
DA:228,0
DA:229,0
DA:230,0
DA:231,0
DA:232,0
DA:233,0
DA:235,0
DA:236,0
DA:237,0
DA:238,0
DA:239,0
DA:240,0
DA:241,0
DA:242,0
DA:243,0
DA:244,0
DA:245,0
DA:248,0
DA:249,0
DA:250,0
DA:251,0
DA:252,0
DA:253,0
DA:254,0
DA:256,0
DA:274,0
DA:275,0
DA:277,0
DA:278,0
DA:281,0
DA:290,0
DA:298,0
DA:299,0
DA:320,0
DA:321,0
LF:116
LH:5
BRDA:77,0,0,0
BRDA:77,0,1,1
BRDA:87,1,0,0
BRDA:87,1,1,0
BRDA:87,2,0,0
BRDA:87,2,1,0
BRDA:87,2,2,0
BRDA:95,3,0,0
BRDA:95,3,1,0
BRDA:97,4,0,0
BRDA:97,4,1,0
BRDA:106,5,0,0
BRDA:106,5,1,0
BRDA:106,6,0,0
BRDA:106,6,1,0
BRDA:106,6,2,0
BRDA:114,7,0,0
BRDA:114,7,1,0
BRDA:114,7,2,0
BRDA:123,8,0,0
BRDA:131,9,0,0
BRDA:131,9,1,0
BRDA:135,10,0,0
BRDA:135,10,1,0
BRDA:153,11,0,0
BRDA:153,11,1,0
BRDA:153,12,0,0
BRDA:153,12,1,0
BRDA:156,13,0,0
BRDA:157,14,0,0
BRDA:157,14,1,0
BRDA:157,15,0,0
BRDA:157,15,1,0
BRDA:160,16,0,0
BRDA:160,16,1,0
BRDA:162,17,0,0
BRDA:162,17,1,0
BRDA:162,18,0,0
BRDA:162,18,1,0
BRDA:171,19,0,0
BRDA:171,19,1,0
BRDA:176,20,0,0
BRDA:176,20,1,0
BRDA:196,21,0,0
BRDA:196,21,1,0
BRDA:197,22,0,0
BRDA:197,22,1,0
BRDA:197,23,0,0
BRDA:197,23,1,0
BRDA:203,24,0,0
BRDA:203,24,1,0
BRDA:203,25,0,0
BRDA:203,25,1,0
BRDA:203,26,0,0
BRDA:203,26,1,0
BRDA:211,27,0,0
BRDA:211,27,1,0
BRDA:211,28,0,0
BRDA:211,28,1,0
BRDA:213,29,0,0
BRDA:213,29,1,0
BRDA:217,30,0,0
BRDA:217,30,1,0
BRDA:218,31,0,0
BRDA:218,31,1,0
BRDA:221,32,0,0
BRDA:221,32,1,0
BRDA:229,33,0,0
BRDA:229,33,1,0
BRDA:230,34,0,0
BRDA:230,34,1,0
BRDA:233,35,0,0
BRDA:233,35,1,0
BRDA:238,36,0,0
BRDA:238,36,1,0
BRDA:238,37,0,0
BRDA:238,37,1,0
BRDA:241,38,0,0
BRDA:241,38,1,0
BRDA:265,39,0,0
BRDA:265,39,1,0
BRDA:266,40,0,0
BRDA:266,40,1,0
BRDA:267,41,0,0
BRDA:267,41,1,0
BRDA:274,42,0,0
BRDA:274,42,1,0
BRDA:275,43,0,0
BRDA:275,43,1,0
BRDA:277,44,0,0
BRDA:277,44,1,0
BRDA:281,45,0,0
BRDA:281,45,1,0
BRDA:291,46,0,0
BRDA:291,46,1,0
BRDA:292,47,0,0
BRDA:292,47,1,0
BRDA:298,48,0,0
BRDA:298,48,1,0
BRDA:298,49,0,0
BRDA:298,49,1,0
BRF:101
BRH:1
end_of_record
TN:
SF:/Users/qiushi.chen/Desktop/project/datamap_app/src/assets/vue/components/commons/filters-panel.vue
FN:32,(anonymous_0)
FNF:1
FNH:0
FNDA:0,(anonymous_0)
DA:16,0
DA:22,0
DA:26,0
DA:27,0
DA:31,0
DA:32,0
DA:33,0
DA:34,0
DA:35,0
DA:40,0
DA:42,0
DA:44,0
DA:45,0
DA:46,0
DA:47,0
DA:48,0
DA:50,0
DA:52,0
DA:53,0
DA:58,0
DA:61,0
DA:62,0
DA:63,0
DA:64,0
DA:66,0
DA:67,0
DA:69,0
DA:70,0
DA:72,0
DA:73,0
DA:78,0
DA:83,0
DA:84,0
LF:33
LH:0
BRDA:34,0,0,0
BRDA:34,0,1,0
BRDA:34,1,0,0
BRDA:34,1,1,0
BRDA:34,1,2,0
BRDA:42,2,0,0
BRDA:42,2,1,0
BRDA:42,3,0,0
BRDA:42,3,1,0
BRDA:42,3,2,0
BRDA:45,4,0,0
BRDA:45,4,1,0
BRDA:47,5,0,0
BRDA:47,5,1,0
BRDA:50,6,0,0
BRDA:50,6,1,0
BRDA:52,7,0,0
BRDA:52,7,1,0
BRDA:61,8,0,0
BRDA:61,8,1,0
BRDA:61,9,0,0
BRDA:61,9,1,0
BRDA:61,9,2,0
BRDA:63,10,0,0
BRDA:63,10,1,0
BRDA:63,11,0,0
BRDA:63,11,1,0
BRDA:66,12,0,0
BRDA:66,12,1,0
BRDA:69,13,0,0
BRDA:69,13,1,0
BRDA:72,14,0,0
BRDA:72,14,1,0
BRF:33
BRH:0
end_of_record
TN:
SF:/Users/qiushi.chen/Desktop/project/datamap_app/src/assets/vue/components/workspace/radar/data-radar.vue
FN:92,(anonymous_0)
FN:119,(anonymous_1)
FN:130,(anonymous_2)
FN:147,(anonymous_3)
FN:180,(anonymous_4)
FN:196,(anonymous_5)
FN:198,(anonymous_6)
FN:276,(anonymous_7)
FNF:8
FNH:0
FNDA:0,(anonymous_0)
FNDA:0,(anonymous_1)
FNDA:0,(anonymous_2)
FNDA:0,(anonymous_3)
FNDA:0,(anonymous_4)
FNDA:0,(anonymous_5)
FNDA:0,(anonymous_6)
FNDA:0,(anonymous_7)
DA:47,1
DA:49,1
DA:50,1
DA:58,1
DA:75,1
DA:76,0
DA:77,0
DA:78,0
DA:79,0
DA:85,0
DA:86,0
DA:87,0
DA:93,0
DA:94,0
DA:95,0
DA:96,0
DA:97,0
DA:98,0
DA:104,0
DA:105,0
DA:106,0
DA:113,0
DA:114,0
DA:120,0
DA:121,0
DA:125,0
DA:126,0
DA:129,0
DA:130,0
DA:131,0
DA:132,0
DA:134,0
DA:140,0
DA:141,0
DA:144,0
DA:147,0
DA:150,0
DA:151,0
DA:152,0
DA:153,0
DA:154,0
DA:155,0
DA:157,0
DA:159,0
DA:160,0
DA:161,0
DA:162,0
DA:163,0
DA:164,0
DA:165,0
DA:166,0
DA:167,0
DA:168,0
DA:170,0
DA:171,0
DA:172,0
DA:175,0
DA:176,0
DA:177,0
DA:178,0
DA:179,0
DA:180,0
DA:181,0
DA:182,0
DA:183,0
DA:184,0
DA:186,0
DA:187,0
DA:188,0
DA:189,0
DA:192,0
DA:193,0
DA:194,0
DA:195,0
DA:196,0
DA:197,0
DA:198,0
DA:199,0
DA:200,0
DA:202,0
DA:203,0
DA:204,0
DA:205,0
DA:206,0
DA:207,0
DA:208,0
DA:210,0
DA:212,0
DA:213,0
DA:214,0
DA:215,0
DA:216,0
DA:217,0
DA:218,0
DA:219,0
DA:222,0
DA:261,0
DA:268,0
DA:277,0
DA:285,0
DA:286,0
DA:303,0
DA:309,0
DA:310,0
LF:104
LH:5
BRDA:75,0,0,0
BRDA:75,0,1,1
BRDA:85,1,0,0
BRDA:85,1,1,0
BRDA:85,2,0,0
BRDA:85,2,1,0
BRDA:85,2,2,0
BRDA:93,3,0,0
BRDA:93,3,1,0
BRDA:95,4,0,0
BRDA:95,4,1,0
BRDA:104,5,0,0
BRDA:104,5,1,0
BRDA:104,6,0,0
BRDA:104,6,1,0
BRDA:104,6,2,0
BRDA:112,7,0,0
BRDA:129,8,0,0
BRDA:129,8,1,0
BRDA:131,9,0,0
BRDA:131,9,1,0
BRDA:131,10,0,0
BRDA:131,10,1,0
BRDA:141,11,0,0
BRDA:141,11,1,0
BRDA:141,12,0,0
BRDA:141,12,1,0
BRDA:143,13,0,0
BRDA:144,14,0,0
BRDA:144,14,1,0
BRDA:144,15,0,0
BRDA:144,15,1,0
BRDA:147,16,0,0
BRDA:147,16,1,0
BRDA:168,17,0,0
BRDA:168,17,1,0
BRDA:172,18,0,0
BRDA:172,18,1,0
BRDA:175,19,0,0
BRDA:175,19,1,0
BRDA:175,20,0,0
BRDA:175,20,1,0
BRDA:176,21,0,0
BRDA:176,21,1,0
BRDA:178,22,0,0
BRDA:178,22,1,0
BRDA:181,23,0,0
BRDA:181,23,1,0
BRDA:182,24,0,0
BRDA:182,24,1,0
BRDA:182,25,0,0
BRDA:182,25,1,0
BRDA:183,26,0,0
BRDA:183,26,1,0
BRDA:188,27,0,0
BRDA:188,27,1,0
BRDA:189,28,0,0
BRDA:189,28,1,0
BRDA:193,29,0,0
BRDA:193,29,1,0
BRDA:194,30,0,0
BRDA:194,30,1,0
BRDA:199,31,0,0
BRDA:199,31,1,0
BRDA:203,32,0,0
BRDA:203,32,1,0
BRDA:203,33,0,0
BRDA:203,33,1,0
BRDA:206,34,0,0
BRDA:206,34,1,0
BRDA:233,35,0,0
BRDA:233,35,1,0
BRDA:248,36,0,0
BRDA:248,36,1,0
BRDA:258,37,0,0
BRDA:258,37,1,0
BRDA:266,38,0,0
BRDA:266,38,1,0
BRDA:266,39,0,0
BRDA:266,39,1,0
BRDA:268,40,0,0
BRDA:268,40,1,0
BRDA:278,41,0,0
BRDA:278,41,1,0
BRDA:279,42,0,0
BRDA:279,42,1,0
BRDA:280,43,0,0
BRDA:280,43,1,0
BRDA:285,44,0,0
BRDA:285,44,1,0
BRDA:285,45,0,0
BRDA:285,45,1,0
BRDA:304,46,0,0
BRDA:304,46,1,0
BRDA:305,47,0,0
BRDA:305,47,1,0
BRDA:306,48,0,0
BRDA:306,48,1,0
BRDA:307,49,0,0
BRDA:307,49,1,0
BRF:100
BRH:1
end_of_record
TN:
SF:/Users/qiushi.chen/Desktop/project/datamap_app/src/assets/vue/components/workspace/chart/data-bar.vue
FN:105,(anonymous_0)
FN:123,(anonymous_1)
FN:124,(anonymous_2)
FN:140,(anonymous_3)
FN:143,(anonymous_4)
FN:176,(anonymous_5)
FN:186,(anonymous_6)
FN:232,(anonymous_7)
FN:235,(anonymous_8)
FN:237,(anonymous_9)
FN:242,(anonymous_10)
FN:247,(anonymous_11)
FN:252,(anonymous_12)
FN:257,(anonymous_13)
FN:277,(anonymous_14)
FN:284,(anonymous_15)
FN:285,(anonymous_16)
FN:298,(anonymous_17)
FN:299,(anonymous_18)
FN:317,(anonymous_19)
FN:323,(anonymous_20)
FN:325,(anonymous_21)
FN:335,(anonymous_22)
FN:340,(anonymous_23)
FN:341,(anonymous_24)
FN:374,(anonymous_25)
FN:392,(anonymous_26)
FN:421,(anonymous_27)
FN:427,(anonymous_28)
FN:433,(anonymous_29)
FN:449,(anonymous_30)
FN:478,(anonymous_31)
FN:513,(anonymous_32)
FN:539,(anonymous_33)
FN:572,(anonymous_34)
FN:631,(anonymous_35)
FN:633,(anonymous_36)
FN:641,(anonymous_37)
FN:658,(anonymous_38)
FNF:39
FNH:0
FNDA:0,(anonymous_0)
FNDA:0,(anonymous_1)
FNDA:0,(anonymous_2)
FNDA:0,(anonymous_3)
FNDA:0,(anonymous_4)
FNDA:0,(anonymous_5)
FNDA:0,(anonymous_6)
FNDA:0,(anonymous_7)
FNDA:0,(anonymous_8)
FNDA:0,(anonymous_9)
FNDA:0,(anonymous_10)
FNDA:0,(anonymous_11)
FNDA:0,(anonymous_12)
FNDA:0,(anonymous_13)
FNDA:0,(anonymous_14)
FNDA:0,(anonymous_15)
FNDA:0,(anonymous_16)
FNDA:0,(anonymous_17)
FNDA:0,(anonymous_18)
FNDA:0,(anonymous_19)
FNDA:0,(anonymous_20)
FNDA:0,(anonymous_21)
FNDA:0,(anonymous_22)
FNDA:0,(anonymous_23)
FNDA:0,(anonymous_24)
FNDA:0,(anonymous_25)
FNDA:0,(anonymous_26)
FNDA:0,(anonymous_27)
FNDA:0,(anonymous_28)
FNDA:0,(anonymous_29)
FNDA:0,(anonymous_30)
FNDA:0,(anonymous_31)
FNDA:0,(anonymous_32)
FNDA:0,(anonymous_33)
FNDA:0,(anonymous_34)
FNDA:0,(anonymous_35)
FNDA:0,(anonymous_36)
FNDA:0,(anonymous_37)
FNDA:0,(anonymous_38)
DA:54,1
DA:55,1
DA:59,1
DA:61,1
DA:62,1
DA:63,1
DA:72,1
DA:88,1
DA:89,0
DA:90,0
DA:91,0
DA:92,0
DA:98,0
DA:99,0
DA:100,0
DA:106,0
DA:107,0
DA:108,0
DA:109,0
DA:110,0
DA:111,0
DA:117,0
DA:118,0
DA:119,0
DA:124,0
DA:125,0
DA:135,0
DA:136,0
DA:141,0
DA:142,0
DA:143,0
DA:144,0
DA:153,0
DA:154,0
DA:157,0
DA:158,0
DA:162,0
DA:165,0
DA:167,0
DA:168,0
DA:169,0
DA:170,0
DA:172,0
DA:175,0
DA:176,0
DA:177,0
DA:178,0
DA:180,0
DA:186,0
DA:189,0
DA:190,0
DA:191,0
DA:192,0
DA:193,0
DA:194,0
DA:195,0
DA:196,0
DA:197,0
DA:198,0
DA:199,0
DA:200,0
DA:203,0
DA:205,0
DA:206,0
DA:207,0
DA:208,0
DA:209,0
DA:210,0
DA:211,0
DA:212,0
DA:213,0
DA:215,0
DA:217,0
DA:218,0
DA:219,0
DA:220,0
DA:221,0
DA:222,0
DA:224,0
DA:226,0
DA:227,0
DA:229,0
DA:230,0
DA:231,0
DA:232,0
DA:233,0
DA:234,0
DA:235,0
DA:236,0
DA:237,0
DA:238,0
DA:242,0
DA:243,0
DA:244,0
DA:245,0
DA:246,0
DA:247,0
DA:248,0
DA:249,0
DA:251,0
DA:252,0
DA:253,0
DA:254,0
DA:257,0
DA:260,0
DA:261,0
DA:262,0
DA:263,0
DA:264,0
DA:265,0
DA:266,0
DA:268,0
DA:269,0
DA:272,0
DA:274,0
DA:276,0
DA:277,0
DA:278,0
DA:279,0
DA:280,0
DA:281,0
DA:282,0
DA:283,0
DA:284,0
DA:285,0
DA:286,0
DA:287,0
DA:288,0
DA:289,0
DA:294,0
DA:295,0
DA:296,0
DA:297,0
DA:298,0
DA:299,0
DA:300,0
DA:301,0
DA:306,0
DA:308,0
DA:310,0
DA:311,0
DA:312,0
DA:313,0
DA:314,0
DA:315,0
DA:317,0
DA:318,0
DA:319,0
DA:320,0
DA:321,0
DA:322,0
DA:323,0
DA:324,0
DA:325,0
DA:326,0
DA:329,0
DA:331,0
DA:333,0
DA:334,0
DA:335,0
DA:336,0
DA:337,0
DA:338,0
DA:340,0
DA:341,0
DA:345,0
DA:346,0
DA:347,0
DA:348,0
DA:349,0
DA:350,0
DA:351,0
DA:352,0
DA:353,0
DA:356,0
DA:357,0
DA:358,0
DA:359,0
DA:360,0
DA:361,0
DA:362,0
DA:363,0
DA:364,0
DA:366,0
DA:367,0
DA:368,0
DA:369,0
DA:370,0
DA:371,0
DA:372,0
DA:373,0
DA:374,0
DA:375,0
DA:376,0
DA:377,0
DA:378,0
DA:381,0
DA:393,0
DA:394,0
DA:395,0
DA:396,0
DA:398,0
DA:404,0
DA:405,0
DA:406,0
DA:407,0
DA:408,0
DA:409,0
DA:410,0
DA:411,0
DA:412,0
DA:413,0
DA:415,0
DA:416,0
DA:417,0
DA:418,0
DA:419,0
DA:421,0
DA:422,0
DA:423,0
DA:424,0
DA:425,0
DA:426,0
DA:427,0
DA:428,0
DA:429,0
DA:432,0
DA:433,0
DA:434,0
DA:435,0
DA:439,0
DA:440,0
DA:441,0
DA:442,0
DA:443,0
DA:444,0
DA:445,0
DA:446,0
DA:447,0
DA:449,0
DA:450,0
DA:451,0
DA:456,0
DA:457,0
DA:458,0
DA:460,0
DA:461,0
DA:462,0
DA:463,0
DA:464,0
DA:465,0
DA:466,0
DA:468,0
DA:479,0
DA:480,0
DA:481,0
DA:482,0
DA:484,0
DA:490,0
DA:491,0
DA:493,0
DA:495,0
DA:496,0
DA:497,0
DA:499,0
DA:502,0
DA:503,0
DA:504,0
DA:505,0
DA:506,0
DA:507,0
DA:508,0
DA:511,0
DA:512,0
DA:513,0
DA:516,0
DA:537,0
DA:538,0
DA:539,0
DA:540,0
DA:542,0
DA:543,0
DA:546,0
DA:548,0
DA:549,0
DA:570,0
DA:571,0
DA:572,0
DA:573,0
DA:575,0
DA:576,0
DA:579,0
DA:582,0
DA:603,0
DA:604,0
DA:605,0
DA:608,0
DA:615,0
DA:622,0
DA:632,0
DA:633,0
DA:634,0
DA:640,0
DA:641,0
DA:642,0
DA:645,0
DA:651,0
DA:652,0
DA:657,0
DA:658,0
DA:659,0
DA:662,0
DA:670,0
DA:671,0
DA:690,0
DA:692,0
DA:693,0
LF:317
LH:8
BRDA:88,0,0,0
BRDA:88,0,1,1
BRDA:98,1,0,0
BRDA:98,1,1,0
BRDA:98,2,0,0
BRDA:98,2,1,0
BRDA:98,2,2,0
BRDA:106,3,0,0
BRDA:106,3,1,0
BRDA:108,4,0,0
BRDA:108,4,1,0
BRDA:117,5,0,0
BRDA:117,5,1,0
BRDA:117,6,0,0
BRDA:117,6,1,0
BRDA:117,6,2,0
BRDA:125,7,0,0
BRDA:125,7,1,0
BRDA:125,7,2,0
BRDA:134,8,0,0
BRDA:144,9,0,0
BRDA:144,9,1,0
BRDA:158,10,0,0
BRDA:158,10,1,0
BRDA:158,11,0,0
BRDA:158,11,1,0
BRDA:161,12,0,0
BRDA:162,13,0,0
BRDA:162,13,1,0
BRDA:162,14,0,0
BRDA:162,14,1,0
BRDA:167,15,0,0
BRDA:167,15,1,0
BRDA:167,16,0,0
BRDA:167,16,1,0
BRDA:169,17,0,0
BRDA:169,17,1,0
BRDA:169,18,0,0
BRDA:169,18,1,0
BRDA:175,19,0,0
BRDA:175,19,1,0
BRDA:177,20,0,0
BRDA:177,20,1,0
BRDA:177,21,0,0
BRDA:177,21,1,0
BRDA:186,22,0,0
BRDA:186,22,1,0
BRDA:194,23,0,0
BRDA:194,23,1,0
BRDA:198,24,0,0
BRDA:198,24,1,0
BRDA:220,25,0,0
BRDA:220,25,1,0
BRDA:221,26,0,0
BRDA:221,26,1,0
BRDA:230,27,0,0
BRDA:230,27,1,0
BRDA:234,28,0,0
BRDA:234,28,1,0
BRDA:236,29,0,0
BRDA:236,29,1,0
BRDA:237,30,0,0
BRDA:237,30,1,0
BRDA:238,31,0,0
BRDA:238,31,1,0
BRDA:238,32,0,0
BRDA:238,32,1,0
BRDA:243,33,0,0
BRDA:243,33,1,0
BRDA:243,34,0,0
BRDA:243,34,1,0
BRDA:244,35,0,0
BRDA:244,35,1,0
BRDA:246,36,0,0
BRDA:246,36,1,0
BRDA:251,37,0,0
BRDA:251,37,1,0
BRDA:254,38,0,0
BRDA:254,38,1,0
BRDA:261,39,0,0
BRDA:261,39,1,0
BRDA:265,40,0,0
BRDA:265,40,1,0
BRDA:266,41,0,0
BRDA:266,41,1,0
BRDA:269,42,0,0
BRDA:269,42,1,0
BRDA:276,43,0,0
BRDA:276,43,1,0
BRDA:277,44,0,0
BRDA:277,44,1,0
BRDA:279,45,0,0
BRDA:279,45,1,0
BRDA:282,46,0,0
BRDA:282,46,1,0
BRDA:286,47,0,0
BRDA:286,47,1,0
BRDA:295,48,0,0
BRDA:295,48,1,0
BRDA:295,49,0,0
BRDA:295,49,1,0
BRDA:299,50,0,0
BRDA:299,50,1,0
BRDA:312,51,0,0
BRDA:312,51,1,0
BRDA:313,52,0,0
BRDA:313,52,1,0
BRDA:314,53,0,0
BRDA:314,53,1,0
BRDA:314,54,0,0
BRDA:314,54,1,0
BRDA:315,55,0,0
BRDA:315,55,1,0
BRDA:320,56,0,0
BRDA:320,56,1,0
BRDA:322,57,0,0
BRDA:322,57,1,0
BRDA:324,58,0,0
BRDA:324,58,1,0
BRDA:325,59,0,0
BRDA:325,59,1,0
BRDA:326,60,0,0
BRDA:326,60,1,0
BRDA:326,61,0,0
BRDA:326,61,1,0
BRDA:331,62,0,0
BRDA:331,62,1,0
BRDA:334,63,0,0
BRDA:334,63,1,0
BRDA:335,64,0,0
BRDA:335,64,1,0
BRDA:337,65,0,0
BRDA:337,65,1,0
BRDA:337,66,0,0
BRDA:337,66,1,0
BRDA:337,66,2,0
BRDA:337,66,3,0
BRDA:337,66,4,0
BRDA:338,67,0,0
BRDA:338,67,1,0
BRDA:340,68,0,0
BRDA:340,68,1,0
BRDA:349,69,0,0
BRDA:349,69,1,0
BRDA:356,70,0,0
BRDA:356,70,1,0
BRDA:357,71,0,0
BRDA:357,71,1,0
BRDA:360,72,0,0
BRDA:360,72,1,0
BRDA:360,73,0,0
BRDA:360,73,1,0
BRDA:362,74,0,0
BRDA:362,74,1,0
BRDA:363,75,0,0
BRDA:363,75,1,0
BRDA:367,76,0,0
BRDA:367,76,1,0
BRDA:367,77,0,0
BRDA:367,77,1,0
BRDA:370,78,0,0
BRDA:370,78,1,0
BRDA:375,79,0,0
BRDA:375,79,1,0
BRDA:376,80,0,0
BRDA:376,80,1,0
BRDA:376,81,0,0
BRDA:376,81,1,0
BRDA:393,82,0,0
BRDA:393,82,1,0
BRDA:395,83,0,0
BRDA:395,83,1,0
BRDA:404,84,0,0
BRDA:404,84,1,0
BRDA:406,85,0,0
BRDA:406,85,1,0
BRDA:407,86,0,0
BRDA:407,86,1,0
BRDA:416,87,0,0
BRDA:416,87,1,0
BRDA:422,88,0,0
BRDA:422,88,1,0
BRDA:423,89,0,0
BRDA:423,89,1,0
BRDA:423,90,0,0
BRDA:423,90,1,0
BRDA:424,91,0,0
BRDA:424,91,1,0
BRDA:426,92,0,0
BRDA:426,92,1,0
BRDA:428,93,0,0
BRDA:428,93,1,0
BRDA:429,94,0,0
BRDA:429,94,1,0
BRDA:432,95,0,0
BRDA:432,95,1,0
BRDA:432,96,0,0
BRDA:432,96,1,0
BRDA:441,97,0,0
BRDA:441,97,1,0
BRDA:444,98,0,0
BRDA:444,98,1,0
BRDA:445,99,0,0
BRDA:445,99,1,0
BRDA:446,100,0,0
BRDA:446,100,1,0
BRDA:457,101,0,0
BRDA:457,101,1,0
BRDA:458,102,0,0
BRDA:458,102,1,0
BRDA:458,103,0,0
BRDA:458,103,1,0
BRDA:461,104,0,0
BRDA:461,104,1,0
BRDA:461,105,0,0
BRDA:461,105,1,0
BRDA:461,105,2,0
BRDA:464,106,0,0
BRDA:464,106,1,0
BRDA:479,107,0,0
BRDA:479,107,1,0
BRDA:481,108,0,0
BRDA:481,108,1,0
BRDA:490,109,0,0
BRDA:490,109,1,0
BRDA:493,110,0,0
BRDA:493,110,1,0
BRDA:497,111,0,0
BRDA:497,111,1,0
BRDA:511,112,0,0
BRDA:511,112,1,0
BRDA:513,113,0,0
BRDA:513,113,1,0
BRDA:528,114,0,0
BRDA:528,114,1,0
BRDA:537,115,0,0
BRDA:537,115,1,0
BRDA:540,116,0,0
BRDA:540,116,1,0
BRDA:542,117,0,0
BRDA:542,117,1,0
BRDA:548,118,0,0
BRDA:548,118,1,0
BRDA:561,119,0,0
BRDA:561,119,1,0
BRDA:570,120,0,0
BRDA:570,120,1,0
BRDA:573,121,0,0
BRDA:573,121,1,0
BRDA:575,122,0,0
BRDA:575,122,1,0
BRDA:595,123,0,0
BRDA:595,123,1,0
BRDA:603,124,0,0
BRDA:603,124,1,0
BRDA:611,125,0,0
BRDA:611,125,1,0
BRDA:612,126,0,0
BRDA:612,126,1,0
BRDA:620,127,0,0
BRDA:620,127,1,0
BRDA:620,128,0,0
BRDA:620,128,1,0
BRDA:622,129,0,0
BRDA:622,129,1,0
BRDA:623,130,0,0
BRDA:623,130,1,0
BRDA:632,131,0,0
BRDA:632,131,1,0
BRDA:636,132,0,0
BRDA:636,132,1,0
BRDA:637,133,0,0
BRDA:637,133,1,0
BRDA:637,134,0,0
BRDA:637,134,1,0
BRDA:640,135,0,0
BRDA:640,135,1,0
BRDA:642,136,0,0
BRDA:642,136,1,0
BRDA:646,137,0,0
BRDA:646,137,1,0
BRDA:646,138,0,0
BRDA:646,138,1,0
BRDA:654,139,0,0
BRDA:654,139,1,0
BRDA:655,140,0,0
BRDA:655,140,1,0
BRDA:655,141,0,0
BRDA:655,141,1,0
BRDA:657,142,0,0
BRDA:657,142,1,0
BRDA:659,143,0,0
BRDA:659,143,1,0
BRDA:670,144,0,0
BRDA:670,144,1,0
BRDA:670,145,0,0
BRDA:670,145,1,0
BRF:297
BRH:1
end_of_record
TN:
SF:/Users/qiushi.chen/Desktop/project/datamap_app/src/assets/vue/components/workspace/table/display-table.vue
FN:82,(anonymous_0)
FN:118,(anonymous_1)
FN:138,(anonymous_2)
FN:140,(anonymous_3)
FN:143,(anonymous_4)
FN:146,(anonymous_5)
FNF:6
FNH:1
FNDA:1,(anonymous_0)
FNDA:0,(anonymous_1)
FNDA:0,(anonymous_2)
FNDA:0,(anonymous_3)
FNDA:0,(anonymous_4)
FNDA:0,(anonymous_5)
DA:48,2
DA:65,2
DA:66,0
DA:67,0
DA:68,0
DA:69,0
DA:75,0
DA:76,0
DA:77,0
DA:83,1
DA:84,1
DA:85,0
DA:86,0
DA:87,0
DA:88,0
DA:89,0
DA:95,0
DA:96,0
DA:97,0
DA:104,0
DA:105,0
DA:106,0
DA:107,0
DA:109,0
DA:112,0
DA:113,0
DA:119,0
DA:120,0
DA:124,0
DA:125,0
DA:128,0
DA:132,0
DA:133,0
DA:134,0
DA:135,0
DA:136,0
DA:137,0
DA:138,0
DA:139,0
DA:140,0
DA:141,0
DA:143,0
DA:144,0
DA:145,0
DA:146,0
DA:148,0
DA:149,0
DA:150,0
DA:151,0
DA:152,0
DA:153,0
DA:154,0
DA:157,0
DA:158,0
LF:54
LH:4
BRDA:56,0,0,0
BRDA:56,0,1,2
BRDA:65,1,0,0
BRDA:65,1,1,2
BRDA:75,2,0,0
BRDA:75,2,1,0
BRDA:75,3,0,0
BRDA:75,3,1,0
BRDA:75,3,2,0
BRDA:84,4,0,0
BRDA:84,4,1,1
BRDA:86,5,0,0
BRDA:86,5,1,0
BRDA:95,6,0,0
BRDA:95,6,1,0
BRDA:95,7,0,0
BRDA:95,7,1,0
BRDA:95,7,2,0
BRDA:106,8,0,0
BRDA:106,8,1,0
BRDA:111,9,0,0
BRDA:128,10,0,0
BRDA:128,10,1,0
BRDA:128,11,0,0
BRDA:128,11,1,0
BRDA:133,12,0,0
BRDA:133,12,1,0
BRDA:133,12,2,0
BRDA:134,13,0,0
BRDA:134,13,1,0
BRDA:135,14,0,0
BRDA:135,14,1,0
BRDA:137,15,0,0
BRDA:137,15,1,0
BRDA:138,16,0,0
BRDA:138,16,1,0
BRDA:144,17,0,0
BRDA:144,17,1,0
BRDA:148,18,0,0
BRDA:148,18,1,0
BRDA:153,19,0,0
BRDA:153,19,1,0
BRF:42
BRH:3
end_of_record
TN:
SF:/Users/qiushi.chen/Desktop/project/datamap_app/src/assets/vue/components/commons/md-pagination.vue
FN:47,(anonymous_0)
FNF:1
FNH:1
FNDA:1,(anonymous_0)
DA:36,1
DA:48,1
DA:49,1
DA:50,0
DA:51,0
DA:54,1
DA:55,1
DA:57,1
DA:61,1
DA:62,1
DA:63,1
DA:64,1
DA:67,0
DA:68,0
DA:70,1
DA:74,1
DA:77,4
DA:78,4
DA:80,2
DA:81,1
DA:82,1
DA:83,1
DA:84,1
DA:85,1
DA:87,2
DA:89,1
DA:90,1
DA:91,1
DA:92,1
DA:93,1
DA:94,0
DA:96,1
DA:98,1
DA:99,1
DA:100,1
DA:101,1
DA:102,0
DA:103,0
DA:105,1
DA:106,0
DA:107,0
DA:110,1
DA:111,1
DA:112,1
DA:115,1
DA:118,4
DA:119,3
DA:120,3
DA:124,5
DA:125,4
DA:126,2
DA:127,2
DA:129,2
DA:130,2
DA:131,2
DA:133,0
DA:134,0
DA:135,0
DA:139,1
DA:140,1
DA:141,0
DA:143,1
LF:62
LH:49
BRDA:49,0,0,0
BRDA:49,0,1,1
BRDA:62,1,0,1
BRDA:62,1,1,0
BRDA:74,2,0,1
BRDA:74,2,1,1
BRDA:78,3,0,2
BRDA:78,3,1,1
BRDA:78,3,2,1
BRDA:80,4,0,1
BRDA:80,4,1,1
BRDA:84,5,0,1
BRDA:84,5,1,0
BRDA:89,6,0,1
BRDA:89,6,1,0
BRDA:93,7,0,0
BRDA:93,7,1,1
BRDA:98,8,0,1
BRDA:98,8,1,0
BRDA:101,9,0,0
BRDA:101,9,1,1
BRDA:101,10,0,1
BRDA:101,10,1,0
BRDA:105,11,0,0
BRDA:105,11,1,1
BRDA:105,12,0,1
BRDA:105,12,1,0
BRDA:110,13,0,1
BRDA:110,13,1,0
BRDA:118,14,0,3
BRDA:118,14,1,1
BRDA:124,15,0,4
BRDA:124,15,1,1
BRDA:125,16,0,2
BRDA:125,16,1,2
BRDA:125,17,0,4
BRDA:125,17,1,2
BRDA:129,18,0,2
BRDA:129,18,1,0
BRDA:133,19,0,0
BRDA:133,19,1,0
BRF:41
BRH:27
end_of_record
TN:
SF:/Users/qiushi.chen/Desktop/project/datamap_app/src/assets/vue/components/workspace/table/hot-table.vue
FN:87,(anonymous_0)
FN:116,(anonymous_1)
FN:127,(anonymous_2)
FN:153,(anonymous_3)
FN:159,(anonymous_4)
FN:160,(anonymous_5)
FN:166,(anonymous_6)
FNF:7
FNH:1
FNDA:1,(anonymous_0)
FNDA:0,(anonymous_1)
FNDA:0,(anonymous_2)
FNDA:0,(anonymous_3)
FNDA:0,(anonymous_4)
FNDA:0,(anonymous_5)
FNDA:0,(anonymous_6)
DA:48,2
DA:70,2
DA:71,0
DA:72,0
DA:73,0
DA:74,0
DA:80,0
DA:81,0
DA:82,0
DA:88,1
DA:89,1
DA:90,0
DA:91,0
DA:92,0
DA:93,0
DA:94,0
DA:100,0
DA:101,0
DA:102,0
DA:109,0
DA:110,0
DA:111,0
DA:112,0
DA:114,0
DA:115,0
DA:116,0
DA:117,0
DA:121,0
DA:122,0
DA:128,0
DA:129,0
DA:133,0
DA:134,0
DA:137,0
DA:141,0
DA:142,0
DA:143,0
DA:144,0
DA:145,0
DA:146,0
DA:147,0
DA:148,0
DA:149,0
DA:150,0
DA:152,0
DA:153,0
DA:154,0
DA:155,0
DA:157,0
DA:158,0
DA:159,0
DA:160,0
DA:161,0
DA:163,0
DA:164,0
DA:166,0
DA:167,0
DA:168,0
DA:169,0
DA:170,0
DA:172,0
DA:173,0
DA:174,0
DA:175,0
DA:176,0
DA:179,0
DA:180,0
DA:181,0
DA:182,0
DA:183,0
DA:186,0
DA:190,0
DA:191,0
LF:73
LH:4
BRDA:58,0,0,0
BRDA:58,0,1,2
BRDA:70,1,0,0
BRDA:70,1,1,2
BRDA:80,2,0,0
BRDA:80,2,1,0
BRDA:80,3,0,0
BRDA:80,3,1,0
BRDA:80,3,2,0
BRDA:89,4,0,0
BRDA:89,4,1,1
BRDA:91,5,0,0
BRDA:91,5,1,0
BRDA:100,6,0,0
BRDA:100,6,1,0
BRDA:100,7,0,0
BRDA:100,7,1,0
BRDA:100,7,2,0
BRDA:111,8,0,0
BRDA:111,8,1,0
BRDA:120,9,0,0
BRDA:137,10,0,0
BRDA:137,10,1,0
BRDA:137,11,0,0
BRDA:137,11,1,0
BRDA:146,12,0,0
BRDA:146,12,1,0
BRDA:148,13,0,0
BRDA:148,13,1,0
BRDA:160,14,0,0
BRDA:160,14,1,0
BRDA:176,15,0,0
BRDA:176,15,1,0
BRDA:179,16,0,0
BRDA:179,16,1,0
BRDA:181,17,0,0
BRDA:181,17,1,0
BRDA:182,18,0,0
BRDA:182,18,1,0
BRF:39
BRH:3
end_of_record
TN:
SF:/Users/qiushi.chen/Desktop/project/datamap_app/src/assets/vue/components/workspace/table/table-load.vue
FN:84,(anonymous_0)
FN:124,(anonymous_1)
FN:143,(anonymous_2)
FN:144,(anonymous_3)
FN:148,(anonymous_4)
FN:160,(anonymous_5)
FN:173,(anonymous_6)
FN:175,(anonymous_7)
FN:192,(anonymous_8)
FN:196,(anonymous_9)
FNF:10
FNH:1
FNDA:1,(anonymous_0)
FNDA:0,(anonymous_1)
FNDA:0,(anonymous_2)
FNDA:0,(anonymous_3)
FNDA:0,(anonymous_4)
FNDA:0,(anonymous_5)
FNDA:0,(anonymous_6)
FNDA:0,(anonymous_7)
FNDA:0,(anonymous_8)
FNDA:0,(anonymous_9)
DA:51,2
DA:67,2
DA:68,0
DA:69,0
DA:70,0
DA:71,0
DA:77,0
DA:78,0
DA:79,0
DA:85,1
DA:86,1
DA:87,0
DA:88,0
DA:89,0
DA:90,0
DA:91,0
DA:97,0
DA:98,0
DA:99,0
DA:110,0
DA:111,0
DA:112,0
DA:113,0
DA:115,0
DA:118,0
DA:119,0
DA:125,0
DA:126,0
DA:130,0
DA:131,0
DA:134,0
DA:138,0
DA:139,0
DA:140,0
DA:141,0
DA:142,0
DA:143,0
DA:144,0
DA:145,0
DA:148,0
DA:149,0
DA:150,0
DA:151,0
DA:153,0
DA:156,0
DA:157,0
DA:158,0
DA:159,0
DA:160,0
DA:161,0
DA:164,0
DA:165,0
DA:166,0
DA:167,0
DA:168,0
DA:170,0
DA:172,0
DA:173,0
DA:174,0
DA:175,0
DA:176,0
DA:177,0
DA:179,0
DA:180,0
DA:181,0
DA:182,0
DA:185,0
DA:186,0
DA:188,0
DA:189,0
DA:190,0
DA:191,0
DA:192,0
DA:193,0
DA:195,0
DA:196,0
DA:197,0
DA:198,0
DA:203,0
DA:204,0
DA:206,0
DA:207,0
DA:208,0
DA:209,0
DA:212,0
DA:213,0
LF:86
LH:4
BRDA:58,0,0,0
BRDA:58,0,1,2
BRDA:67,1,0,0
BRDA:67,1,1,2
BRDA:77,2,0,0
BRDA:77,2,1,0
BRDA:77,3,0,0
BRDA:77,3,1,0
BRDA:77,3,2,0
BRDA:86,4,0,0
BRDA:86,4,1,1
BRDA:88,5,0,0
BRDA:88,5,1,0
BRDA:97,6,0,0
BRDA:97,6,1,0
BRDA:97,7,0,0
BRDA:97,7,1,0
BRDA:97,7,2,0
BRDA:112,8,0,0
BRDA:112,8,1,0
BRDA:117,9,0,0
BRDA:134,10,0,0
BRDA:134,10,1,0
BRDA:134,11,0,0
BRDA:134,11,1,0
BRDA:140,12,0,0
BRDA:140,12,1,0
BRDA:143,13,0,0
BRDA:143,13,1,0
BRDA:144,14,0,0
BRDA:144,14,1,0
BRDA:148,15,0,0
BRDA:148,15,1,0
BRDA:157,16,0,0
BRDA:157,16,1,0
BRDA:159,17,0,0
BRDA:159,17,1,0
BRDA:164,18,0,0
BRDA:164,18,1,0
BRDA:166,19,0,0
BRDA:166,19,1,0
BRDA:176,20,0,0
BRDA:176,20,1,0
BRDA:177,21,0,0
BRDA:177,21,1,0
BRDA:180,22,0,0
BRDA:180,22,1,0
BRDA:181,23,0,0
BRDA:181,23,1,0
BRDA:185,24,0,0
BRDA:185,24,1,0
BRDA:188,25,0,0
BRDA:188,25,1,0
BRDA:191,26,0,0
BRDA:191,26,1,0
BRDA:195,27,0,0
BRDA:195,27,1,0
BRDA:203,28,0,0
BRDA:203,28,1,0
BRDA:208,29,0,0
BRDA:208,29,1,0
BRF:61
BRH:3
end_of_record
TN:
SF:/Users/qiushi.chen/Desktop/project/datamap_app/src/assets/vue/components/workspace/file-panel/file-load.vue
FNF:0
FNH:0
DA:9,1
LF:1
LH:1
BRF:0
BRH:0
end_of_record
TN:
SF:/Users/qiushi.chen/Desktop/project/datamap_app/src/assets/vue/components/workspace/index-panel/index.vue
FN:89,(anonymous_0)
FN:113,(anonymous_1)
FN:152,(anonymous_2)
FN:187,(anonymous_3)
FNF:4
FNH:0
FNDA:0,(anonymous_0)
FNDA:0,(anonymous_1)
FNDA:0,(anonymous_2)
FNDA:0,(anonymous_3)
DA:46,1
DA:47,1
DA:53,1
DA:72,1
DA:73,0
DA:74,0
DA:75,0
DA:76,0
DA:82,0
DA:83,0
DA:84,0
DA:90,0
DA:91,0
DA:92,0
DA:93,0
DA:94,0
DA:95,0
DA:101,0
DA:102,0
DA:103,0
DA:110,0
DA:111,0
DA:114,0
DA:115,0
DA:118,0
DA:119,0
DA:121,0
DA:125,0
DA:126,0
DA:129,0
DA:130,0
DA:134,0
DA:137,0
DA:138,0
DA:140,0
DA:141,0
DA:142,0
DA:143,0
DA:144,0
DA:146,0
DA:147,0
DA:148,0
DA:149,0
DA:150,0
DA:151,0
DA:152,0
DA:153,0
DA:154,0
DA:155,0
DA:156,0
DA:157,0
DA:158,0
DA:159,0
DA:160,0
DA:161,0
DA:162,0
DA:163,0
DA:164,0
DA:165,0
DA:166,0
DA:169,0
DA:171,0
DA:175,0
DA:177,0
DA:178,0
DA:179,0
DA:180,0
DA:182,0
DA:183,0
DA:184,0
DA:186,0
DA:187,0
DA:188,0
DA:189,0
DA:190,0
DA:192,0
DA:198,0
DA:199,0
LF:78
LH:4
BRDA:72,0,0,0
BRDA:72,0,1,1
BRDA:82,1,0,0
BRDA:82,1,1,0
BRDA:82,2,0,0
BRDA:82,2,1,0
BRDA:82,2,2,0
BRDA:90,3,0,0
BRDA:90,3,1,0
BRDA:92,4,0,0
BRDA:92,4,1,0
BRDA:101,5,0,0
BRDA:101,5,1,0
BRDA:101,6,0,0
BRDA:101,6,1,0
BRDA:101,6,2,0
BRDA:109,7,0,0
BRDA:114,8,0,0
BRDA:114,8,1,0
BRDA:130,9,0,0
BRDA:130,9,1,0
BRDA:130,10,0,0
BRDA:130,10,1,0
BRDA:133,11,0,0
BRDA:134,12,0,0
BRDA:134,12,1,0
BRDA:134,13,0,0
BRDA:134,13,1,0
BRDA:137,14,0,0
BRDA:137,14,1,0
BRDA:148,15,0,0
BRDA:148,15,1,0
BRDA:156,16,0,0
BRDA:156,16,1,0
BRDA:158,17,0,0
BRDA:158,17,1,0
BRDA:158,18,0,0
BRDA:158,18,1,0
BRDA:158,19,0,0
BRDA:158,19,1,0
BRDA:160,20,0,0
BRDA:160,20,1,0
BRDA:161,21,0,0
BRDA:161,21,1,0
BRDA:161,22,0,0
BRDA:161,22,1,0
BRDA:164,23,0,0
BRDA:164,23,1,0
BRDA:189,24,0,0
BRDA:189,24,1,0
BRDA:189,25,0,0
BRDA:189,25,1,0
BRF:52
BRH:1
end_of_record
TN:
SF:/Users/qiushi.chen/Desktop/project/datamap_app/src/assets/vue/components/workspace/gauge/gauge-panel.vue
FN:92,(anonymous_0)
FN:119,(anonymous_1)
FN:138,(anonymous_2)
FN:148,(anonymous_3)
FN:221,(anonymous_4)
FN:309,(anonymous_5)
FNF:6
FNH:0
FNDA:0,(anonymous_0)
FNDA:0,(anonymous_1)
FNDA:0,(anonymous_2)
FNDA:0,(anonymous_3)
FNDA:0,(anonymous_4)
FNDA:0,(anonymous_5)
DA:48,1
DA:49,1
DA:57,1
DA:75,1
DA:76,0
DA:77,0
DA:78,0
DA:79,0
DA:85,0
DA:86,0
DA:87,0
DA:93,0
DA:94,0
DA:95,0
DA:96,0
DA:97,0
DA:98,0
DA:104,0
DA:105,0
DA:106,0
DA:113,0
DA:114,0
DA:120,0
DA:121,0
DA:125,0
DA:126,0
DA:129,0
DA:130,0
DA:134,0
DA:137,0
DA:138,0
DA:139,0
DA:140,0
DA:142,0
DA:148,0
DA:151,0
DA:152,0
DA:154,0
DA:155,0
DA:156,0
DA:157,0
DA:158,0
DA:160,0
DA:162,0
DA:163,0
DA:164,0
DA:166,0
DA:168,0
DA:169,0
DA:170,0
DA:171,0
DA:172,0
DA:173,0
DA:175,0
DA:176,0
DA:177,0
DA:178,0
DA:180,0
DA:181,0
DA:182,0
DA:184,0
DA:185,0
DA:186,0
DA:188,0
DA:189,0
DA:190,0
DA:191,0
DA:192,0
DA:193,0
DA:194,0
DA:195,0
DA:196,0
DA:197,0
DA:198,0
DA:199,0
DA:200,0
DA:201,0
DA:202,0
DA:203,0
DA:204,0
DA:205,0
DA:206,0
DA:208,0
DA:210,0
DA:212,0
DA:216,0
DA:217,0
DA:218,0
DA:219,0
DA:220,0
DA:221,0
DA:222,0
DA:223,0
DA:224,0
DA:229,0
DA:230,0
DA:263,0
DA:264,0
DA:265,0
DA:266,0
DA:267,0
DA:268,0
DA:271,0
DA:273,0
DA:274,0
DA:279,0
DA:280,0
DA:281,0
DA:284,0
DA:286,0
DA:287,0
DA:292,0
DA:293,0
DA:294,0
DA:296,0
DA:305,0
DA:306,0
DA:307,0
DA:309,0
DA:320,0
DA:321,0
DA:338,0
DA:345,0
DA:353,0
DA:354,0
LF:125
LH:4
BRDA:75,0,0,0
BRDA:75,0,1,1
BRDA:85,1,0,0
BRDA:85,1,1,0
BRDA:85,2,0,0
BRDA:85,2,1,0
BRDA:85,2,2,0
BRDA:93,3,0,0
BRDA:93,3,1,0
BRDA:95,4,0,0
BRDA:95,4,1,0
BRDA:104,5,0,0
BRDA:104,5,1,0
BRDA:104,6,0,0
BRDA:104,6,1,0
BRDA:104,6,2,0
BRDA:112,7,0,0
BRDA:130,8,0,0
BRDA:130,8,1,0
BRDA:130,9,0,0
BRDA:130,9,1,0
BRDA:133,10,0,0
BRDA:134,11,0,0
BRDA:134,11,1,0
BRDA:134,12,0,0
BRDA:134,12,1,0
BRDA:137,13,0,0
BRDA:137,13,1,0
BRDA:139,14,0,0
BRDA:139,14,1,0
BRDA:139,15,0,0
BRDA:139,15,1,0
BRDA:148,16,0,0
BRDA:148,16,1,0
BRDA:157,17,0,0
BRDA:157,17,1,0
BRDA:158,18,0,0
BRDA:158,18,1,0
BRDA:176,19,0,0
BRDA:176,19,1,0
BRDA:178,20,0,0
BRDA:178,20,1,0
BRDA:178,21,0,0
BRDA:178,21,1,0
BRDA:178,22,0,0
BRDA:178,22,1,0
BRDA:180,23,0,0
BRDA:180,23,1,0
BRDA:181,24,0,0
BRDA:181,24,1,0
BRDA:181,25,0,0
BRDA:181,25,1,0
BRDA:182,26,0,0
BRDA:182,26,1,0
BRDA:182,27,0,0
BRDA:182,27,1,0
BRDA:182,28,0,0
BRDA:182,28,1,0
BRDA:184,29,0,0
BRDA:184,29,1,0
BRDA:185,30,0,0
BRDA:185,30,1,0
BRDA:192,31,0,0
BRDA:192,31,1,0
BRDA:193,32,0,0
BRDA:193,32,1,0
BRDA:195,33,0,0
BRDA:195,33,1,0
BRDA:197,34,0,0
BRDA:197,34,1,0
BRDA:217,35,0,0
BRDA:217,35,1,0
BRDA:222,36,0,0
BRDA:222,36,1,0
BRDA:229,37,0,0
BRDA:229,37,1,0
BRDA:233,38,0,0
BRDA:233,38,1,0
BRDA:264,39,0,0
BRDA:264,39,1,0
BRDA:264,40,0,0
BRDA:264,40,1,0
BRDA:264,40,2,0
BRDA:266,41,0,0
BRDA:266,41,1,0
BRDA:266,42,0,0
BRDA:266,42,1,0
BRDA:267,43,0,0
BRDA:267,43,1,0
BRDA:268,44,0,0
BRDA:268,44,1,0
BRDA:271,45,0,0
BRDA:271,45,1,0
BRDA:275,46,0,0
BRDA:275,46,1,0
BRDA:276,47,0,0
BRDA:276,47,1,0
BRDA:279,48,0,0
BRDA:279,48,1,0
BRDA:279,49,0,0
BRDA:279,49,1,0
BRDA:280,50,0,0
BRDA:280,50,1,0
BRDA:281,51,0,0
BRDA:281,51,1,0
BRDA:284,52,0,0
BRDA:284,52,1,0
BRDA:292,53,0,0
BRDA:292,53,1,0
BRDA:292,54,0,0
BRDA:292,54,1,0
BRDA:292,54,2,0
BRDA:305,55,0,0
BRDA:305,55,1,0
BRDA:306,56,0,0
BRDA:306,56,1,0
BRDA:309,57,0,0
BRDA:309,57,1,0
BRDA:320,58,0,0
BRDA:320,58,1,0
BRDA:320,59,0,0
BRDA:320,59,1,0
BRDA:343,60,0,0
BRDA:343,60,1,0
BRF:124
BRH:1
end_of_record
TN:
SF:/Users/qiushi.chen/Desktop/project/datamap_app/src/assets/vue/components/workspace/map/geo-visualization-map.vue
FN:115,(anonymous_0)
FN:132,(anonymous_1)
FN:153,(anonymous_2)
FN:160,(anonymous_3)
FN:179,(anonymous_4)
FN:189,(anonymous_5)
FN:200,(anonymous_6)
FN:206,(anonymous_7)
FN:208,(anonymous_8)
FN:210,(anonymous_9)
FN:226,(anonymous_10)
FN:229,(anonymous_11)
FN:230,(anonymous_12)
FN:256,(anonymous_13)
FN:259,(anonymous_14)
FN:266,(anonymous_15)
FN:274,(anonymous_16)
FN:277,(anonymous_17)
FN:294,(anonymous_18)
FN:295,(anonymous_19)
FN:320,(anonymous_20)
FN:324,(anonymous_21)
FN:330,(anonymous_22)
FN:338,(anonymous_23)
FN:339,(anonymous_24)
FN:354,(anonymous_25)
FN:358,(anonymous_26)
FN:365,(anonymous_27)
FN:366,(anonymous_28)
FN:371,(anonymous_29)
FN:377,(anonymous_30)
FN:380,(anonymous_31)
FN:400,(anonymous_32)
FN:417,(anonymous_33)
FN:426,(anonymous_34)
FN:431,(anonymous_35)
FN:437,(anonymous_36)
FN:449,(anonymous_37)
FN:515,(anonymous_38)
FN:524,(anonymous_39)
FN:546,(anonymous_40)
FN:555,(anonymous_41)
FN:589,(anonymous_42)
FN:591,(anonymous_43)
FN:592,(anonymous_44)
FN:614,(anonymous_45)
FN:615,(anonymous_46)
FN:620,(anonymous_47)
FN:621,(anonymous_48)
FN:622,(anonymous_49)
FN:627,(anonymous_50)
FN:650,(anonymous_51)
FN:683,(anonymous_52)
FN:732,(anonymous_53)
FN:741,(anonymous_54)
FN:759,(anonymous_55)
FN:785,(anonymous_56)
FNF:57
FNH:0
FNDA:0,(anonymous_0)
FNDA:0,(anonymous_1)
FNDA:0,(anonymous_2)
FNDA:0,(anonymous_3)
FNDA:0,(anonymous_4)
FNDA:0,(anonymous_5)
FNDA:0,(anonymous_6)
FNDA:0,(anonymous_7)
FNDA:0,(anonymous_8)
FNDA:0,(anonymous_9)
FNDA:0,(anonymous_10)
FNDA:0,(anonymous_11)
FNDA:0,(anonymous_12)
FNDA:0,(anonymous_13)
FNDA:0,(anonymous_14)
FNDA:0,(anonymous_15)
FNDA:0,(anonymous_16)
FNDA:0,(anonymous_17)
FNDA:0,(anonymous_18)
FNDA:0,(anonymous_19)
FNDA:0,(anonymous_20)
FNDA:0,(anonymous_21)
FNDA:0,(anonymous_22)
FNDA:0,(anonymous_23)
FNDA:0,(anonymous_24)
FNDA:0,(anonymous_25)
FNDA:0,(anonymous_26)
FNDA:0,(anonymous_27)
FNDA:0,(anonymous_28)
FNDA:0,(anonymous_29)
FNDA:0,(anonymous_30)
FNDA:0,(anonymous_31)
FNDA:0,(anonymous_32)
FNDA:0,(anonymous_33)
FNDA:0,(anonymous_34)
FNDA:0,(anonymous_35)
FNDA:0,(anonymous_36)
FNDA:0,(anonymous_37)
FNDA:0,(anonymous_38)
FNDA:0,(anonymous_39)
FNDA:0,(anonymous_40)
FNDA:0,(anonymous_41)
FNDA:0,(anonymous_42)
FNDA:0,(anonymous_43)
FNDA:0,(anonymous_44)
FNDA:0,(anonymous_45)
FNDA:0,(anonymous_46)
FNDA:0,(anonymous_47)
FNDA:0,(anonymous_48)
FNDA:0,(anonymous_49)
FNDA:0,(anonymous_50)
FNDA:0,(anonymous_51)
FNDA:0,(anonymous_52)
FNDA:0,(anonymous_53)
FNDA:0,(anonymous_54)
FNDA:0,(anonymous_55)
FNDA:0,(anonymous_56)
DA:61,1
DA:66,1
DA:70,1
DA:74,1
DA:75,1
DA:78,1
DA:83,1
DA:116,0
DA:117,0
DA:121,1
DA:122,0
DA:123,0
DA:128,0
DA:129,0
DA:130,0
DA:131,0
DA:132,0
DA:133,0
DA:138,0
DA:140,0
DA:141,0
DA:143,0
DA:145,0
DA:152,0
DA:153,0
DA:154,0
DA:158,0
DA:159,0
DA:160,0
DA:161,0
DA:162,0
DA:163,0
DA:164,0
DA:165,0
DA:166,0
DA:167,0
DA:171,0
DA:172,0
DA:173,0
DA:175,0
DA:176,0
DA:178,0
DA:179,0
DA:180,0
DA:181,0
DA:184,0
DA:185,0
DA:189,0
DA:190,0
DA:191,0
DA:192,0
DA:193,0
DA:198,0
DA:199,0
DA:200,0
DA:201,0
DA:203,0
DA:204,0
DA:205,0
DA:206,0
DA:207,0
DA:208,0
DA:210,0
DA:213,0
DA:214,0
DA:215,0
DA:217,0
DA:218,0
DA:220,0
DA:221,0
DA:222,0
DA:223,0
DA:226,0
DA:227,0
DA:228,0
DA:229,0
DA:230,0
DA:231,0
DA:232,0
DA:233,0
DA:234,0
DA:235,0
DA:236,0
DA:237,0
DA:238,0
DA:241,0
DA:242,0
DA:247,0
DA:248,0
DA:249,0
DA:250,0
DA:251,0
DA:255,0
DA:257,0
DA:258,0
DA:259,0
DA:260,0
DA:261,0
DA:262,0
DA:263,0
DA:265,0
DA:267,0
DA:268,0
DA:272,0
DA:273,0
DA:274,0
DA:275,0
DA:276,0
DA:277,0
DA:278,0
DA:281,0
DA:282,0
DA:283,0
DA:285,0
DA:287,0
DA:292,0
DA:293,0
DA:294,0
DA:295,0
DA:296,0
DA:297,0
DA:298,0
DA:299,0
DA:300,0
DA:302,0
DA:303,0
DA:306,0
DA:307,0
DA:309,0
DA:315,0
DA:319,0
DA:320,0
DA:321,0
DA:324,0
DA:325,0
DA:326,0
DA:328,0
DA:331,0
DA:332,0
DA:337,0
DA:338,0
DA:339,0
DA:340,0
DA:341,0
DA:343,0
DA:344,0
DA:346,0
DA:351,0
DA:352,0
DA:353,0
DA:354,0
DA:355,0
DA:356,0
DA:358,0
DA:359,0
DA:360,0
DA:362,0
DA:363,0
DA:364,0
DA:366,0
DA:367,0
DA:368,0
DA:369,0
DA:370,0
DA:371,0
DA:372,0
DA:376,0
DA:377,0
DA:378,0
DA:379,0
DA:380,0
DA:381,0
DA:382,0
DA:383,0
DA:384,0
DA:386,0
DA:387,0
DA:388,0
DA:389,0
DA:390,0
DA:398,0
DA:399,0
DA:400,0
DA:401,0
DA:402,0
DA:411,0
DA:414,0
DA:415,0
DA:416,0
DA:418,0
DA:419,0
DA:423,0
DA:424,0
DA:425,0
DA:426,0
DA:427,0
DA:432,0
DA:433,0
DA:435,0
DA:438,0
DA:439,0
DA:444,0
DA:447,0
DA:448,0
DA:449,0
DA:450,0
DA:451,0
DA:452,0
DA:453,0
DA:454,0
DA:455,0
DA:458,0
DA:460,0
DA:463,0
DA:464,0
DA:466,0
DA:467,0
DA:469,0
DA:470,0
DA:472,0
DA:473,0
DA:475,0
DA:478,0
DA:479,0
DA:480,0
DA:481,0
DA:482,0
DA:484,0
DA:485,0
DA:486,0
DA:487,0
DA:488,0
DA:489,0
DA:490,0
DA:491,0
DA:492,0
DA:494,0
DA:495,0
DA:499,0
DA:500,0
DA:501,0
DA:505,0
DA:506,0
DA:507,0
DA:508,0
DA:509,0
DA:510,0
DA:511,0
DA:512,0
DA:513,0
DA:514,0
DA:515,0
DA:516,0
DA:517,0
DA:523,0
DA:524,0
DA:525,0
DA:526,0
DA:527,0
DA:530,0
DA:531,0
DA:533,0
DA:536,0
DA:537,0
DA:538,0
DA:539,0
DA:540,0
DA:541,0
DA:542,0
DA:543,0
DA:544,0
DA:545,0
DA:546,0
DA:547,0
DA:548,0
DA:554,0
DA:555,0
DA:556,0
DA:557,0
DA:558,0
DA:561,0
DA:562,0
DA:569,0
DA:570,0
DA:571,0
DA:574,0
DA:575,0
DA:576,0
DA:577,0
DA:579,0
DA:580,0
DA:581,0
DA:582,0
DA:584,0
DA:585,0
DA:589,0
DA:590,0
DA:591,0
DA:592,0
DA:593,0
DA:594,0
DA:595,0
DA:597,0
DA:600,0
DA:603,0
DA:604,0
DA:605,0
DA:606,0
DA:607,0
DA:608,0
DA:611,0
DA:612,0
DA:613,0
DA:614,0
DA:615,0
DA:616,0
DA:617,0
DA:620,0
DA:621,0
DA:622,0
DA:623,0
DA:627,0
DA:628,0
DA:632,0
DA:633,0
DA:636,0
DA:637,0
DA:638,0
DA:639,0
DA:640,0
DA:641,0
DA:642,0
DA:643,0
DA:644,0
DA:645,0
DA:646,0
DA:647,0
DA:648,0
DA:649,0
DA:650,0
DA:651,0
DA:652,0
DA:653,0
DA:655,0
DA:657,0
DA:658,0
DA:659,0
DA:660,0
DA:661,0
DA:662,0
DA:663,0
DA:664,0
DA:665,0
DA:667,0
DA:668,0
DA:669,0
DA:670,0
DA:671,0
DA:676,0
DA:680,0
DA:681,0
DA:682,0
DA:683,0
DA:684,0
DA:685,0
DA:686,0
DA:688,0
DA:690,0
DA:691,0
DA:692,0
DA:693,0
DA:694,0
DA:695,0
DA:697,0
DA:700,0
DA:701,0
DA:702,0
DA:703,0
DA:704,0
DA:706,0
DA:707,0
DA:708,0
DA:709,0
DA:710,0
DA:711,0
DA:712,0
DA:713,0
DA:720,0
DA:723,0
DA:726,0
DA:727,0
DA:729,0
DA:730,0
DA:731,0
DA:732,0
DA:733,0
DA:734,0
DA:736,0
DA:738,0
DA:739,0
DA:740,0
DA:741,0
DA:742,0
DA:743,0
DA:745,0
DA:747,0
DA:748,0
DA:749,0
DA:751,0
DA:752,0
DA:753,0
DA:758,0
DA:759,0
DA:760,0
DA:761,0
DA:762,0
DA:765,0
DA:769,0
DA:770,0
DA:771,0
DA:772,0
DA:773,0
DA:774,0
DA:775,0
DA:776,0
DA:779,0
DA:784,0
DA:785,0
DA:786,0
DA:788,0
DA:792,0
DA:793,0
DA:794,0
DA:795,0
DA:796,0
DA:799,0
DA:802,0
LF:437
LH:8
BRDA:121,0,0,0
BRDA:121,0,1,1
BRDA:129,1,0,0
BRDA:129,1,1,0
BRDA:129,2,0,0
BRDA:129,2,1,0
BRDA:135,3,0,0
BRDA:135,3,1,0
BRDA:135,4,0,0
BRDA:135,4,1,0
BRDA:140,5,0,0
BRDA:140,5,1,0
BRDA:143,6,0,0
BRDA:143,6,1,0
BRDA:143,7,0,0
BRDA:143,7,1,0
BRDA:161,8,0,0
BRDA:161,8,1,0
BRDA:162,9,0,0
BRDA:162,9,1,0
BRDA:164,10,0,0
BRDA:164,10,1,0
BRDA:166,11,0,0
BRDA:166,11,1,0
BRDA:172,12,0,0
BRDA:172,12,1,0
BRDA:175,13,0,0
BRDA:175,13,1,0
BRDA:178,14,0,0
BRDA:178,14,1,0
BRDA:190,15,0,0
BRDA:190,15,1,0
BRDA:203,16,0,0
BRDA:203,16,1,0
BRDA:204,17,0,0
BRDA:204,17,1,0
BRDA:206,18,0,0
BRDA:206,18,1,0
BRDA:207,19,0,0
BRDA:207,19,1,0
BRDA:214,20,0,0
BRDA:214,20,1,0
BRDA:217,21,0,0
BRDA:217,21,1,0
BRDA:220,22,0,0
BRDA:220,22,1,0
BRDA:222,23,0,0
BRDA:222,23,1,0
BRDA:227,24,0,0
BRDA:227,24,1,0
BRDA:231,25,0,0
BRDA:231,25,1,0
BRDA:233,26,0,0
BRDA:233,26,1,0
BRDA:235,27,0,0
BRDA:235,27,1,0
BRDA:235,28,0,0
BRDA:235,28,1,0
BRDA:236,29,0,0
BRDA:236,29,1,0
BRDA:238,30,0,0
BRDA:238,30,1,0
BRDA:247,31,0,0
BRDA:247,31,1,0
BRDA:248,32,0,0
BRDA:248,32,1,0
BRDA:249,33,0,0
BRDA:249,33,1,0
BRDA:272,34,0,0
BRDA:272,34,1,0
BRDA:285,35,0,0
BRDA:285,35,1,0
BRDA:292,36,0,0
BRDA:292,36,1,0
BRDA:307,37,0,0
BRDA:307,37,1,0
BRDA:321,38,0,0
BRDA:321,38,1,0
BRDA:325,39,0,0
BRDA:325,39,1,0
BRDA:325,40,0,0
BRDA:325,40,1,0
BRDA:326,41,0,0
BRDA:326,41,1,0
BRDA:328,42,0,0
BRDA:328,42,1,0
BRDA:332,43,0,0
BRDA:332,43,1,0
BRDA:340,44,0,0
BRDA:340,44,1,0
BRDA:343,45,0,0
BRDA:343,45,1,0
BRDA:367,46,0,0
BRDA:367,46,1,0
BRDA:369,47,0,0
BRDA:369,47,1,0
BRDA:370,48,0,0
BRDA:370,48,1,0
BRDA:382,49,0,0
BRDA:382,49,1,0
BRDA:383,50,0,0
BRDA:383,50,1,0
BRDA:384,51,0,0
BRDA:384,51,1,0
BRDA:386,52,0,0
BRDA:386,52,1,0
BRDA:387,53,0,0
BRDA:387,53,1,0
BRDA:399,54,0,0
BRDA:399,54,1,0
BRDA:415,55,0,0
BRDA:415,55,1,0
BRDA:416,56,0,0
BRDA:416,56,1,0
BRDA:419,57,0,0
BRDA:419,57,1,0
BRDA:423,58,0,0
BRDA:423,58,1,0
BRDA:432,59,0,0
BRDA:432,59,1,0
BRDA:432,60,0,0
BRDA:432,60,1,0
BRDA:433,61,0,0
BRDA:433,61,1,0
BRDA:435,62,0,0
BRDA:435,62,1,0
BRDA:439,63,0,0
BRDA:439,63,1,0
BRDA:448,64,0,0
BRDA:448,64,1,0
BRDA:450,65,0,0
BRDA:450,65,1,0
BRDA:450,65,2,0
BRDA:452,66,0,0
BRDA:452,66,1,0
BRDA:453,67,0,0
BRDA:453,67,1,0
BRDA:458,68,0,0
BRDA:458,68,1,0
BRDA:464,69,0,0
BRDA:464,69,1,0
BRDA:464,69,2,0
BRDA:478,70,0,0
BRDA:478,70,1,0
BRDA:480,71,0,0
BRDA:480,71,1,0
BRDA:481,72,0,0
BRDA:481,72,1,0
BRDA:485,73,0,0
BRDA:485,73,1,0
BRDA:487,74,0,0
BRDA:487,74,1,0
BRDA:489,75,0,0
BRDA:489,75,1,0
BRDA:489,76,0,0
BRDA:489,76,1,0
BRDA:489,76,2,0
BRDA:491,77,0,0
BRDA:491,77,1,0
BRDA:491,78,0,0
BRDA:491,78,1,0
BRDA:494,79,0,0
BRDA:494,79,1,0
BRDA:499,80,0,0
BRDA:499,80,1,0
BRDA:499,81,0,0
BRDA:499,81,1,0
BRDA:499,81,2,0
BRDA:500,82,0,0
BRDA:500,82,1,0
BRDA:505,83,0,0
BRDA:505,83,1,0
BRDA:507,84,0,0
BRDA:507,84,1,0
BRDA:509,85,0,0
BRDA:509,85,1,0
BRDA:511,86,0,0
BRDA:511,86,1,0
BRDA:513,87,0,0
BRDA:513,87,1,0
BRDA:523,88,0,0
BRDA:523,88,1,0
BRDA:526,89,0,0
BRDA:526,89,1,0
BRDA:536,90,0,0
BRDA:536,90,1,0
BRDA:538,91,0,0
BRDA:538,91,1,0
BRDA:540,92,0,0
BRDA:540,92,1,0
BRDA:542,93,0,0
BRDA:542,93,1,0
BRDA:544,94,0,0
BRDA:544,94,1,0
BRDA:554,95,0,0
BRDA:554,95,1,0
BRDA:557,96,0,0
BRDA:557,96,1,0
BRDA:570,97,0,0
BRDA:570,97,1,0
BRDA:574,98,0,0
BRDA:574,98,1,0
BRDA:575,99,0,0
BRDA:575,99,1,0
BRDA:579,100,0,0
BRDA:579,100,1,0
BRDA:580,101,0,0
BRDA:580,101,1,0
BRDA:581,102,0,0
BRDA:581,102,1,0
BRDA:584,103,0,0
BRDA:584,103,1,0
BRDA:589,104,0,0
BRDA:589,104,1,0
BRDA:591,105,0,0
BRDA:591,105,1,0
BRDA:592,106,0,0
BRDA:592,106,1,0
BRDA:593,107,0,0
BRDA:593,107,1,0
BRDA:623,108,0,0
BRDA:623,108,1,0
BRDA:623,108,2,0
BRDA:623,108,3,0
BRDA:628,109,0,0
BRDA:628,109,1,0
BRDA:628,109,2,0
BRDA:628,109,3,0
BRDA:633,110,0,0
BRDA:633,110,1,0
BRDA:633,110,2,0
BRDA:636,111,0,0
BRDA:636,111,1,0
BRDA:652,112,0,0
BRDA:652,112,1,0
BRDA:652,113,0,0
BRDA:652,113,1,0
BRDA:657,114,0,0
BRDA:657,114,1,0
BRDA:680,115,0,0
BRDA:680,115,1,0
BRDA:682,116,0,0
BRDA:682,116,1,0
BRDA:685,117,0,0
BRDA:685,117,1,0
BRDA:685,118,0,0
BRDA:685,118,1,0
BRDA:691,119,0,0
BRDA:691,119,1,0
BRDA:692,120,0,0
BRDA:692,120,1,0
BRDA:694,121,0,0
BRDA:694,121,1,0
BRDA:707,122,0,0
BRDA:707,122,1,0
BRDA:711,123,0,0
BRDA:711,123,1,0
BRDA:726,124,0,0
BRDA:726,124,1,0
BRDA:729,125,0,0
BRDA:729,125,1,0
BRDA:738,126,0,0
BRDA:738,126,1,0
BRDA:747,127,0,0
BRDA:747,127,1,0
BRDA:751,128,0,0
BRDA:751,128,1,0
BRDA:760,129,0,0
BRDA:760,129,1,0
BRDA:770,130,0,0
BRDA:770,130,1,0
BRDA:776,131,0,0
BRDA:776,131,1,0
BRF:273
BRH:1
end_of_record
TN:
SF:/Users/qiushi.chen/Desktop/project/datamap_app/src/assets/vue/components/commons/map-panel.vue
FN:41,(anonymous_0)
FNF:1
FNH:0
FNDA:0,(anonymous_0)
DA:16,1
DA:17,1
DA:18,1
DA:19,1
DA:20,1
DA:25,0
DA:42,0
DA:46,0
DA:47,0
DA:48,0
DA:53,0
DA:54,0
DA:62,0
DA:63,0
DA:68,0
DA:69,0
LF:16
LH:5
BRDA:47,0,0,0
BRDA:47,0,1,0
BRF:2
BRH:0
end_of_record
TN:
SF:/Users/qiushi.chen/Desktop/project/datamap_app/src/assets/vue/components/commons/card-panel/map-card-panel.vue
FN:69,(anonymous_0)
FN:113,(anonymous_1)
FN:133,(anonymous_2)
FNF:3
FNH:0
FNDA:0,(anonymous_0)
FNDA:0,(anonymous_1)
FNDA:0,(anonymous_2)
DA:37,1
DA:58,1
DA:64,1
DA:65,1
DA:66,1
DA:70,0
DA:71,0
DA:72,0
DA:77,1
DA:80,1
DA:83,0
DA:84,0
DA:85,0
DA:86,0
DA:87,0
DA:88,0
DA:89,0
DA:90,0
DA:91,0
DA:92,0
DA:93,0
DA:95,0
DA:96,0
DA:97,0
DA:98,0
DA:99,0
DA:100,0
DA:102,0
DA:105,0
DA:108,0
DA:111,1
DA:112,1
DA:113,1
DA:116,1
DA:117,1
DA:120,1
DA:121,1
DA:124,0
DA:131,0
DA:134,0
DA:135,0
LF:41
LH:14
BRDA:66,0,0,0
BRDA:66,0,1,1
BRDA:72,1,0,0
BRDA:72,1,1,0
BRDA:84,2,0,0
BRDA:84,2,1,0
BRDA:86,3,0,0
BRDA:86,3,1,0
BRDA:88,4,0,0
BRDA:88,4,1,0
BRDA:88,5,0,0
BRDA:88,5,1,0
BRDA:90,6,0,0
BRDA:90,6,1,0
BRDA:92,7,0,0
BRDA:92,7,1,0
BRDA:95,8,0,0
BRDA:95,8,1,0
BRDA:97,9,0,0
BRDA:97,9,1,0
BRDA:99,10,0,0
BRDA:99,10,1,0
BRDA:102,11,0,0
BRDA:102,11,1,0
BRDA:113,12,0,1
BRDA:113,12,1,1
BRDA:117,13,0,1
BRDA:117,13,1,1
BRDA:121,14,0,0
BRDA:121,14,1,1
BRF:30
BRH:6
end_of_record
TN:
SF:/Users/qiushi.chen/Desktop/project/datamap_app/src/assets/vue/components/workspace/map/interactive-map.vue
FN:169,(anonymous_0)
FN:211,(anonymous_1)
FN:248,(anonymous_2)
FN:271,(anonymous_3)
FN:283,(anonymous_4)
FN:298,(anonymous_5)
FN:312,(anonymous_6)
FN:314,(anonymous_7)
FN:316,(anonymous_8)
FN:331,(anonymous_9)
FN:334,(anonymous_10)
FN:349,(anonymous_11)
FN:350,(anonymous_12)
FN:373,(anonymous_13)
FN:374,(anonymous_14)
FN:375,(anonymous_15)
FN:381,(anonymous_16)
FN:394,(anonymous_17)
FN:397,(anonymous_18)
FN:410,(anonymous_19)
FN:413,(anonymous_20)
FN:414,(anonymous_21)
FN:437,(anonymous_22)
FN:442,(anonymous_23)
FN:450,(anonymous_24)
FN:456,(anonymous_25)
FN:471,(anonymous_26)
FN:475,(anonymous_27)
FN:503,(anonymous_28)
FN:511,(anonymous_29)
FN:517,(anonymous_30)
FN:524,(anonymous_31)
FN:532,(anonymous_32)
FN:552,(anonymous_33)
FN:567,(anonymous_34)
FN:571,(anonymous_35)
FN:577,(anonymous_36)
FN:584,(anonymous_37)
FN:585,(anonymous_38)
FN:587,(anonymous_39)
FN:608,(anonymous_40)
FN:614,(anonymous_41)
FN:666,(anonymous_42)
FN:670,(anonymous_43)
FN:707,(anonymous_44)
FN:721,(anonymous_45)
FN:751,(anonymous_46)
FN:765,(anonymous_47)
FN:770,(anonymous_48)
FN:776,(anonymous_49)
FN:785,(anonymous_50)
FN:849,(anonymous_51)
FN:858,(anonymous_52)
FN:881,(anonymous_53)
FN:890,(anonymous_54)
FN:934,(anonymous_55)
FN:943,(anonymous_56)
FN:951,(anonymous_57)
FN:953,(anonymous_58)
FN:954,(anonymous_59)
FN:976,(anonymous_60)
FN:977,(anonymous_61)
FN:982,(anonymous_62)
FN:983,(anonymous_63)
FN:984,(anonymous_64)
FN:989,(anonymous_65)
FN:1012,(anonymous_66)
FN:1045,(anonymous_67)
FN:1094,(anonymous_68)
FN:1103,(anonymous_69)
FN:1121,(anonymous_70)
FN:1193,(anonymous_71)
FN:1252,(anonymous_72)
FN:1263,(anonymous_73)
FN:1280,(anonymous_74)
FN:1305,(anonymous_75)
FN:1310,(anonymous_76)
FN:1341,(anonymous_77)
FN:1351,(anonymous_78)
FN:1385,(anonymous_79)
FN:1396,(anonymous_80)
FN:1418,(anonymous_81)
FNF:82
FNH:0
FNDA:0,(anonymous_0)
FNDA:0,(anonymous_1)
FNDA:0,(anonymous_2)
FNDA:0,(anonymous_3)
FNDA:0,(anonymous_4)
FNDA:0,(anonymous_5)
FNDA:0,(anonymous_6)
FNDA:0,(anonymous_7)
FNDA:0,(anonymous_8)
FNDA:0,(anonymous_9)
FNDA:0,(anonymous_10)
FNDA:0,(anonymous_11)
FNDA:0,(anonymous_12)
FNDA:0,(anonymous_13)
FNDA:0,(anonymous_14)
FNDA:0,(anonymous_15)
FNDA:0,(anonymous_16)
FNDA:0,(anonymous_17)
FNDA:0,(anonymous_18)
FNDA:0,(anonymous_19)
FNDA:0,(anonymous_20)
FNDA:0,(anonymous_21)
FNDA:0,(anonymous_22)
FNDA:0,(anonymous_23)
FNDA:0,(anonymous_24)
FNDA:0,(anonymous_25)
FNDA:0,(anonymous_26)
FNDA:0,(anonymous_27)
FNDA:0,(anonymous_28)
FNDA:0,(anonymous_29)
FNDA:0,(anonymous_30)
FNDA:0,(anonymous_31)
FNDA:0,(anonymous_32)
FNDA:0,(anonymous_33)
FNDA:0,(anonymous_34)
FNDA:0,(anonymous_35)
FNDA:0,(anonymous_36)
FNDA:0,(anonymous_37)
FNDA:0,(anonymous_38)
FNDA:0,(anonymous_39)
FNDA:0,(anonymous_40)
FNDA:0,(anonymous_41)
FNDA:0,(anonymous_42)
FNDA:0,(anonymous_43)
FNDA:0,(anonymous_44)
FNDA:0,(anonymous_45)
FNDA:0,(anonymous_46)
FNDA:0,(anonymous_47)
FNDA:0,(anonymous_48)
FNDA:0,(anonymous_49)
FNDA:0,(anonymous_50)
FNDA:0,(anonymous_51)
FNDA:0,(anonymous_52)
FNDA:0,(anonymous_53)
FNDA:0,(anonymous_54)
FNDA:0,(anonymous_55)
FNDA:0,(anonymous_56)
FNDA:0,(anonymous_57)
FNDA:0,(anonymous_58)
FNDA:0,(anonymous_59)
FNDA:0,(anonymous_60)
FNDA:0,(anonymous_61)
FNDA:0,(anonymous_62)
FNDA:0,(anonymous_63)
FNDA:0,(anonymous_64)
FNDA:0,(anonymous_65)
FNDA:0,(anonymous_66)
FNDA:0,(anonymous_67)
FNDA:0,(anonymous_68)
FNDA:0,(anonymous_69)
FNDA:0,(anonymous_70)
FNDA:0,(anonymous_71)
FNDA:0,(anonymous_72)
FNDA:0,(anonymous_73)
FNDA:0,(anonymous_74)
FNDA:0,(anonymous_75)
FNDA:0,(anonymous_76)
FNDA:0,(anonymous_77)
FNDA:0,(anonymous_78)
FNDA:0,(anonymous_79)
FNDA:0,(anonymous_80)
FNDA:0,(anonymous_81)
DA:97,1
DA:101,1
DA:105,1
DA:106,1
DA:109,1
DA:110,1
DA:111,1
DA:116,1
DA:170,0
DA:171,0
DA:172,0
DA:173,0
DA:175,0
DA:176,0
DA:177,0
DA:179,0
DA:180,0
DA:183,0
DA:192,1
DA:193,1
DA:194,1
DA:195,1
DA:196,1
DA:197,1
DA:198,1
DA:200,1
DA:201,0
DA:204,1
DA:209,1
DA:210,1
DA:211,1
DA:212,0
DA:213,0
DA:214,0
DA:216,0
DA:217,0
DA:218,0
DA:219,0
DA:220,0
DA:221,0
DA:222,0
DA:223,0
DA:224,0
DA:225,0
DA:228,0
DA:229,0
DA:232,1
DA:235,1
DA:239,0
DA:242,1
DA:243,1
DA:244,1
DA:245,0
DA:246,0
DA:247,0
DA:248,0
DA:249,0
DA:254,0
DA:256,1
DA:257,0
DA:259,1
DA:263,0
DA:264,0
DA:265,0
DA:269,0
DA:270,0
DA:271,0
DA:272,0
DA:273,0
DA:274,0
DA:275,0
DA:276,0
DA:277,0
DA:278,0
DA:279,0
DA:280,0
DA:283,0
DA:284,0
DA:287,0
DA:288,0
DA:289,0
DA:291,0
DA:292,0
DA:294,0
DA:295,0
DA:297,0
DA:298,0
DA:299,0
DA:303,0
DA:306,0
DA:307,0
DA:308,0
DA:311,0
DA:312,0
DA:313,0
DA:314,0
DA:315,0
DA:316,0
DA:317,0
DA:318,0
DA:320,0
DA:321,0
DA:322,0
DA:325,0
DA:326,0
DA:329,0
DA:330,0
DA:331,0
DA:332,0
DA:333,0
DA:334,0
DA:335,0
DA:337,0
DA:338,0
DA:339,0
DA:341,0
DA:342,0
DA:347,0
DA:348,0
DA:349,0
DA:350,0
DA:351,0
DA:352,0
DA:353,0
DA:354,0
DA:355,0
DA:356,0
DA:357,0
DA:360,0
DA:361,0
DA:362,0
DA:363,0
DA:367,0
DA:368,0
DA:369,0
DA:370,0
DA:371,0
DA:372,0
DA:373,0
DA:374,0
DA:375,0
DA:378,0
DA:379,0
DA:381,0
DA:382,0
DA:384,0
DA:385,0
DA:386,0
DA:387,0
DA:388,0
DA:389,0
DA:390,0
DA:391,0
DA:392,0
DA:393,0
DA:394,0
DA:395,0
DA:396,0
DA:397,0
DA:398,0
DA:399,0
DA:400,0
DA:402,0
DA:404,0
DA:405,0
DA:406,0
DA:407,0
DA:410,0
DA:411,0
DA:412,0
DA:413,0
DA:414,0
DA:415,0
DA:416,0
DA:417,0
DA:418,0
DA:419,0
DA:420,0
DA:421,0
DA:422,0
DA:425,0
DA:426,0
DA:427,0
DA:429,0
DA:430,0
DA:431,0
DA:432,0
DA:436,0
DA:438,0
DA:439,0
DA:441,0
DA:442,0
DA:443,0
DA:444,0
DA:445,0
DA:447,0
DA:448,0
DA:449,0
DA:450,0
DA:451,0
DA:452,0
DA:457,0
DA:458,0
DA:459,0
DA:461,0
DA:462,0
DA:466,0
DA:467,0
DA:468,0
DA:469,0
DA:470,0
DA:472,0
DA:473,0
DA:474,0
DA:475,0
DA:476,0
DA:477,0
DA:478,0
DA:480,0
DA:481,0
DA:490,0
DA:492,0
DA:493,0
DA:494,0
DA:495,0
DA:496,0
DA:498,0
DA:499,0
DA:501,0
DA:504,0
DA:505,0
DA:509,0
DA:510,0
DA:511,0
DA:512,0
DA:514,0
DA:515,0
DA:517,0
DA:518,0
DA:519,0
DA:521,0
DA:523,0
DA:524,0
DA:525,0
DA:526,0
DA:527,0
DA:528,0
DA:529,0
DA:530,0
DA:531,0
DA:532,0
DA:533,0
DA:534,0
DA:535,0
DA:536,0
DA:537,0
DA:538,0
DA:540,0
DA:542,0
DA:551,0
DA:553,0
DA:554,0
DA:555,0
DA:557,0
DA:561,0
DA:566,0
DA:567,0
DA:568,0
DA:571,0
DA:572,0
DA:573,0
DA:575,0
DA:578,0
DA:579,0
DA:584,0
DA:585,0
DA:586,0
DA:588,0
DA:593,0
DA:594,0
DA:600,0
DA:601,0
DA:603,0
DA:604,0
DA:605,0
DA:607,0
DA:609,0
DA:610,0
DA:612,0
DA:615,0
DA:616,0
DA:620,0
DA:621,0
DA:622,0
DA:623,0
DA:625,0
DA:630,0
DA:639,0
DA:648,0
DA:649,0
DA:650,0
DA:651,0
DA:652,0
DA:653,0
DA:654,0
DA:655,0
DA:656,0
DA:657,0
DA:658,0
DA:659,0
DA:666,0
DA:667,0
DA:668,0
DA:669,0
DA:670,0
DA:671,0
DA:672,0
DA:673,0
DA:675,0
DA:676,0
DA:677,0
DA:678,0
DA:679,0
DA:680,0
DA:681,0
DA:685,0
DA:687,0
DA:688,0
DA:689,0
DA:691,0
DA:692,0
DA:696,0
DA:699,0
DA:700,0
DA:701,0
DA:702,0
DA:704,0
DA:705,0
DA:706,0
DA:707,0
DA:708,0
DA:710,0
DA:711,0
DA:713,0
DA:714,0
DA:715,0
DA:717,0
DA:718,0
DA:719,0
DA:720,0
DA:721,0
DA:722,0
DA:723,0
DA:724,0
DA:727,0
DA:728,0
DA:732,0
DA:733,0
DA:734,0
DA:735,0
DA:736,0
DA:740,0
DA:741,0
DA:742,0
DA:745,0
DA:748,0
DA:752,0
DA:753,0
DA:756,0
DA:757,0
DA:760,0
DA:761,0
DA:764,0
DA:765,0
DA:766,0
DA:771,0
DA:772,0
DA:774,0
DA:777,0
DA:778,0
DA:783,0
DA:784,0
DA:785,0
DA:786,0
DA:787,0
DA:788,0
DA:789,0
DA:790,0
DA:791,0
DA:794,0
DA:796,0
DA:799,0
DA:800,0
DA:802,0
DA:803,0
DA:805,0
DA:806,0
DA:808,0
DA:809,0
DA:811,0
DA:812,0
DA:815,0
DA:816,0
DA:817,0
DA:818,0
DA:819,0
DA:821,0
DA:822,0
DA:823,0
DA:824,0
DA:825,0
DA:826,0
DA:827,0
DA:828,0
DA:829,0
DA:831,0
DA:832,0
DA:833,0
DA:834,0
DA:835,0
DA:839,0
DA:840,0
DA:841,0
DA:842,0
DA:843,0
DA:844,0
DA:845,0
DA:846,0
DA:847,0
DA:848,0
DA:849,0
DA:850,0
DA:851,0
DA:857,0
DA:858,0
DA:859,0
DA:860,0
DA:861,0
DA:864,0
DA:865,0
DA:867,0
DA:868,0
DA:869,0
DA:872,0
DA:873,0
DA:874,0
DA:875,0
DA:876,0
DA:877,0
DA:878,0
DA:879,0
DA:880,0
DA:881,0
DA:882,0
DA:883,0
DA:889,0
DA:890,0
DA:891,0
DA:892,0
DA:893,0
DA:896,0
DA:897,0
DA:899,0
DA:900,0
DA:901,0
DA:904,0
DA:905,0
DA:906,0
DA:907,0
DA:909,0
DA:910,0
DA:911,0
DA:912,0
DA:914,0
DA:915,0
DA:919,0
DA:920,0
DA:923,0
DA:924,0
DA:925,0
DA:927,0
DA:928,0
DA:929,0
DA:931,0
DA:932,0
DA:933,0
DA:934,0
DA:935,0
DA:937,0
DA:938,0
DA:940,0
DA:941,0
DA:942,0
DA:943,0
DA:944,0
DA:946,0
DA:947,0
DA:951,0
DA:952,0
DA:953,0
DA:954,0
DA:955,0
DA:956,0
DA:957,0
DA:959,0
DA:962,0
DA:965,0
DA:966,0
DA:967,0
DA:968,0
DA:969,0
DA:970,0
DA:973,0
DA:974,0
DA:975,0
DA:976,0
DA:977,0
DA:978,0
DA:979,0
DA:982,0
DA:983,0
DA:984,0
DA:985,0
DA:989,0
DA:990,0
DA:994,0
DA:995,0
DA:998,0
DA:999,0
DA:1000,0
DA:1001,0
DA:1002,0
DA:1003,0
DA:1004,0
DA:1005,0
DA:1006,0
DA:1007,0
DA:1008,0
DA:1009,0
DA:1010,0
DA:1011,0
DA:1012,0
DA:1013,0
DA:1014,0
DA:1015,0
DA:1017,0
DA:1019,0
DA:1020,0
DA:1021,0
DA:1022,0
DA:1023,0
DA:1024,0
DA:1025,0
DA:1026,0
DA:1027,0
DA:1029,0
DA:1030,0
DA:1031,0
DA:1032,0
DA:1033,0
DA:1038,0
DA:1042,0
DA:1043,0
DA:1044,0
DA:1045,0
DA:1046,0
DA:1047,0
DA:1048,0
DA:1050,0
DA:1052,0
DA:1053,0
DA:1054,0
DA:1055,0
DA:1056,0
DA:1057,0
DA:1059,0
DA:1062,0
DA:1063,0
DA:1064,0
DA:1065,0
DA:1066,0
DA:1068,0
DA:1069,0
DA:1070,0
DA:1071,0
DA:1072,0
DA:1073,0
DA:1074,0
DA:1075,0
DA:1082,0
DA:1085,0
DA:1088,0
DA:1089,0
DA:1091,0
DA:1092,0
DA:1093,0
DA:1094,0
DA:1095,0
DA:1096,0
DA:1098,0
DA:1100,0
DA:1101,0
DA:1102,0
DA:1103,0
DA:1104,0
DA:1105,0
DA:1107,0
DA:1109,0
DA:1110,0
DA:1111,0
DA:1113,0
DA:1114,0
DA:1115,0
DA:1120,0
DA:1121,0
DA:1122,0
DA:1123,0
DA:1124,0
DA:1127,0
DA:1131,0
DA:1132,0
DA:1133,0
DA:1134,0
DA:1135,0
DA:1136,0
DA:1137,0
DA:1138,0
DA:1145,0
DA:1146,0
DA:1147,0
DA:1148,0
DA:1149,0
DA:1151,0
DA:1152,0
DA:1153,0
DA:1154,0
DA:1155,0
DA:1156,0
DA:1157,0
DA:1158,0
DA:1161,0
DA:1162,0
DA:1163,0
DA:1166,0
DA:1169,0
DA:1170,0
DA:1171,0
DA:1172,0
DA:1173,0
DA:1174,0
DA:1175,0
DA:1176,0
DA:1177,0
DA:1178,0
DA:1181,0
DA:1182,0
DA:1184,0
DA:1185,0
DA:1189,0
DA:1192,1
DA:1193,1
DA:1194,0
DA:1196,1
DA:1200,0
DA:1201,0
DA:1202,0
DA:1203,0
DA:1204,0
DA:1205,0
DA:1208,0
DA:1211,0
DA:1214,0
DA:1215,0
DA:1216,0
DA:1217,0
DA:1219,0
DA:1227,0
DA:1228,0
DA:1230,0
DA:1231,0
DA:1232,0
DA:1234,0
DA:1239,0
DA:1240,0
DA:1242,0
DA:1243,0
DA:1244,0
DA:1246,0
DA:1252,0
DA:1253,0
DA:1254,0
DA:1255,0
DA:1257,0
DA:1258,0
DA:1262,0
DA:1263,0
DA:1264,0
DA:1265,0
DA:1266,0
DA:1267,0
DA:1268,0
DA:1269,0
DA:1270,0
DA:1271,0
DA:1272,0
DA:1273,0
DA:1274,0
DA:1275,0
DA:1279,0
DA:1280,0
DA:1281,0
DA:1285,0
DA:1286,0
DA:1287,0
DA:1288,0
DA:1289,0
DA:1292,0
DA:1298,0
DA:1301,1
DA:1302,1
DA:1306,0
DA:1311,0
DA:1317,0
DA:1318,0
DA:1319,0
DA:1320,0
DA:1321,0
DA:1322,0
DA:1328,0
DA:1329,0
DA:1330,0
DA:1331,0
DA:1332,0
DA:1333,0
DA:1334,0
DA:1337,0
DA:1340,0
DA:1341,0
DA:1342,0
DA:1343,0
DA:1344,0
DA:1345,0
DA:1346,0
DA:1347,0
DA:1348,0
DA:1349,0
DA:1350,0
DA:1351,0
DA:1355,0
DA:1356,0
DA:1357,0
DA:1359,0
DA:1360,0
DA:1361,0
DA:1363,0
DA:1364,0
DA:1365,0
DA:1368,0
DA:1371,0
DA:1372,0
DA:1373,0
DA:1374,0
DA:1377,0
DA:1381,0
DA:1382,0
DA:1383,0
DA:1385,0
DA:1387,0
DA:1388,0
DA:1389,0
DA:1390,0
DA:1393,0
DA:1394,0
DA:1397,0
DA:1398,0
DA:1402,0
DA:1403,0
DA:1404,0
DA:1405,0
DA:1406,0
DA:1407,0
DA:1408,0
DA:1411,1
DA:1412,1
DA:1413,0
DA:1414,0
DA:1415,0
DA:1419,0
DA:1420,0
DA:1421,0
DA:1422,0
DA:1423,0
DA:1424,0
DA:1427,0
DA:1428,0
DA:1430,0
DA:1431,0
DA:1435,0
DA:1436,0
DA:1437,0
DA:1438,0
DA:1439,0
DA:1440,0
DA:1443,0
DA:1447,0
DA:1448,0
DA:1449,0
DA:1450,0
DA:1452,0
LF:809
LH:34
BRDA:172,0,0,0
BRDA:172,0,1,0
BRDA:175,1,0,0
BRDA:175,1,1,0
BRDA:179,2,0,0
BRDA:179,2,1,0
BRDA:183,3,0,0
BRDA:183,3,1,0
BRDA:183,4,0,0
BRDA:183,4,1,0
BRDA:193,5,0,1
BRDA:193,5,1,0
BRDA:197,6,0,1
BRDA:197,6,1,0
BRDA:200,7,0,0
BRDA:200,7,1,1
BRDA:204,8,0,0
BRDA:204,8,1,1
BRDA:204,9,0,1
BRDA:204,9,1,1
BRDA:209,10,0,1
BRDA:209,10,1,1
BRDA:213,11,0,0
BRDA:213,11,1,0
BRDA:213,12,0,0
BRDA:213,12,1,0
BRDA:216,13,0,0
BRDA:216,13,1,0
BRDA:221,14,0,0
BRDA:221,14,1,0
BRDA:221,15,0,0
BRDA:221,15,1,0
BRDA:228,16,0,0
BRDA:228,16,1,0
BRDA:243,17,0,1
BRDA:243,17,1,1
BRDA:244,18,0,0
BRDA:244,18,1,1
BRDA:244,19,0,1
BRDA:244,19,1,0
BRDA:245,20,0,0
BRDA:245,20,1,0
BRDA:251,21,0,0
BRDA:251,21,1,0
BRDA:251,22,0,0
BRDA:251,22,1,0
BRDA:256,23,0,0
BRDA:256,23,1,1
BRDA:259,24,0,1
BRDA:259,24,1,1
BRDA:259,25,0,1
BRDA:259,25,1,0
BRDA:264,26,0,0
BRDA:264,26,1,0
BRDA:272,27,0,0
BRDA:272,27,1,0
BRDA:273,28,0,0
BRDA:273,28,1,0
BRDA:275,29,0,0
BRDA:275,29,1,0
BRDA:277,30,0,0
BRDA:277,30,1,0
BRDA:279,31,0,0
BRDA:279,31,1,0
BRDA:287,32,0,0
BRDA:287,32,1,0
BRDA:291,33,0,0
BRDA:291,33,1,0
BRDA:291,34,0,0
BRDA:291,34,1,0
BRDA:294,35,0,0
BRDA:294,35,1,0
BRDA:294,36,0,0
BRDA:294,36,1,0
BRDA:297,37,0,0
BRDA:297,37,1,0
BRDA:297,38,0,0
BRDA:297,38,1,0
BRDA:307,39,0,0
BRDA:307,39,1,0
BRDA:313,40,0,0
BRDA:313,40,1,0
BRDA:329,41,0,0
BRDA:329,41,1,0
BRDA:341,42,0,0
BRDA:341,42,1,0
BRDA:347,43,0,0
BRDA:347,43,1,0
BRDA:362,44,0,0
BRDA:362,44,1,0
BRDA:371,45,0,0
BRDA:371,45,1,0
BRDA:384,46,0,0
BRDA:384,46,1,0
BRDA:386,47,0,0
BRDA:386,47,1,0
BRDA:387,48,0,0
BRDA:387,48,1,0
BRDA:388,49,0,0
BRDA:388,49,1,0
BRDA:390,50,0,0
BRDA:390,50,1,0
BRDA:391,51,0,0
BRDA:391,51,1,0
BRDA:393,52,0,0
BRDA:393,52,1,0
BRDA:395,53,0,0
BRDA:395,53,1,0
BRDA:396,54,0,0
BRDA:396,54,1,0
BRDA:396,54,2,0
BRDA:398,55,0,0
BRDA:398,55,1,0
BRDA:399,56,0,0
BRDA:399,56,1,0
BRDA:404,57,0,0
BRDA:404,57,1,0
BRDA:406,58,0,0
BRDA:406,58,1,0
BRDA:411,59,0,0
BRDA:411,59,1,0
BRDA:415,60,0,0
BRDA:415,60,1,0
BRDA:417,61,0,0
BRDA:417,61,1,0
BRDA:419,62,0,0
BRDA:419,62,1,0
BRDA:419,63,0,0
BRDA:419,63,1,0
BRDA:420,64,0,0
BRDA:420,64,1,0
BRDA:422,65,0,0
BRDA:422,65,1,0
BRDA:426,66,0,0
BRDA:426,66,1,0
BRDA:427,67,0,0
BRDA:427,67,1,0
BRDA:429,68,0,0
BRDA:429,68,1,0
BRDA:430,69,0,0
BRDA:430,69,1,0
BRDA:438,70,0,0
BRDA:438,70,1,0
BRDA:448,71,0,0
BRDA:448,71,1,0
BRDA:458,72,0,0
BRDA:458,72,1,0
BRDA:468,73,0,0
BRDA:468,73,1,0
BRDA:469,74,0,0
BRDA:469,74,1,0
BRDA:472,75,0,0
BRDA:472,75,1,0
BRDA:480,76,0,0
BRDA:480,76,1,0
BRDA:492,77,0,0
BRDA:492,77,1,0
BRDA:493,78,0,0
BRDA:493,78,1,0
BRDA:495,79,0,0
BRDA:495,79,1,0
BRDA:499,80,0,0
BRDA:499,80,1,0
BRDA:501,81,0,0
BRDA:501,81,1,0
BRDA:505,82,0,0
BRDA:505,82,1,0
BRDA:514,83,0,0
BRDA:514,83,1,0
BRDA:518,84,0,0
BRDA:518,84,1,0
BRDA:525,85,0,0
BRDA:525,85,1,0
BRDA:525,86,0,0
BRDA:525,86,1,0
BRDA:528,87,0,0
BRDA:528,87,1,0
BRDA:529,88,0,0
BRDA:529,88,1,0
BRDA:530,89,0,0
BRDA:530,89,1,0
BRDA:533,90,0,0
BRDA:533,90,1,0
BRDA:535,91,0,0
BRDA:535,91,1,0
BRDA:535,92,0,0
BRDA:535,92,1,0
BRDA:537,93,0,0
BRDA:537,93,1,0
BRDA:554,94,0,0
BRDA:554,94,1,0
BRDA:568,95,0,0
BRDA:568,95,1,0
BRDA:572,96,0,0
BRDA:572,96,1,0
BRDA:572,97,0,0
BRDA:572,97,1,0
BRDA:573,98,0,0
BRDA:573,98,1,0
BRDA:575,99,0,0
BRDA:575,99,1,0
BRDA:579,100,0,0
BRDA:579,100,1,0
BRDA:586,101,0,0
BRDA:586,101,1,0
BRDA:588,102,0,0
BRDA:588,102,1,0
BRDA:593,103,0,0
BRDA:593,103,1,0
BRDA:600,104,0,0
BRDA:600,104,1,0
BRDA:601,105,0,0
BRDA:601,105,1,0
BRDA:603,106,0,0
BRDA:603,106,1,0
BRDA:604,107,0,0
BRDA:604,107,1,0
BRDA:609,108,0,0
BRDA:609,108,1,0
BRDA:609,109,0,0
BRDA:609,109,1,0
BRDA:610,110,0,0
BRDA:610,110,1,0
BRDA:612,111,0,0
BRDA:612,111,1,0
BRDA:616,112,0,0
BRDA:616,112,1,0
BRDA:620,113,0,0
BRDA:620,113,1,0
BRDA:623,114,0,0
BRDA:623,114,1,0
BRDA:623,114,2,0
BRDA:626,115,0,0
BRDA:626,115,1,0
BRDA:631,116,0,0
BRDA:631,116,1,0
BRDA:640,117,0,0
BRDA:640,117,1,0
BRDA:651,118,0,0
BRDA:651,118,1,0
BRDA:651,118,2,0
BRDA:654,119,0,0
BRDA:654,119,1,0
BRDA:655,120,0,0
BRDA:655,120,1,0
BRDA:658,121,0,0
BRDA:658,121,1,0
BRDA:669,122,0,0
BRDA:669,122,1,0
BRDA:672,123,0,0
BRDA:672,123,1,0
BRDA:675,124,0,0
BRDA:675,124,1,0
BRDA:680,125,0,0
BRDA:680,125,1,0
BRDA:680,126,0,0
BRDA:680,126,1,0
BRDA:688,127,0,0
BRDA:688,127,1,0
BRDA:689,128,0,0
BRDA:689,128,1,0
BRDA:700,129,0,0
BRDA:700,129,1,0
BRDA:704,130,0,0
BRDA:704,130,1,0
BRDA:704,130,2,0
BRDA:705,131,0,0
BRDA:705,131,1,0
BRDA:713,132,0,0
BRDA:713,132,1,0
BRDA:722,133,0,0
BRDA:722,133,1,0
BRDA:722,134,0,0
BRDA:722,134,1,0
BRDA:727,135,0,0
BRDA:727,135,1,0
BRDA:733,136,0,0
BRDA:733,136,1,0
BRDA:735,137,0,0
BRDA:735,137,1,0
BRDA:735,138,0,0
BRDA:735,138,1,0
BRDA:741,139,0,0
BRDA:741,139,1,0
BRDA:741,140,0,0
BRDA:741,140,1,0
BRDA:760,141,0,0
BRDA:760,141,1,0
BRDA:771,142,0,0
BRDA:771,142,1,0
BRDA:771,143,0,0
BRDA:771,143,1,0
BRDA:772,144,0,0
BRDA:772,144,1,0
BRDA:774,145,0,0
BRDA:774,145,1,0
BRDA:778,146,0,0
BRDA:778,146,1,0
BRDA:784,147,0,0
BRDA:784,147,1,0
BRDA:786,148,0,0
BRDA:786,148,1,0
BRDA:786,148,2,0
BRDA:788,149,0,0
BRDA:788,149,1,0
BRDA:789,150,0,0
BRDA:789,150,1,0
BRDA:794,151,0,0
BRDA:794,151,1,0
BRDA:800,152,0,0
BRDA:800,152,1,0
BRDA:800,152,2,0
BRDA:811,153,0,0
BRDA:811,153,1,0
BRDA:815,154,0,0
BRDA:815,154,1,0
BRDA:817,155,0,0
BRDA:817,155,1,0
BRDA:818,156,0,0
BRDA:818,156,1,0
BRDA:822,157,0,0
BRDA:822,157,1,0
BRDA:824,158,0,0
BRDA:824,158,1,0
BRDA:826,159,0,0
BRDA:826,159,1,0
BRDA:826,160,0,0
BRDA:826,160,1,0
BRDA:826,160,2,0
BRDA:828,161,0,0
BRDA:828,161,1,0
BRDA:828,162,0,0
BRDA:828,162,1,0
BRDA:831,163,0,0
BRDA:831,163,1,0
BRDA:833,164,0,0
BRDA:833,164,1,0
BRDA:833,165,0,0
BRDA:833,165,1,0
BRDA:833,165,2,0
BRDA:834,166,0,0
BRDA:834,166,1,0
BRDA:839,167,0,0
BRDA:839,167,1,0
BRDA:841,168,0,0
BRDA:841,168,1,0
BRDA:843,169,0,0
BRDA:843,169,1,0
BRDA:845,170,0,0
BRDA:845,170,1,0
BRDA:847,171,0,0
BRDA:847,171,1,0
BRDA:857,172,0,0
BRDA:857,172,1,0
BRDA:860,173,0,0
BRDA:860,173,1,0
BRDA:868,174,0,0
BRDA:868,174,1,0
BRDA:872,175,0,0
BRDA:872,175,1,0
BRDA:873,176,0,0
BRDA:873,176,1,0
BRDA:875,177,0,0
BRDA:875,177,1,0
BRDA:877,178,0,0
BRDA:877,178,1,0
BRDA:879,179,0,0
BRDA:879,179,1,0
BRDA:889,180,0,0
BRDA:889,180,1,0
BRDA:892,181,0,0
BRDA:892,181,1,0
BRDA:900,182,0,0
BRDA:900,182,1,0
BRDA:904,183,0,0
BRDA:904,183,1,0
BRDA:905,184,0,0
BRDA:905,184,1,0
BRDA:909,185,0,0
BRDA:909,185,1,0
BRDA:910,186,0,0
BRDA:910,186,1,0
BRDA:911,187,0,0
BRDA:911,187,1,0
BRDA:914,188,0,0
BRDA:914,188,1,0
BRDA:919,189,0,0
BRDA:919,189,1,0
BRDA:923,190,0,0
BRDA:923,190,1,0
BRDA:927,191,0,0
BRDA:927,191,1,0
BRDA:931,192,0,0
BRDA:931,192,1,0
BRDA:935,193,0,0
BRDA:935,193,1,0
BRDA:937,194,0,0
BRDA:937,194,1,0
BRDA:937,194,2,0
BRDA:940,195,0,0
BRDA:940,195,1,0
BRDA:944,196,0,0
BRDA:944,196,1,0
BRDA:946,197,0,0
BRDA:946,197,1,0
BRDA:946,197,2,0
BRDA:951,198,0,0
BRDA:951,198,1,0
BRDA:953,199,0,0
BRDA:953,199,1,0
BRDA:954,200,0,0
BRDA:954,200,1,0
BRDA:955,201,0,0
BRDA:955,201,1,0
BRDA:985,202,0,0
BRDA:985,202,1,0
BRDA:985,202,2,0
BRDA:985,202,3,0
BRDA:990,203,0,0
BRDA:990,203,1,0
BRDA:990,203,2,0
BRDA:990,203,3,0
BRDA:995,204,0,0
BRDA:995,204,1,0
BRDA:995,204,2,0
BRDA:998,205,0,0
BRDA:998,205,1,0
BRDA:1014,206,0,0
BRDA:1014,206,1,0
BRDA:1014,207,0,0
BRDA:1014,207,1,0
BRDA:1019,208,0,0
BRDA:1019,208,1,0
BRDA:1042,209,0,0
BRDA:1042,209,1,0
BRDA:1044,210,0,0
BRDA:1044,210,1,0
BRDA:1047,211,0,0
BRDA:1047,211,1,0
BRDA:1047,212,0,0
BRDA:1047,212,1,0
BRDA:1053,213,0,0
BRDA:1053,213,1,0
BRDA:1054,214,0,0
BRDA:1054,214,1,0
BRDA:1056,215,0,0
BRDA:1056,215,1,0
BRDA:1069,216,0,0
BRDA:1069,216,1,0
BRDA:1073,217,0,0
BRDA:1073,217,1,0
BRDA:1088,218,0,0
BRDA:1088,218,1,0
BRDA:1091,219,0,0
BRDA:1091,219,1,0
BRDA:1100,220,0,0
BRDA:1100,220,1,0
BRDA:1109,221,0,0
BRDA:1109,221,1,0
BRDA:1113,222,0,0
BRDA:1113,222,1,0
BRDA:1122,223,0,0
BRDA:1122,223,1,0
BRDA:1132,224,0,0
BRDA:1132,224,1,0
BRDA:1138,225,0,0
BRDA:1138,225,1,0
BRDA:1147,226,0,0
BRDA:1147,226,1,0
BRDA:1148,227,0,0
BRDA:1148,227,1,0
BRDA:1148,228,0,0
BRDA:1148,228,1,0
BRDA:1154,229,0,0
BRDA:1154,229,1,0
BRDA:1155,230,0,0
BRDA:1155,230,1,0
BRDA:1156,231,0,0
BRDA:1156,231,1,0
BRDA:1162,232,0,0
BRDA:1162,232,1,0
BRDA:1162,233,0,0
BRDA:1162,233,1,0
BRDA:1172,234,0,0
BRDA:1172,234,1,0
BRDA:1177,235,0,0
BRDA:1177,235,1,0
BRDA:1181,236,0,0
BRDA:1181,236,1,0
BRDA:1184,237,0,0
BRDA:1184,237,1,0
BRDA:1215,238,0,0
BRDA:1215,238,1,0
BRDA:1216,239,0,0
BRDA:1216,239,1,0
BRDA:1230,240,0,0
BRDA:1230,240,1,0
BRDA:1231,241,0,0
BRDA:1231,241,1,0
BRDA:1242,242,0,0
BRDA:1242,242,1,0
BRDA:1243,243,0,0
BRDA:1243,243,1,0
BRDA:1263,244,0,0
BRDA:1263,244,1,0
BRDA:1268,245,0,0
BRDA:1268,245,1,0
BRDA:1268,246,0,0
BRDA:1268,246,1,0
BRDA:1280,247,0,0
BRDA:1280,247,1,0
BRDA:1329,248,0,0
BRDA:1329,248,1,0
BRDA:1332,249,0,0
BRDA:1332,249,1,0
BRDA:1340,250,0,0
BRDA:1340,250,1,0
BRDA:1341,251,0,0
BRDA:1341,251,1,0
BRDA:1356,252,0,0
BRDA:1356,252,1,0
BRDA:1359,253,0,0
BRDA:1359,253,1,0
BRDA:1372,254,0,0
BRDA:1372,254,1,0
BRDA:1373,255,0,0
BRDA:1373,255,1,0
BRDA:1388,256,0,0
BRDA:1388,256,1,0
BRDA:1412,257,0,0
BRDA:1412,257,1,1
BRDA:1423,258,0,0
BRDA:1423,258,1,0
BRDA:1439,259,0,0
BRDA:1439,259,1,0
BRF:535
BRH:17
end_of_record
TN:
SF:/Users/qiushi.chen/Desktop/project/datamap_app/src/assets/vue/components/upload_comp/util.js
FN:10,(anonymous_0)
FN:17,(anonymous_1)
FN:26,blobToFile
FN:37,(anonymous_3)
FN:40,(anonymous_4)
FN:41,(anonymous_5)
FN:42,(anonymous_6)
FN:44,(anonymous_7)
FN:53,(anonymous_8)
FN:57,(anonymous_9)
FN:68,(anonymous_10)
FN:69,(anonymous_11)
FN:86,(anonymous_12)
FN:87,(anonymous_13)
FN:91,(anonymous_14)
FN:103,(anonymous_15)
FN:110,(anonymous_16)
FN:126,(anonymous_17)
FN:131,loadNext
FN:146,(anonymous_19)
FN:148,(anonymous_20)
FN:150,(anonymous_21)
FN:158,(anonymous_22)
FN:168,(anonymous_23)
FN:171,(anonymous_24)
FN:185,upload
FN:187,(anonymous_26)
FN:192,(anonymous_27)
FN:200,(anonymous_28)
FN:209,(anonymous_29)
FN:220,(anonymous_30)
FN:226,(anonymous_31)
FN:232,(anonymous_32)
FN:240,(anonymous_33)
FN:243,(anonymous_34)
FN:245,(anonymous_35)
FN:264,(anonymous_36)
FN:266,(anonymous_37)
FN:289,(anonymous_38)
FN:290,(anonymous_39)
FN:291,(anonymous_40)
FN:293,(anonymous_41)
FNF:42
FNH:2
FNDA:3,(anonymous_0)
FNDA:1,(anonymous_1)
FNDA:0,blobToFile
FNDA:0,(anonymous_3)
FNDA:0,(anonymous_4)
FNDA:0,(anonymous_5)
FNDA:0,(anonymous_6)
FNDA:0,(anonymous_7)
FNDA:0,(anonymous_8)
FNDA:0,(anonymous_9)
FNDA:0,(anonymous_10)
FNDA:0,(anonymous_11)
FNDA:0,(anonymous_12)
FNDA:0,(anonymous_13)
FNDA:0,(anonymous_14)
FNDA:0,(anonymous_15)
FNDA:0,(anonymous_16)
FNDA:0,(anonymous_17)
FNDA:0,loadNext
FNDA:0,(anonymous_19)
FNDA:0,(anonymous_20)
FNDA:0,(anonymous_21)
FNDA:0,(anonymous_22)
FNDA:0,(anonymous_23)
FNDA:0,(anonymous_24)
FNDA:0,upload
FNDA:0,(anonymous_26)
FNDA:0,(anonymous_27)
FNDA:0,(anonymous_28)
FNDA:0,(anonymous_29)
FNDA:0,(anonymous_30)
FNDA:0,(anonymous_31)
FNDA:0,(anonymous_32)
FNDA:0,(anonymous_33)
FNDA:0,(anonymous_34)
FNDA:0,(anonymous_35)
FNDA:0,(anonymous_36)
FNDA:0,(anonymous_37)
FNDA:0,(anonymous_38)
FNDA:0,(anonymous_39)
FNDA:0,(anonymous_40)
FNDA:0,(anonymous_41)
DA:10,1
DA:11,3
DA:17,1
DA:18,1
DA:28,0
DA:29,0
DA:30,0
DA:37,1
DA:38,0
DA:39,0
DA:40,0
DA:41,0
DA:42,0
DA:43,0
DA:44,0
DA:46,0
DA:47,0
DA:48,0
DA:49,0
DA:52,0
DA:54,0
DA:55,0
DA:58,0
DA:59,0
DA:68,1
DA:69,0
DA:76,0
DA:77,0
DA:78,0
DA:86,1
DA:87,0
DA:88,0
DA:89,0
DA:91,0
DA:92,0
DA:103,1
DA:104,0
DA:105,0
DA:106,0
DA:107,0
DA:108,0
DA:110,0
DA:112,0
DA:113,0
DA:115,0
DA:116,0
DA:117,0
DA:119,0
DA:120,0
DA:121,0
DA:122,0
DA:126,0
DA:127,0
DA:128,0
DA:132,0
DA:133,0
DA:135,0
DA:138,0
DA:146,1
DA:147,0
DA:148,0
DA:149,0
DA:150,0
DA:151,0
DA:154,0
DA:158,0
DA:159,0
DA:168,1
DA:169,0
DA:170,0
DA:171,0
DA:172,0
DA:186,0
DA:187,0
DA:188,0
DA:190,0
DA:191,0
DA:192,0
DA:193,0
DA:194,0
DA:195,0
DA:200,0
DA:201,0
DA:202,0
DA:203,0
DA:205,0
DA:206,0
DA:209,0
DA:210,0
DA:211,0
DA:213,0
DA:214,0
DA:220,1
DA:221,0
DA:225,0
DA:227,0
DA:228,0
DA:230,0
DA:233,0
DA:240,1
DA:241,0
DA:242,0
DA:243,0
DA:244,0
DA:245,0
DA:246,0
DA:247,0
DA:248,0
DA:256,0
DA:259,0
DA:264,0
DA:265,0
DA:266,0
DA:267,0
DA:268,0
DA:269,0
DA:277,0
DA:280,0
DA:289,1
DA:290,0
DA:291,0
DA:292,0
DA:294,0
LF:123
LH:13
BRDA:11,0,0,3
BRDA:11,0,1,3
BRDA:11,0,2,0
BRDA:18,1,0,1
BRDA:18,1,1,1
BRDA:18,1,2,0
BRDA:88,2,0,0
BRDA:88,2,1,0
BRDA:115,3,0,0
BRDA:115,3,1,0
BRDA:122,4,0,0
BRDA:122,4,1,0
BRDA:128,5,0,0
BRDA:128,5,1,0
BRDA:133,6,0,0
BRDA:133,6,1,0
BRDA:147,7,0,0
BRDA:147,7,1,0
BRDA:149,8,0,0
BRDA:149,8,1,0
BRDA:151,9,0,0
BRDA:151,9,1,0
BRDA:154,10,0,0
BRDA:154,10,1,0
BRDA:159,11,0,0
BRDA:159,11,1,0
BRDA:172,12,0,0
BRDA:172,12,1,0
BRDA:193,13,0,0
BRDA:193,13,1,0
BRDA:195,14,0,0
BRDA:195,14,1,0
BRDA:201,15,0,0
BRDA:201,15,1,0
BRDA:203,16,0,0
BRDA:203,16,1,0
BRDA:206,17,0,0
BRDA:206,17,1,0
BRDA:211,18,0,0
BRDA:211,18,1,0
BRDA:227,19,0,0
BRDA:227,19,1,0
BRDA:227,20,0,0
BRDA:227,20,1,0
BRDA:228,21,0,0
BRDA:228,21,1,0
BRDA:230,22,0,0
BRDA:230,22,1,0
BRDA:233,23,0,0
BRDA:233,23,1,0
BRDA:242,24,0,0
BRDA:242,24,1,0
BRDA:242,25,0,0
BRDA:242,25,1,0
BRDA:244,26,0,0
BRDA:244,26,1,0
BRDA:244,27,0,0
BRDA:244,27,1,0
BRDA:259,28,0,0
BRDA:259,28,1,0
BRDA:265,29,0,0
BRDA:265,29,1,0
BRDA:265,30,0,0
BRDA:265,30,1,0
BRDA:280,31,0,0
BRDA:280,31,1,0
BRF:66
BRH:4
end_of_record
TN:
SF:/Users/qiushi.chen/Desktop/project/datamap_app/src/assets/vue/components/commons/card-panel/point-card.vue
FN:39,(anonymous_0)
FN:74,(anonymous_1)
FNF:2
FNH:1
FNDA:0,(anonymous_0)
FNDA:5,(anonymous_1)
DA:23,1
DA:34,2
DA:40,0
DA:46,5
DA:47,5
DA:48,1
DA:49,4
DA:50,3
DA:51,3
DA:52,1
DA:53,2
DA:54,1
DA:55,1
DA:56,1
DA:58,1
DA:59,1
DA:60,1
DA:61,0
DA:62,1
DA:63,0
DA:65,1
DA:68,5
DA:71,5
DA:74,5
LF:24
LH:21
BRDA:47,0,0,1
BRDA:47,0,1,4
BRDA:49,1,0,3
BRDA:49,1,1,1
BRDA:51,2,0,1
BRDA:51,2,1,2
BRDA:51,3,0,3
BRDA:51,3,1,2
BRDA:53,4,0,1
BRDA:53,4,1,1
BRDA:55,5,0,1
BRDA:55,5,1,0
BRDA:58,6,0,1
BRDA:58,6,1,0
BRDA:60,7,0,0
BRDA:60,7,1,1
BRDA:62,8,0,0
BRDA:62,8,1,1
BRDA:65,9,0,1
BRDA:65,9,1,0
BRDA:74,10,0,2
BRDA:74,10,1,1
BRF:22
BRH:17
end_of_record
TN:
SF:/Users/qiushi.chen/Desktop/project/datamap_app/src/assets/vue/components/commons/card-panel/visual/point-visual-tag.vue
FN:65,(anonymous_0)
FNF:1
FNH:1
FNDA:16,(anonymous_0)
DA:25,1
DA:30,1
DA:41,1
DA:45,1
DA:49,1
DA:53,1
DA:54,1
DA:55,1
DA:56,1
DA:57,1
DA:58,1
DA:61,1
DA:62,1
DA:63,1
DA:64,1
DA:65,1
DA:66,16
DA:67,16
DA:69,1
DA:70,1
DA:71,1
DA:72,1
DA:73,1
DA:74,1
DA:75,1
DA:76,1
DA:80,1
LF:27
LH:27
BRDA:71,0,0,1
BRDA:71,0,1,0
BRDA:73,1,0,1
BRDA:73,1,1,0
BRDA:75,2,0,1
BRDA:75,2,1,0
BRF:6
BRH:3
end_of_record
TN:
SF:/Users/qiushi.chen/Desktop/project/datamap_app/src/assets/vue/components/commons/card-panel/visual/point-visualization.vue
FNF:0
FNH:0
DA:23,1
DA:32,1
DA:35,1
DA:38,1
DA:42,1
DA:43,1
DA:44,1
DA:45,1
DA:46,1
DA:47,1
LF:10
LH:10
BRDA:46,0,0,1
BRDA:46,0,1,1
BRF:2
BRH:2
end_of_record
TN:
SF:/Users/qiushi.chen/Desktop/project/datamap_app/src/assets/vue/components/commons/card-panel/visual/point-hot-map.vue
FNF:0
FNH:0
DA:17,1
DA:29,1
DA:33,1
DA:34,1
DA:35,1
DA:36,1
DA:37,1
DA:38,1
DA:39,1
DA:40,1
DA:41,1
LF:11
LH:11
BRDA:39,0,0,1
BRDA:39,0,1,0
BRDA:40,1,0,1
BRDA:40,1,1,0
BRDA:40,1,2,0
BRDA:41,2,0,1
BRDA:41,2,1,1
BRF:7
BRH:4
end_of_record
TN:
SF:/Users/qiushi.chen/Desktop/project/datamap_app/src/assets/vue/components/commons/card-panel/visual/normal/slider.vue
FNF:0
FNH:0
DA:27,2
LF:1
LH:1
BRF:0
BRH:0
end_of_record
TN:
SF:/Users/qiushi.chen/Desktop/project/datamap_app/src/assets/vue/components/commons/card-panel/polygon-card.vue
FN:36,(anonymous_0)
FN:71,(anonymous_1)
FNF:2
FNH:1
FNDA:1,(anonymous_0)
FNDA:0,(anonymous_1)
DA:23,1
DA:31,1
DA:37,1
DA:43,0
DA:44,0
DA:45,0
DA:46,0
DA:47,0
DA:48,0
DA:49,0
DA:50,0
DA:51,0
DA:52,0
DA:53,0
DA:55,0
DA:56,0
DA:57,0
DA:58,0
DA:59,0
DA:60,0
DA:62,0
DA:65,0
DA:68,0
DA:71,1
DA:74,1
DA:75,1
DA:76,1
DA:77,1
LF:28
LH:8
BRDA:44,0,0,0
BRDA:44,0,1,0
BRDA:46,1,0,0
BRDA:46,1,1,0
BRDA:48,2,0,0
BRDA:48,2,1,0
BRDA:48,3,0,0
BRDA:48,3,1,0
BRDA:50,4,0,0
BRDA:50,4,1,0
BRDA:52,5,0,0
BRDA:52,5,1,0
BRDA:55,6,0,0
BRDA:55,6,1,0
BRDA:57,7,0,0
BRDA:57,7,1,0
BRDA:59,8,0,0
BRDA:59,8,1,0
BRDA:62,9,0,0
BRDA:62,9,1,0
BRDA:71,10,0,1
BRDA:71,10,1,1
BRDA:74,11,0,1
BRDA:74,11,1,0
BRDA:75,12,0,1
BRDA:75,12,1,0
BRDA:75,13,0,1
BRDA:75,13,1,1
BRDA:76,14,0,1
BRDA:76,14,1,0
BRF:30
BRH:7
end_of_record
TN:
SF:/Users/qiushi.chen/Desktop/project/datamap_app/src/assets/vue/components/commons/card-panel/visual/polygon-visualization.vue
FNF:0
FNH:0
DA:17,1
DA:26,1
DA:30,1
DA:31,1
DA:32,1
DA:33,1
LF:6
LH:6
BRDA:32,0,0,1
BRDA:32,0,1,0
BRF:2
BRH:1
end_of_record
TN:
SF:/Users/qiushi.chen/Desktop/project/datamap_app/src/assets/vue/components/commons/card-panel/visual/normal/sketchBoard.vue
FNF:0
FNH:0
DA:14,2
LF:1
LH:1
BRF:0
BRH:0
end_of_record
TN:
SF:/Users/qiushi.chen/Desktop/project/datamap_app/src/assets/vue/components/commons/card-panel/visual/polygon-visualization-type.vue
FNF:0
FNH:0
DA:22,2
DA:30,2
DA:33,2
DA:36,2
DA:40,2
DA:41,2
DA:42,2
DA:43,2
DA:44,2
LF:9
LH:9
BRDA:43,0,0,2
BRDA:43,0,1,0
BRF:2
BRH:1
end_of_record
TN:
SF:/Users/qiushi.chen/Desktop/project/datamap_app/src/assets/vue/components/commons/card-panel/polyline-card.vue
FN:38,(anonymous_0)
FN:73,(anonymous_1)
FNF:2
FNH:1
FNDA:1,(anonymous_0)
FNDA:0,(anonymous_1)
DA:25,1
DA:33,1
DA:39,1
DA:45,0
DA:46,0
DA:47,0
DA:48,0
DA:49,0
DA:50,0
DA:51,0
DA:52,0
DA:53,0
DA:54,0
DA:55,0
DA:57,0
DA:58,0
DA:59,0
DA:60,0
DA:61,0
DA:62,0
DA:64,0
DA:67,0
DA:70,0
DA:73,1
DA:76,1
DA:77,1
LF:26
LH:6
BRDA:46,0,0,0
BRDA:46,0,1,0
BRDA:48,1,0,0
BRDA:48,1,1,0
BRDA:50,2,0,0
BRDA:50,2,1,0
BRDA:50,3,0,0
BRDA:50,3,1,0
BRDA:52,4,0,0
BRDA:52,4,1,0
BRDA:54,5,0,0
BRDA:54,5,1,0
BRDA:57,6,0,0
BRDA:57,6,1,0
BRDA:59,7,0,0
BRDA:59,7,1,0
BRDA:61,8,0,0
BRDA:61,8,1,0
BRDA:64,9,0,0
BRDA:64,9,1,0
BRDA:73,10,0,1
BRDA:73,10,1,1
BRDA:76,11,0,1
BRDA:76,11,1,0
BRDA:77,12,0,1
BRDA:77,12,1,0
BRDA:77,13,0,1
BRDA:77,13,1,1
BRF:28
BRH:6
end_of_record
TN:
SF:/Users/qiushi.chen/Desktop/project/datamap_app/src/assets/vue/components/commons/card-panel/visual/polyline-visualization.vue
FNF:0
FNH:0
DA:17,1
DA:26,1
DA:30,1
DA:31,1
DA:32,1
DA:33,1
LF:6
LH:6
BRDA:32,0,0,1
BRDA:32,0,1,0
BRF:2
BRH:1
end_of_record
TN:
SF:/Users/qiushi.chen/Desktop/project/datamap_app/src/assets/vue/components/commons/card-panel/visual/polyline-visualization-type.vue
FNF:0
FNH:0
DA:24,2
DA:32,2
DA:35,2
DA:38,2
DA:42,2
DA:43,2
DA:44,2
DA:45,2
DA:46,2
LF:9
LH:9
BRDA:45,0,0,2
BRDA:45,0,1,0
BRF:2
BRH:1
end_of_record
TN:
SF:/Users/qiushi.chen/Desktop/project/datamap_app/src/assets/vue/components/lazyload-echarts.vue
FN:85,(anonymous_0)
FN:95,(anonymous_1)
FN:98,(anonymous_2)
FN:101,(anonymous_3)
FN:114,(anonymous_4)
FN:123,(anonymous_5)
FN:130,(anonymous_6)
FN:154,(anonymous_7)
FN:162,(anonymous_8)
FN:173,(anonymous_9)
FN:216,(anonymous_10)
FN:225,(anonymous_11)
FNF:12
FNH:6
FNDA:0,(anonymous_0)
FNDA:1,(anonymous_1)
FNDA:1,(anonymous_2)
FNDA:0,(anonymous_3)
FNDA:1,(anonymous_4)
FNDA:0,(anonymous_5)
FNDA:2,(anonymous_6)
FNDA:2,(anonymous_7)
FNDA:4,(anonymous_8)
FNDA:0,(anonymous_9)
FNDA:0,(anonymous_10)
FNDA:0,(anonymous_11)
DA:43,2
DA:44,2
DA:45,2
DA:46,2
DA:52,2
DA:53,2
DA:63,1
DA:81,1
DA:85,1
DA:86,0
DA:90,1
DA:91,1
DA:92,1
DA:96,1
DA:99,1
DA:102,0
DA:103,0
DA:108,0
DA:111,1
DA:112,1
DA:113,1
DA:114,1
DA:115,1
DA:116,1
DA:118,0
DA:120,1
DA:121,0
DA:124,0
DA:125,0
DA:129,1
DA:130,1
DA:131,2
DA:136,2
DA:143,2
DA:145,1
DA:146,1
DA:147,1
DA:148,1
DA:151,2
DA:152,2
DA:153,2
DA:154,2
DA:155,2
DA:156,0
DA:158,2
DA:159,0
DA:161,2
DA:162,1
DA:163,4
DA:165,1
DA:166,1
DA:167,1
DA:168,1
DA:169,0
DA:170,0
DA:171,0
DA:172,0
DA:173,0
DA:174,0
DA:176,0
DA:179,0
DA:181,0
DA:182,0
DA:186,1
DA:191,2
DA:192,2
DA:193,2
DA:194,2
DA:198,0
DA:199,0
DA:202,0
DA:204,0
DA:205,0
DA:208,0
DA:209,0
DA:210,0
DA:211,0
DA:215,1
DA:216,1
DA:217,0
DA:218,0
DA:219,0
DA:220,0
DA:224,0
DA:225,0
DA:226,0
DA:227,0
DA:228,0
DA:231,0
DA:232,0
DA:233,0
DA:237,1
DA:240,0
DA:243,0
DA:244,0
DA:247,0
DA:251,0
DA:252,0
DA:253,0
DA:254,0
DA:255,0
DA:256,0
DA:260,0
DA:263,0
DA:264,0
DA:265,0
LF:106
LH:51
BRDA:111,0,0,1
BRDA:111,0,1,0
BRDA:112,1,0,1
BRDA:112,1,1,0
BRDA:113,2,0,1
BRDA:113,2,1,0
BRDA:115,3,0,1
BRDA:115,3,1,0
BRDA:120,4,0,0
BRDA:120,4,1,1
BRDA:130,5,0,1
BRDA:130,5,1,1
BRDA:141,6,0,2
BRDA:141,6,1,0
BRDA:151,7,0,2
BRDA:151,7,1,1
BRDA:152,8,0,2
BRDA:152,8,1,1
BRDA:155,9,0,0
BRDA:155,9,1,2
BRDA:155,10,0,2
BRDA:155,10,1,1
BRDA:158,11,0,0
BRDA:158,11,1,2
BRDA:158,12,0,2
BRDA:158,12,1,2
BRDA:161,13,0,1
BRDA:161,13,1,1
BRDA:163,14,0,1
BRDA:163,14,1,3
BRDA:165,15,0,1
BRDA:165,15,1,0
BRDA:166,16,0,1
BRDA:166,16,1,0
BRDA:168,17,0,0
BRDA:168,17,1,1
BRDA:170,18,0,0
BRDA:170,18,1,0
BRDA:171,19,0,0
BRDA:171,19,1,0
BRDA:198,20,0,0
BRDA:198,20,1,0
BRDA:204,21,0,0
BRDA:204,21,1,0
BRDA:216,22,0,1
BRDA:216,22,1,1
BRDA:217,23,0,0
BRDA:217,23,1,0
BRDA:219,24,0,0
BRDA:219,24,1,0
BRDA:225,25,0,0
BRDA:225,25,1,0
BRDA:227,26,0,0
BRDA:227,26,1,0
BRDA:231,27,0,0
BRDA:231,27,1,0
BRDA:237,28,0,1
BRDA:237,28,1,0
BRDA:243,29,0,0
BRDA:243,29,1,0
BRDA:243,30,0,0
BRDA:243,30,1,0
BRDA:243,30,2,0
BRDA:243,30,3,0
BRDA:254,31,0,0
BRDA:254,31,1,0
BRDA:254,32,0,0
BRDA:254,32,1,0
BRDA:263,33,0,0
BRDA:263,33,1,0
BRDA:264,34,0,0
BRDA:264,34,1,0
BRF:72
BRH:28
end_of_record
TN:
SF:/Users/qiushi.chen/Desktop/project/datamap_app/src/assets/vue/components/workspace/chart-panel.vue
FN:51,(anonymous_0)
FN:67,(anonymous_1)
FN:72,(anonymous_2)
FN:97,(anonymous_3)
FN:111,(anonymous_4)
FN:140,(anonymous_5)
FN:156,(anonymous_6)
FN:175,(anonymous_7)
FNF:8
FNH:0
FNDA:0,(anonymous_0)
FNDA:0,(anonymous_1)
FNDA:0,(anonymous_2)
FNDA:0,(anonymous_3)
FNDA:0,(anonymous_4)
FNDA:0,(anonymous_5)
FNDA:0,(anonymous_6)
FNDA:0,(anonymous_7)
DA:21,1
DA:43,0
DA:52,0
DA:56,0
DA:57,0
DA:58,0
DA:61,0
DA:62,0
DA:63,0
DA:64,0
DA:68,0
DA:69,0
DA:70,0
DA:71,0
DA:72,0
DA:73,0
DA:74,0
DA:78,0
DA:79,0
DA:83,0
DA:90,0
DA:98,0
DA:102,0
DA:106,0
DA:107,0
DA:108,0
DA:109,0
DA:110,0
DA:112,0
DA:113,0
DA:118,0
DA:119,0
DA:120,0
DA:121,0
DA:125,0
DA:127,0
DA:131,0
DA:132,0
DA:133,0
DA:134,0
DA:137,0
DA:138,0
DA:139,0
DA:141,0
DA:142,0
DA:143,0
DA:144,0
DA:145,0
DA:146,0
DA:150,0
DA:152,0
DA:155,0
DA:157,0
DA:158,0
DA:159,0
DA:160,0
DA:162,0
DA:163,0
DA:164,0
DA:168,0
DA:170,0
DA:177,0
DA:178,0
LF:63
LH:1
BRDA:62,0,0,0
BRDA:62,0,1,0
BRDA:70,1,0,0
BRDA:70,1,1,0
BRDA:70,2,0,0
BRDA:70,2,1,0
BRDA:70,2,2,0
BRDA:71,3,0,0
BRDA:71,3,1,0
BRDA:78,4,0,0
BRDA:78,4,1,0
BRDA:108,5,0,0
BRDA:108,5,1,0
BRDA:109,6,0,0
BRDA:109,6,1,0
BRDA:112,7,0,0
BRDA:112,7,1,0
BRDA:114,8,0,0
BRDA:114,8,1,0
BRDA:118,9,0,0
BRDA:118,9,1,0
BRDA:132,10,0,0
BRDA:132,10,1,0
BRDA:137,11,0,0
BRDA:137,11,1,0
BRDA:137,12,0,0
BRDA:137,12,1,0
BRDA:138,13,0,0
BRDA:138,13,1,0
BRDA:141,14,0,0
BRDA:141,14,1,0
BRDA:142,15,0,0
BRDA:142,15,1,0
BRDA:144,16,0,0
BRDA:144,16,1,0
BRDA:157,17,0,0
BRDA:157,17,1,0
BRDA:158,18,0,0
BRDA:158,18,1,0
BRDA:159,19,0,0
BRDA:159,19,1,0
BRDA:160,20,0,0
BRDA:160,20,1,0
BRDA:160,21,0,0
BRDA:160,21,1,0
BRDA:162,22,0,0
BRDA:162,22,1,0
BRDA:177,23,0,0
BRDA:177,23,1,0
BRDA:178,24,0,0
BRDA:178,24,1,0
BRF:51
BRH:0
end_of_record
TN:
SF:/Users/qiushi.chen/Desktop/project/datamap_app/src/assets/vue/components/main-tabbar.vue
FNF:0
FNH:0
DA:23,1
LF:1
LH:1
BRF:0
BRH:0
end_of_record
TN:
SF:/Users/qiushi.chen/Desktop/project/datamap_app/src/assets/vue/components/vchart.vue
FNF:0
FNH:0
DA:15,1
DA:26,1
DA:29,1
DA:33,1
LF:4
LH:4
BRDA:33,0,0,1
BRDA:33,0,1,1
BRF:2
BRH:2
end_of_record
TN:
SF:/Users/qiushi.chen/Desktop/project/datamap_app/src/assets/vue/components/commons/map-card-panel.vue
FN:38,(anonymous_0)
FN:61,(anonymous_1)
FNF:2
FNH:2
FNDA:1,(anonymous_0)
FNDA:9,(anonymous_1)
DA:20,1
DA:29,1
DA:39,1
DA:44,1
DA:45,1
DA:49,1
DA:50,0
DA:52,1
DA:53,0
DA:55,1
DA:56,0
DA:58,1
DA:59,0
DA:61,1
DA:62,9
DA:64,1
DA:67,0
LF:17
LH:12
BRDA:44,0,0,1
BRDA:44,0,1,0
BRDA:45,1,0,1
BRDA:45,1,1,0
BRDA:49,2,0,0
BRDA:49,2,1,1
BRDA:52,3,0,0
BRDA:52,3,1,1
BRDA:55,4,0,0
BRDA:55,4,1,1
BRDA:58,5,0,0
BRDA:58,5,1,1
BRDA:58,6,0,1
BRDA:58,6,1,1
BRDA:64,7,0,1
BRDA:64,7,1,0
BRDA:64,7,2,0
BRF:17
BRH:9
end_of_record
TN:
SF:/Users/qiushi.chen/Desktop/project/datamap_app/src/assets/vue/components/commons/map-panel-comp.vue
FN:80,(anonymous_0)
FN:101,(anonymous_1)
FNF:2
FNH:0
FNDA:0,(anonymous_0)
FNDA:0,(anonymous_1)
DA:15,1
DA:16,1
DA:17,1
DA:18,1
DA:19,1
DA:24,4
DA:30,4
DA:34,4
DA:35,4
DA:43,4
DA:46,0
DA:47,0
DA:48,0
DA:49,0
DA:50,0
DA:51,0
DA:52,0
DA:53,0
DA:54,0
DA:56,0
DA:57,0
DA:59,0
DA:60,0
DA:62,0
DA:63,0
DA:67,0
DA:74,0
DA:75,0
DA:79,0
DA:80,0
DA:81,0
DA:85,0
DA:94,0
DA:95,0
DA:96,0
DA:100,0
DA:101,0
DA:102,0
DA:106,0
DA:116,0
DA:117,0
LF:41
LH:10
BRDA:37,0,0,4
BRDA:37,0,1,0
BRDA:38,1,0,4
BRDA:38,1,1,0
BRDA:48,2,0,0
BRDA:48,2,1,0
BRDA:50,3,0,0
BRDA:50,3,1,0
BRDA:54,4,0,0
BRDA:54,4,1,0
BRDA:54,4,2,0
BRF:11
BRH:2
end_of_record
TN:
SF:/Users/qiushi.chen/Desktop/project/datamap_app/src/assets/vue/components/upload/map-draw-panel.vue
FN:80,(anonymous_0)
FN:160,(anonymous_1)
FN:166,(anonymous_2)
FN:185,(anonymous_3)
FN:193,(anonymous_4)
FN:207,(anonymous_5)
FN:211,(anonymous_6)
FN:251,(anonymous_7)
FN:285,(anonymous_8)
FN:300,(anonymous_9)
FN:323,(anonymous_10)
FN:330,(anonymous_11)
FN:343,(anonymous_12)
FN:363,(anonymous_13)
FN:370,(anonymous_14)
FN:376,(anonymous_15)
FN:391,(anonymous_16)
FN:394,(anonymous_17)
FNF:18
FNH:0
FNDA:0,(anonymous_0)
FNDA:0,(anonymous_1)
FNDA:0,(anonymous_2)
FNDA:0,(anonymous_3)
FNDA:0,(anonymous_4)
FNDA:0,(anonymous_5)
FNDA:0,(anonymous_6)
FNDA:0,(anonymous_7)
FNDA:0,(anonymous_8)
FNDA:0,(anonymous_9)
FNDA:0,(anonymous_10)
FNDA:0,(anonymous_11)
FNDA:0,(anonymous_12)
FNDA:0,(anonymous_13)
FNDA:0,(anonymous_14)
FNDA:0,(anonymous_15)
FNDA:0,(anonymous_16)
FNDA:0,(anonymous_17)
DA:40,1
DA:41,1
DA:46,1
DA:73,1
DA:74,1
DA:75,1
DA:76,1
DA:77,0
DA:79,1
DA:80,1
DA:81,0
DA:82,0
DA:83,0
DA:84,0
DA:87,0
DA:90,0
DA:91,0
DA:95,1
DA:99,0
DA:100,0
DA:101,0
DA:102,0
DA:103,0
DA:104,0
DA:107,0
DA:110,1
DA:113,0
DA:114,0
DA:115,0
DA:117,0
DA:120,0
DA:121,0
DA:122,0
DA:124,0
DA:125,0
DA:134,0
DA:135,0
DA:144,0
DA:149,0
DA:153,0
DA:154,0
DA:160,0
DA:161,0
DA:162,0
DA:163,0
DA:164,0
DA:166,0
DA:167,0
DA:168,0
DA:170,0
DA:171,0
DA:172,0
DA:173,0
DA:174,0
DA:176,0
DA:177,0
DA:178,0
DA:182,0
DA:183,0
DA:184,0
DA:185,0
DA:186,0
DA:187,0
DA:188,0
DA:193,0
DA:194,0
DA:195,0
DA:196,0
DA:203,0
DA:204,0
DA:205,0
DA:206,0
DA:207,0
DA:208,0
DA:210,0
DA:211,0
DA:212,0
DA:214,0
DA:215,0
DA:216,0
DA:217,0
DA:218,0
DA:219,0
DA:220,0
DA:221,0
DA:222,0
DA:223,0
DA:224,0
DA:225,0
DA:228,0
DA:229,0
DA:230,0
DA:231,0
DA:232,0
DA:233,0
DA:237,0
DA:240,0
DA:241,0
DA:242,0
DA:243,0
DA:246,0
DA:249,0
DA:250,0
DA:251,0
DA:252,0
DA:253,0
DA:257,0
DA:258,0
DA:259,0
DA:262,0
DA:263,0
DA:264,0
[...]
BRDA:134,17,1,0
BRDA:137,18,0,0
BRDA:137,18,1,0
BRDA:166,19,0,0
BRDA:166,19,1,0
BRDA:170,20,0,0
BRDA:170,20,1,0
BRDA:171,21,0,0
BRDA:171,21,1,0
BRDA:174,22,0,0
BRDA:174,22,1,0
BRDA:175,23,0,0
BRDA:175,23,1,0
BRDA:184,24,0,0
BRDA:184,24,1,0
BRDA:185,25,0,0
BRDA:185,25,1,0
BRF:53
BRH:10
end_of_record
TN:
SF:/Users/qiushi.chen/Desktop/project/datamap_app/src/assets/vue/pages/home/my-data.vue
FN:99,(anonymous_0)
FN:105,(anonymous_1)
FN:108,(anonymous_2)
FN:160,(anonymous_3)
FN:168,(anonymous_4)
FN:179,(anonymous_5)
FN:182,(anonymous_6)
FN:185,(anonymous_7)
FN:194,(anonymous_8)
FN:197,(anonymous_9)
FN:200,(anonymous_10)
FN:203,(anonymous_11)
FN:209,(anonymous_12)
FN:212,(anonymous_13)
FN:215,(anonymous_14)
FN:218,(anonymous_15)
FN:230,(anonymous_16)
FN:231,(anonymous_17)
FN:232,(anonymous_18)
FN:233,(anonymous_19)
FN:268,(anonymous_20)
FN:273,(anonymous_21)
FN:282,(anonymous_22)
FN:302,(anonymous_23)
FN:304,(anonymous_24)
FN:307,(anonymous_25)
FN:308,(anonymous_26)
FN:321,(anonymous_27)
FN:322,(anonymous_28)
FN:322,(anonymous_29)
FNF:30
FNH:16
FNDA:5,(anonymous_0)
FNDA:8,(anonymous_1)
FNDA:8,(anonymous_2)
FNDA:3,(anonymous_3)
FNDA:0,(anonymous_4)
FNDA:300,(anonymous_5)
FNDA:102,(anonymous_6)
FNDA:51,(anonymous_7)
FNDA:0,(anonymous_8)
FNDA:0,(anonymous_9)
FNDA:0,(anonymous_10)
FNDA:0,(anonymous_11)
FNDA:0,(anonymous_12)
FNDA:0,(anonymous_13)
FNDA:0,(anonymous_14)
FNDA:0,(anonymous_15)
FNDA:0,(anonymous_16)
FNDA:0,(anonymous_17)
FNDA:0,(anonymous_18)
FNDA:0,(anonymous_19)
FNDA:3,(anonymous_20)
FNDA:12,(anonymous_21)
FNDA:0,(anonymous_22)
FNDA:12,(anonymous_23)
FNDA:111,(anonymous_24)
FNDA:48,(anonymous_25)
FNDA:3513,(anonymous_26)
FNDA:453,(anonymous_27)
FNDA:1767,(anonymous_28)
FNDA:6888,(anonymous_29)
DA:80,3
DA:100,5
DA:106,8
DA:109,8
DA:113,3
DA:114,3
DA:118,0
DA:121,1
DA:122,1
DA:123,1
DA:126,1
DA:127,1
DA:128,1
DA:129,1
DA:132,2
DA:133,2
DA:136,1
DA:137,1
DA:140,0
DA:141,0
DA:144,1
DA:147,1
DA:150,0
DA:151,0
DA:152,0
DA:155,3
DA:156,3
DA:157,3
DA:160,3
DA:161,3
DA:164,3
DA:165,3
DA:166,3
DA:169,0
DA:170,0
DA:174,3
DA:175,3
DA:176,3
DA:177,3
DA:178,3
DA:179,3
DA:180,300
DA:182,3
DA:183,102
DA:185,3
DA:186,51
DA:192,3
DA:193,0
DA:194,0
DA:195,0
DA:197,0
DA:198,0
DA:200,0
DA:201,0
DA:203,0
DA:204,0
DA:208,0
DA:209,0
DA:210,0
DA:212,0
DA:213,0
DA:215,0
DA:216,0
DA:218,0
DA:219,0
DA:222,3
DA:225,0
DA:226,0
DA:229,0
DA:230,0
DA:231,0
DA:232,0
DA:233,0
DA:234,0
DA:241,0
DA:248,0
DA:255,0
DA:262,0
DA:265,3
DA:266,3
DA:267,3
DA:268,3
DA:269,3
DA:270,3
DA:271,3
DA:272,3
DA:273,3
DA:274,12
DA:276,3
DA:277,3
DA:278,3
DA:280,0
DA:283,0
DA:284,0
DA:288,3
DA:289,3
DA:290,3
DA:291,3
DA:295,3
DA:296,3
DA:297,3
DA:298,3
DA:299,3
DA:300,3
DA:301,3
DA:302,3
DA:303,12
DA:304,12
DA:305,111
DA:307,12
DA:308,48
DA:309,3513
DA:310,3513
DA:311,0
DA:313,3513
DA:315,48
DA:316,48
DA:319,12
DA:321,3
DA:322,1767
DA:323,6888
DA:324,6888
DA:325,0
DA:327,6888
DA:329,453
DA:330,405
DA:334,0
DA:336,3
DA:337,0
DA:338,0
DA:340,3
DA:344,300
DA:345,300
DA:348,102
DA:349,102
DA:352,51
DA:353,51
DA:356,0
DA:357,0
LF:139
LH:91
BRDA:106,0,0,8
BRDA:106,0,1,2
BRDA:109,1,0,8
BRDA:109,1,1,6
BRDA:118,2,0,0
BRDA:118,2,1,0
BRDA:162,3,0,3
BRDA:162,3,1,0
BRDA:175,4,0,3
BRDA:175,4,1,0
BRDA:176,5,0,3
BRDA:176,5,1,0
BRDA:177,6,0,3
BRDA:177,6,1,0
BRDA:192,7,0,0
BRDA:192,7,1,3
BRDA:208,8,0,0
BRDA:208,8,1,0
BRDA:266,9,0,3
BRDA:266,9,1,3
BRDA:269,10,0,3
BRDA:269,10,1,0
BRDA:270,11,0,3
BRDA:270,11,1,3
BRDA:270,11,2,3
BRDA:270,11,3,0
BRDA:297,12,0,3
BRDA:297,12,1,0
BRDA:299,13,0,3
BRDA:299,13,1,3
BRDA:299,13,2,0
BRDA:301,14,0,3
BRDA:301,14,1,0
BRDA:305,15,0,111
BRDA:305,15,1,0
BRDA:305,15,2,0
BRDA:305,15,3,0
BRDA:309,16,0,3513
BRDA:309,16,1,48
BRDA:310,17,0,0
BRDA:310,17,1,3513
BRDA:310,18,0,3513
BRDA:310,18,1,48
BRDA:315,19,0,48
BRDA:315,19,1,0
BRDA:323,20,0,6888
BRDA:323,20,1,48
BRDA:324,21,0,0
BRDA:324,21,1,6888
BRDA:324,22,0,6888
BRDA:324,22,1,48
BRDA:329,23,0,405
BRDA:329,23,1,48
BRDA:337,24,0,0
BRDA:337,24,1,0
BRDA:343,25,0,300
BRDA:343,26,0,300
BRDA:347,27,0,102
BRDA:347,28,0,102
BRDA:351,29,0,51
BRDA:351,30,0,51
BRDA:355,31,0,0
BRDA:355,32,0,0
BRF:63
BRH:39
end_of_record
TN:
SF:/Users/qiushi.chen/Desktop/project/datamap_app/src/assets/vue/pages/home/profile.vue
FN:35,(anonymous_0)
FNF:1
FNH:1
FNDA:1,(anonymous_0)
DA:35,1
DA:40,1
DA:41,1
DA:44,0
LF:4
LH:3
BRF:0
BRH:0
end_of_record
TN:
SF:/Users/qiushi.chen/Desktop/project/datamap_app/src/assets/vue/pages/home/upload.vue
FNF:0
FNH:0
DA:37,2
DA:57,1
DA:58,1
DA:59,1
DA:62,0
DA:63,0
DA:66,0
DA:69,0
DA:70,0
DA:73,0
LF:10
LH:4
BRDA:59,0,0,1
BRDA:59,0,1,0
BRDA:73,1,0,0
BRDA:73,1,1,0
BRF:4
BRH:1
end_of_record
TN:
SF:/Users/qiushi.chen/Desktop/project/datamap_app/src/assets/vue/pages/home/workspace.vue
FN:81,(anonymous_0)
FN:84,(anonymous_1)
FN:110,(anonymous_2)
FN:115,(anonymous_3)
FN:118,(anonymous_4)
FN:135,(anonymous_5)
FN:138,(anonymous_6)
FN:142,(anonymous_7)
FNF:8
FNH:8
FNDA:3,(anonymous_0)
FNDA:8,(anonymous_1)
FNDA:3,(anonymous_2)
FNDA:1,(anonymous_3)
FNDA:1,(anonymous_4)
FNDA:1,(anonymous_5)
FNDA:1,(anonymous_6)
FNDA:1,(anonymous_7)
DA:63,1
DA:67,5
DA:82,3
DA:85,8
DA:90,1
DA:91,1
DA:92,1
DA:95,1
DA:98,1
DA:101,0
DA:102,0
DA:103,0
DA:107,3
DA:108,3
DA:110,3
DA:111,3
DA:115,1
DA:117,1
DA:118,1
DA:119,1
DA:120,1
DA:124,1
DA:126,1
DA:130,1
DA:131,1
DA:132,1
DA:136,1
DA:139,1
DA:140,1
DA:143,1
DA:144,1
DA:148,1
DA:151,1
DA:154,0
LF:34
LH:30
BRDA:82,0,0,3
BRDA:82,0,1,0
BRDA:102,1,0,0
BRDA:102,1,1,0
BRDA:103,2,0,0
BRDA:103,2,1,0
BRDA:119,3,0,1
BRDA:119,3,1,0
BRDA:124,4,0,1
BRDA:124,4,1,0
BRDA:131,5,0,1
BRDA:131,5,1,1
BRDA:139,6,0,0
BRDA:139,6,1,1
BRF:14
BRH:6
end_of_record
TN:
SF:/Users/qiushi.chen/Desktop/project/datamap_app/src/assets/vue/pages/myData/my-data-clause.vue
FN:100,(anonymous_0)
FN:130,(anonymous_1)
FN:144,(anonymous_2)
FN:152,(anonymous_3)
FN:158,(anonymous_4)
FN:165,(anonymous_5)
FN:169,(anonymous_6)
FN:181,(anonymous_7)
FN:193,(anonymous_8)
FN:199,(anonymous_9)
FN:210,(anonymous_10)
FN:224,(anonymous_11)
FNF:12
FNH:6
FNDA:0,(anonymous_0)
FNDA:1,(anonymous_1)
FNDA:5,(anonymous_2)
FNDA:20,(anonymous_3)
FNDA:0,(anonymous_4)
FNDA:6,(anonymous_5)
FNDA:0,(anonymous_6)
FNDA:1,(anonymous_7)
FNDA:1,(anonymous_8)
FNDA:0,(anonymous_9)
FNDA:0,(anonymous_10)
FNDA:0,(anonymous_11)
DA:69,5
DA:85,5
DA:86,5
DA:87,5
DA:88,5
DA:89,5
DA:92,5
DA:93,5
DA:96,5
DA:100,10
DA:101,0
DA:105,0
DA:106,0
DA:109,0
DA:113,0
DA:116,0
DA:118,0
DA:121,0
DA:122,0
DA:123,0
DA:126,1
DA:127,1
DA:128,1
DA:129,1
DA:130,1
DA:131,1
DA:135,1
DA:138,0
DA:139,0
DA:140,0
DA:143,5
DA:145,5
DA:146,5
DA:147,5
DA:148,5
DA:149,5
DA:150,5
DA:152,20
DA:154,0
DA:156,5
DA:157,5
DA:159,0
DA:163,6
DA:164,6
DA:166,6
DA:167,6
DA:170,0
DA:174,1
DA:175,1
DA:176,1
DA:180,1
DA:182,1
DA:183,0
DA:184,0
DA:186,1
DA:187,1
DA:188,1
DA:189,1
DA:190,1
DA:191,1
DA:193,1
DA:195,0
DA:197,1
DA:198,1
DA:200,0
DA:201,0
DA:206,0
DA:207,0
DA:208,0
DA:209,0
DA:210,0
DA:211,0
DA:212,0
DA:213,0
DA:214,0
DA:215,0
DA:220,1
DA:221,1
DA:222,1
DA:223,1
DA:224,1
DA:225,0
DA:226,0
DA:227,0
DA:228,0
DA:233,1
DA:234,1
DA:235,1
DA:236,1
DA:241,1
DA:244,0
DA:245,0
DA:248,0
DA:249,0
DA:251,0
DA:255,0
DA:258,0
DA:259,0
DA:262,0
DA:265,6
DA:266,6
DA:269,6
DA:272,1
DA:273,1
DA:274,1
DA:276,0
DA:279,1
DA:280,1
DA:282,1
DA:283,1
DA:284,0
DA:286,1
LF:112
LH:66
BRDA:86,0,0,5
BRDA:86,0,1,5
BRDA:86,0,2,1
BRDA:87,1,0,1
BRDA:87,1,1,4
BRDA:87,2,0,4
BRDA:87,2,1,4
BRDA:106,3,0,0
BRDA:106,3,1,0
BRDA:109,4,0,0
BRDA:109,4,1,0
BRDA:146,5,0,5
BRDA:146,5,1,0
BRDA:146,6,0,5
BRDA:146,6,1,5
BRDA:149,7,0,5
BRDA:149,7,1,0
BRDA:163,8,0,0
BRDA:163,8,1,6
BRDA:166,9,0,6
BRDA:166,9,1,0
BRDA:174,10,0,0
BRDA:174,10,1,1
BRDA:182,11,0,0
BRDA:182,11,1,1
BRDA:187,12,0,1
BRDA:187,12,1,0
BRDA:190,13,0,1
BRDA:190,13,1,0
BRDA:211,14,0,0
BRDA:211,14,1,0
BRDA:211,15,0,0
BRDA:211,15,1,0
BRDA:225,16,0,0
BRDA:225,16,1,0
BRDA:233,17,0,0
BRDA:233,17,1,1
BRDA:244,18,0,0
BRDA:244,18,1,0
BRDA:248,19,0,0
BRDA:248,19,1,0
BRDA:274,20,0,0
BRDA:274,20,1,1
BRDA:276,21,0,0
BRDA:276,21,1,0
BRDA:280,22,0,1
BRDA:280,22,1,0
BRDA:283,23,0,0
BRDA:283,23,1,1
BRDA:283,24,0,1
BRDA:283,24,1,0
BRF:51
BRH:22
end_of_record
TN:
SF:/Users/qiushi.chen/Desktop/project/datamap_app/src/assets/vue/components/mydata/mydata-list.vue
FNF:0
FNH:0
DA:25,0
LF:1
LH:0
BRF:0
BRH:0
end_of_record
TN:
SF:/Users/qiushi.chen/Desktop/project/datamap_app/src/assets/vue/components/upload_comp/upload-btn-wrap.vue
FN:34,(anonymous_0)
FN:36,(anonymous_1)
FNF:2
FNH:0
FNDA:0,(anonymous_0)
FNDA:0,(anonymous_1)
DA:22,3
DA:28,0
DA:29,0
DA:30,0
DA:31,0
DA:34,0
DA:35,0
LF:7
LH:1
BRF:0
BRH:0
end_of_record
TN:
SF:/Users/qiushi.chen/Desktop/project/datamap_app/src/assets/vue/pages/myData/my-data-detail.vue
FN:134,(anonymous_0)
FN:163,(anonymous_1)
FN:199,(anonymous_2)
FN:210,(anonymous_3)
FN:216,(anonymous_4)
FN:221,(anonymous_5)
FN:226,(anonymous_6)
FN:232,(anonymous_7)
FN:234,(anonymous_8)
FN:239,(anonymous_9)
FN:244,(anonymous_10)
FN:254,(anonymous_11)
FN:262,(anonymous_12)
FN:270,(anonymous_13)
FNF:14
FNH:5
FNDA:3,(anonymous_0)
FNDA:0,(anonymous_1)
FNDA:0,(anonymous_2)
FNDA:3,(anonymous_3)
FNDA:0,(anonymous_4)
FNDA:3,(anonymous_5)
FNDA:0,(anonymous_6)
FNDA:0,(anonymous_7)
FNDA:0,(anonymous_8)
FNDA:0,(anonymous_9)
FNDA:3,(anonymous_10)
FNDA:0,(anonymous_11)
FNDA:3,(anonymous_12)
FNDA:0,(anonymous_13)
DA:104,2
DA:109,3
DA:135,3
DA:144,3
DA:145,3
DA:146,3
DA:147,3
DA:148,3
DA:149,3
DA:150,3
DA:153,3
DA:156,3
DA:157,3
DA:158,3
DA:163,0
DA:168,0
DA:171,0
DA:172,0
DA:173,0
DA:174,0
DA:175,0
DA:178,0
DA:179,0
DA:183,0
DA:184,0
DA:191,0
DA:192,0
DA:193,0
DA:194,0
DA:195,0
DA:199,4
DA:200,0
DA:204,0
DA:207,0
DA:210,3
DA:211,3
DA:212,3
DA:213,3
DA:217,0
DA:221,3
DA:222,3
DA:223,0
DA:227,0
DA:231,3
DA:232,0
DA:233,0
DA:234,0
DA:235,0
DA:240,0
DA:244,3
DA:245,3
DA:246,0
DA:247,0
DA:248,0
DA:249,0
DA:251,3
DA:252,3
DA:255,0
DA:256,0
DA:261,3
DA:262,3
DA:263,3
DA:264,3
DA:269,0
DA:270,0
DA:271,0
DA:272,0
DA:273,0
DA:274,0
DA:278,0
DA:279,0
DA:280,0
DA:281,0
DA:282,0
DA:286,0
DA:289,0
DA:292,0
DA:293,0
DA:294,0
DA:295,0
DA:296,0
DA:299,0
DA:302,0
LF:83
LH:30
BRDA:156,0,0,3
BRDA:156,0,1,0
BRDA:175,1,0,0
BRDA:175,1,1,0
BRDA:179,2,0,0
BRDA:179,2,1,0
BRDA:183,3,0,0
BRDA:183,3,1,0
BRDA:211,4,0,3
BRDA:211,4,1,0
BRDA:213,5,0,3
BRDA:213,5,1,0
BRDA:222,6,0,0
BRDA:222,6,1,3
BRDA:222,7,0,3
BRDA:222,7,1,3
BRDA:231,8,0,3
BRDA:231,8,1,0
BRDA:233,9,0,0
BRDA:233,9,1,0
BRDA:245,10,0,0
BRDA:245,10,1,3
BRDA:245,11,0,3
BRDA:245,11,1,3
BRDA:263,12,0,3
BRDA:263,12,1,0
BRDA:263,13,0,3
BRDA:263,13,1,3
BRDA:271,14,0,0
BRDA:271,14,1,0
BRDA:279,15,0,0
BRDA:279,15,1,0
BRDA:281,16,0,0
BRDA:281,16,1,0
BRF:34
BRH:13
end_of_record
TN:
SF:/Users/qiushi.chen/Desktop/project/datamap_app/src/assets/vue/pages/myData/mydata-edit-page.vue
FN:93,(anonymous_0)
FN:147,(anonymous_1)
FN:160,(anonymous_2)
FN:174,(anonymous_3)
FN:185,(anonymous_4)
FNF:5
FNH:1
FNDA:2,(anonymous_0)
FNDA:0,(anonymous_1)
FNDA:0,(anonymous_2)
FNDA:0,(anonymous_3)
FNDA:0,(anonymous_4)
DA:76,1
DA:87,1
DA:88,1
DA:92,1
DA:93,1
DA:94,2
DA:96,1
DA:97,1
DA:100,1
DA:101,1
DA:102,1
DA:103,1
DA:104,1
DA:109,0
DA:112,0
DA:113,0
DA:116,0
DA:117,0
DA:118,0
DA:119,0
DA:125,0
DA:126,0
DA:127,0
DA:128,0
DA:129,0
DA:131,0
DA:132,0
DA:134,0
DA:136,0
DA:137,0
DA:141,0
DA:142,0
DA:143,0
DA:144,0
DA:146,0
DA:147,0
DA:148,0
DA:149,0
DA:154,0
DA:156,0
DA:159,0
DA:160,0
DA:161,0
DA:162,0
DA:165,0
DA:174,0
DA:175,0
DA:176,0
DA:177,0
DA:178,0
DA:180,0
DA:183,0
DA:186,0
DA:187,0
LF:54
LH:13
BRDA:88,0,0,1
BRDA:88,0,1,0
BRDA:88,1,0,1
BRDA:88,1,1,1
BRDA:100,2,0,1
BRDA:100,2,1,0
BRDA:101,3,0,1
BRDA:101,3,1,0
BRDA:119,4,0,0
BRDA:119,4,1,0
BRDA:128,5,0,0
BRDA:128,5,1,0
BRDA:128,6,0,0
BRDA:128,6,1,0
BRDA:128,6,2,0
BRDA:128,6,3,0
BRDA:131,7,0,0
BRDA:131,7,1,0
BRDA:131,8,0,0
BRDA:131,8,1,0
BRDA:136,9,0,0
BRDA:136,9,1,0
BRDA:137,10,0,0
BRDA:137,10,1,0
BRDA:143,11,0,0
BRDA:143,11,1,0
BRDA:143,12,0,0
BRDA:143,12,1,0
BRDA:146,13,0,0
BRDA:146,13,1,0
BRDA:148,14,0,0
BRDA:148,14,1,0
BRDA:148,15,0,0
BRDA:148,15,1,0
BRDA:161,16,0,0
BRDA:161,16,1,0
BRDA:175,17,0,0
BRDA:175,17,1,0
BRDA:176,18,0,0
BRDA:176,18,1,0
BRF:40
BRH:5
end_of_record
TN:
SF:/Users/qiushi.chen/Desktop/project/datamap_app/src/assets/vuex/storage.js
FNF:0
FNH:0
DA:4,1
DA:6,1
DA:8,1
DA:12,1
DA:14,1
LF:5
LH:5
BRF:0
BRH:0
end_of_record
TN:
SF:/Users/qiushi.chen/Desktop/project/datamap_app/src/assets/vue/components/commons/defaultImg.vue
FNF:0
FNH:0
DA:51,0
DA:59,0
DA:62,0
DA:65,0
DA:66,0
DA:69,0
DA:72,0
DA:73,0
LF:8
LH:0
BRDA:69,0,0,0
BRDA:69,0,1,0
BRDA:73,1,0,0
BRDA:73,1,1,0
BRF:4
BRH:0
end_of_record
TN:
SF:/Users/qiushi.chen/Desktop/project/datamap_app/src/assets/vue/components/commons/filter-date-select.vue
FN:67,(anonymous_0)
FN:73,(anonymous_1)
FN:80,(anonymous_2)
FN:94,(anonymous_3)
FN:111,(anonymous_4)
FN:114,(anonymous_5)
FN:115,(anonymous_6)
FN:128,(anonymous_7)
FN:136,(anonymous_8)
FNF:9
FNH:0
FNDA:0,(anonymous_0)
FNDA:0,(anonymous_1)
FNDA:0,(anonymous_2)
FNDA:0,(anonymous_3)
FNDA:0,(anonymous_4)
FNDA:0,(anonymous_5)
FNDA:0,(anonymous_6)
FNDA:0,(anonymous_7)
FNDA:0,(anonymous_8)
DA:28,1
DA:33,0
DA:47,0
DA:48,0
DA:49,0
DA:50,0
DA:51,0
DA:52,0
DA:53,0
DA:57,0
DA:61,0
DA:62,0
DA:63,0
DA:68,0
DA:74,0
DA:75,0
DA:76,0
DA:78,0
DA:81,0
DA:82,0
DA:83,0
DA:84,0
DA:85,0
DA:87,0
DA:95,0
DA:96,0
DA:97,0
DA:98,0
DA:99,0
DA:101,0
DA:112,0
DA:115,0
DA:116,0
DA:117,0
DA:123,0
DA:124,0
DA:125,0
DA:126,0
DA:127,0
DA:128,0
DA:129,0
DA:134,0
DA:135,0
DA:136,0
DA:137,0
DA:138,0
DA:140,0
DA:141,0
DA:143,0
DA:144,0
DA:147,0
DA:148,0
DA:150,0
DA:151,0
DA:153,0
DA:156,0
DA:157,0
DA:159,0
DA:160,0
DA:161,0
DA:163,0
DA:164,0
DA:165,0
DA:167,0
DA:168,0
DA:169,0
DA:171,0
DA:172,0
DA:173,0
DA:174,0
DA:176,0
DA:177,0
DA:178,0
DA:180,0
DA:181,0
DA:182,0
DA:183,0
DA:185,0
DA:188,0
DA:189,0
DA:190,0
DA:191,0
DA:192,0
DA:195,0
DA:196,0
LF:85
LH:1
BRDA:50,0,0,0
BRDA:50,0,1,0
BRDA:81,1,0,0
BRDA:81,1,1,0
BRDA:95,2,0,0
BRDA:95,2,1,0
BRDA:124,3,0,0
BRDA:124,3,1,0
BRDA:137,4,0,0
BRDA:137,4,1,0
BRDA:140,5,0,0
BRDA:140,5,1,0
BRDA:143,6,0,0
BRDA:143,6,1,0
BRDA:147,7,0,0
BRDA:147,7,1,0
BRDA:150,8,0,0
BRDA:150,8,1,0
BRDA:157,9,0,0
BRDA:157,9,1,0
BRDA:157,9,2,0
BRDA:157,9,3,0
BRDA:157,9,4,0
BRDA:157,9,5,0
BRDA:157,9,6,0
BRF:25
BRH:0
end_of_record
TN:
SF:/Users/qiushi.chen/Desktop/project/datamap_app/src/assets/vue/components/commons/filter-field-select.vue
FN:78,(anonymous_0)
FN:94,(anonymous_1)
FN:132,(anonymous_2)
FNF:3
FNH:0
FNDA:0,(anonymous_0)
FNDA:0,(anonymous_1)
FNDA:0,(anonymous_2)
DA:57,0
DA:72,0
DA:73,0
DA:74,0
DA:75,0
DA:76,0
DA:77,0
DA:78,0
DA:79,0
DA:83,0
DA:88,0
DA:89,0
DA:95,0
DA:96,0
DA:100,0
DA:101,0
DA:104,0
DA:105,0
DA:106,0
DA:107,0
DA:110,0
DA:112,0
DA:113,0
DA:114,0
DA:115,0
DA:119,0
DA:120,0
DA:121,0
DA:122,0
DA:125,0
DA:128,0
DA:129,0
DA:130,0
DA:131,0
DA:132,0
DA:133,0
LF:36
LH:0
BRDA:76,0,0,0
BRDA:76,0,1,0
BRDA:83,1,0,0
BRDA:83,1,1,0
BRDA:101,2,0,0
BRDA:101,2,1,0
BRDA:106,3,0,0
BRDA:106,3,1,0
BRDA:112,4,0,0
BRDA:112,4,1,0
BRF:10
BRH:0
end_of_record
TN:
SF:/Users/qiushi.chen/Desktop/project/datamap_app/src/assets/vue/pages/dataUpload/picture-list-page.vue
FN:111,(anonymous_0)
FN:114,(anonymous_1)
FN:128,(anonymous_2)
FN:151,(anonymous_3)
FN:151,(anonymous_4)
FN:153,(anonymous_5)
FN:200,(anonymous_6)
FN:208,(anonymous_7)
FNF:8
FNH:0
FNDA:0,(anonymous_0)
FNDA:0,(anonymous_1)
FNDA:0,(anonymous_2)
FNDA:0,(anonymous_3)
FNDA:0,(anonymous_4)
FNDA:0,(anonymous_5)
FNDA:0,(anonymous_6)
FNDA:0,(anonymous_7)
DA:47,1
DA:51,0
DA:70,0
DA:71,0
DA:72,0
DA:73,0
DA:74,0
DA:75,0
DA:76,0
DA:77,0
DA:80,0
DA:81,0
DA:82,0
DA:83,0
DA:84,0
DA:85,0
DA:91,0
DA:92,0
DA:95,0
DA:96,0
DA:97,0
DA:98,0
DA:99,0
DA:102,0
DA:103,0
DA:106,0
DA:107,0
DA:112,0
DA:113,0
DA:114,0
DA:115,0
DA:121,0
DA:124,0
DA:129,0
DA:130,0
DA:131,0
DA:132,0
DA:133,0
DA:135,0
DA:136,0
DA:137,0
DA:138,0
DA:139,0
DA:140,0
DA:144,0
DA:149,0
DA:150,0
DA:151,0
DA:152,0
DA:153,0
DA:154,0
DA:159,0
DA:163,0
DA:164,0
DA:167,0
DA:173,0
DA:176,0
DA:177,0
DA:178,0
DA:179,0
DA:180,0
DA:181,0
DA:182,0
DA:183,0
DA:187,0
DA:188,0
DA:189,0
DA:198,0
DA:199,0
DA:201,0
DA:202,0
DA:205,0
DA:209,0
DA:210,0
DA:214,0
DA:221,0
LF:76
LH:1
BRDA:71,0,0,0
BRDA:71,0,1,0
BRDA:73,1,0,0
BRDA:73,1,1,0
BRDA:112,2,0,0
BRDA:112,2,1,0
BRDA:131,3,0,0
BRDA:131,3,1,0
BRDA:131,4,0,0
BRDA:131,4,1,0
BRDA:139,5,0,0
BRDA:139,5,1,0
BRDA:180,6,0,0
BRDA:180,6,1,0
BRDA:201,7,0,0
BRDA:201,7,1,0
BRF:16
BRH:0
end_of_record
TN:
SF:/Users/qiushi.chen/Desktop/project/datamap_app/src/assets/vue/pages/home/about.vue
FNF:0
FNH:0
LF:0
LH:0
BRF:0
BRH:0
end_of_record
TN:
SF:/Users/qiushi.chen/Desktop/project/datamap_app/src/assets/vue/pages/myData/add_feeds.vue
FN:65,(anonymous_0)
FN:67,(anonymous_1)
FNF:2
FNH:0
FNDA:0,(anonymous_0)
FNDA:0,(anonymous_1)
DA:31,0
DA:43,0
DA:52,0
DA:53,0
DA:54,0
DA:55,0
DA:56,0
DA:57,0
DA:63,0
DA:66,0
DA:68,0
DA:73,0
LF:12
LH:0
BRDA:52,0,0,0
BRDA:52,0,1,0
BRDA:52,1,0,0
BRDA:52,1,1,0
BRDA:54,2,0,0
BRDA:54,2,1,0
BRF:6
BRH:0
end_of_record
TN:
SF:/Users/qiushi.chen/Desktop/project/datamap_app/src/assets/vue/pages/myData/my-data-detail-cont.vue
FN:110,(anonymous_0)
FN:115,(anonymous_1)
FNF:2
FNH:0
FNDA:0,(anonymous_0)
FNDA:0,(anonymous_1)
DA:62,0
DA:87,0
DA:88,0
DA:89,0
DA:90,0
DA:93,0
DA:97,0
DA:98,0
DA:99,0
DA:100,0
DA:101,0
DA:103,0
DA:106,0
DA:109,0
DA:111,0
DA:112,0
DA:116,0
LF:17
LH:0
BRDA:97,0,0,0
BRDA:97,0,1,0
BRDA:98,1,0,0
BRDA:98,1,1,0
BRDA:111,2,0,0
BRDA:111,2,1,0
BRF:6
BRH:0
end_of_record
TN:
SF:/Users/qiushi.chen/Desktop/project/datamap_app/src/assets/vue/pages/workspace/filters-page.vue
FNF:0
FNH:0
DA:86,0
DA:104,0
DA:105,0
DA:106,0
DA:107,0
DA:110,0
DA:114,0
DA:117,0
DA:118,0
DA:119,0
DA:120,0
DA:121,0
DA:122,0
DA:123,0
DA:124,0
DA:125,0
DA:127,0
DA:128,0
DA:133,0
DA:135,0
DA:136,0
DA:140,0
DA:144,0
DA:145,0
DA:146,0
DA:147,0
DA:148,0
DA:149,0
DA:150,0
DA:151,0
DA:153,0
DA:154,0
DA:155,0
DA:157,0
DA:158,0
DA:159,0
DA:163,0
DA:164,0
DA:165,0
DA:166,0
DA:169,0
DA:170,0
DA:171,0
DA:172,0
DA:173,0
DA:174,0
DA:175,0
DA:178,0
DA:180,0
DA:181,0
DA:182,0
DA:185,0
DA:188,0
DA:189,0
DA:190,0
DA:191,0
DA:192,0
DA:195,0
DA:196,0
DA:197,0
DA:198,0
DA:200,0
DA:202,0
DA:204,0
DA:205,0
DA:206,0
DA:207,0
DA:208,0
DA:210,0
DA:212,0
DA:213,0
DA:216,0
DA:217,0
DA:218,0
DA:219,0
DA:221,0
DA:222,0
DA:224,0
DA:225,0
DA:227,0
DA:228,0
DA:232,0
DA:233,0
DA:234,0
DA:235,0
DA:240,0
DA:241,0
DA:242,0
DA:243,0
DA:244,0
DA:245,0
DA:248,0
DA:249,0
DA:251,0
DA:252,0
DA:253,0
DA:257,0
DA:258,0
LF:98
LH:0
BRDA:104,0,0,0
BRDA:104,0,1,0
BRDA:105,1,0,0
BRDA:105,1,1,0
BRDA:106,2,0,0
BRDA:106,2,1,0
BRDA:107,3,0,0
BRDA:107,3,1,0
BRDA:120,4,0,0
BRDA:120,4,1,0
BRDA:120,5,0,0
BRDA:120,5,1,0
BRDA:120,5,2,0
BRDA:122,6,0,0
BRDA:122,6,1,0
BRDA:124,7,0,0
BRDA:124,7,1,0
BRDA:127,8,0,0
BRDA:127,8,1,0
BRDA:127,9,0,0
BRDA:127,9,1,0
BRDA:135,10,0,0
BRDA:135,10,1,0
BRDA:135,11,0,0
BRDA:135,11,1,0
BRDA:135,11,2,0
BRDA:149,12,0,0
BRDA:149,12,1,0
BRDA:153,13,0,0
BRDA:153,13,1,0
BRDA:157,14,0,0
BRDA:157,14,1,0
BRDA:165,15,0,0
BRDA:165,15,1,0
BRDA:165,16,0,0
BRDA:165,16,1,0
BRDA:172,17,0,0
BRDA:172,17,1,0
BRDA:173,18,0,0
BRDA:173,18,1,0
BRDA:174,19,0,0
BRDA:174,19,1,0
BRDA:174,20,0,0
BRDA:174,20,1,0
BRDA:178,21,0,0
BRDA:178,21,1,0
BRDA:178,22,0,0
BRDA:178,22,1,0
BRDA:180,23,0,0
BRDA:180,23,1,0
BRDA:181,24,0,0
BRDA:181,24,1,0
BRDA:181,25,0,0
BRDA:181,25,1,0
BRDA:185,26,0,0
BRDA:185,26,1,0
BRDA:185,27,0,0
BRDA:185,27,1,0
BRDA:196,28,0,0
BRDA:196,28,1,0
BRDA:196,29,0,0
BRDA:196,29,1,0
BRDA:197,30,0,0
BRDA:197,30,1,0
BRDA:202,31,0,0
BRDA:202,31,1,0
BRDA:202,32,0,0
BRDA:202,32,1,0
BRDA:202,32,2,0
BRDA:205,33,0,0
BRDA:205,33,1,0
BRDA:207,34,0,0
BRDA:207,34,1,0
BRDA:210,35,0,0
BRDA:210,35,1,0
BRDA:212,36,0,0
BRDA:212,36,1,0
BRDA:216,37,0,0
BRDA:216,37,1,0
BRDA:216,38,0,0
BRDA:216,38,1,0
BRDA:216,38,2,0
BRDA:218,39,0,0
BRDA:218,39,1,0
BRDA:218,40,0,0
BRDA:218,40,1,0
BRDA:221,41,0,0
BRDA:221,41,1,0
BRDA:224,42,0,0
BRDA:224,42,1,0
BRDA:227,43,0,0
BRDA:227,43,1,0
BRDA:232,44,0,0
BRDA:232,44,1,0
BRDA:242,45,0,0
BRDA:242,45,1,0
BRDA:243,46,0,0
BRDA:243,46,1,0
BRF:98
BRH:0
end_of_record
TN:
SF:/Users/qiushi.chen/Desktop/project/datamap_app/src/changelog.js
FNF:0
FNH:0
LF:0
LH:0
BRF:0
BRH:0
end_of_record
TN:
SF:/Users/qiushi.chen/Desktop/project/datamap_app/src/routes.js
FNF:0
FNH:0
LF:0
LH:0
BRF:0
BRH:0
end_of_record
